[2025-11-01T18:21:39.172+0000] {taskinstance.py:1956} INFO - Dependencies all met for dep_context=non-requeueable deps ti=<TaskInstance: silver_transformation_pipeline.dbt_run_linktx manual__2025-11-01T18:16:30.204328+00:00 [queued]>
[2025-11-01T18:21:39.183+0000] {taskinstance.py:1956} INFO - Dependencies all met for dep_context=requeueable deps ti=<TaskInstance: silver_transformation_pipeline.dbt_run_linktx manual__2025-11-01T18:16:30.204328+00:00 [queued]>
[2025-11-01T18:21:39.184+0000] {taskinstance.py:2170} INFO - Starting attempt 2 of 2
[2025-11-01T18:21:39.199+0000] {taskinstance.py:2191} INFO - Executing <Task(PythonOperator): dbt_run_linktx> on 2025-11-01 18:16:30.204328+00:00
[2025-11-01T18:21:39.205+0000] {standard_task_runner.py:60} INFO - Started process 6332 to run task
[2025-11-01T18:21:39.208+0000] {standard_task_runner.py:87} INFO - Running: ['***', 'tasks', 'run', 'silver_transformation_pipeline', 'dbt_run_linktx', 'manual__2025-11-01T18:16:30.204328+00:00', '--job-id', '130', '--raw', '--subdir', 'DAGS_FOLDER/silver_dag.py', '--cfg-path', '/tmp/tmphqr48964']
[2025-11-01T18:21:39.212+0000] {standard_task_runner.py:88} INFO - Job 130: Subtask dbt_run_linktx
[2025-11-01T18:21:39.297+0000] {task_command.py:423} INFO - Running <TaskInstance: silver_transformation_pipeline.dbt_run_linktx manual__2025-11-01T18:16:30.204328+00:00 [running]> on host 69cecc54c654
[2025-11-01T18:21:39.401+0000] {taskinstance.py:2480} INFO - Exporting env vars: AIRFLOW_CTX_DAG_OWNER='***' AIRFLOW_CTX_DAG_ID='silver_transformation_pipeline' AIRFLOW_CTX_TASK_ID='dbt_run_linktx' AIRFLOW_CTX_EXECUTION_DATE='2025-11-01T18:16:30.204328+00:00' AIRFLOW_CTX_TRY_NUMBER='2' AIRFLOW_CTX_DAG_RUN_ID='manual__2025-11-01T18:16:30.204328+00:00'
[2025-11-01T18:21:44.842+0000] {taskinstance.py:2698} ERROR - Task failed with exception
Traceback (most recent call last):
  File "/home/airflow/.local/lib/python3.8/site-packages/airflow/models/taskinstance.py", line 433, in _execute_task
    result = execute_callable(context=context, **execute_callable_kwargs)
  File "/home/airflow/.local/lib/python3.8/site-packages/airflow/operators/python.py", line 199, in execute
    return_value = self.execute_callable()
  File "/home/airflow/.local/lib/python3.8/site-packages/airflow/operators/python.py", line 216, in execute_callable
    return self.python_callable(*self.op_args, **self.op_kwargs)
  File "/opt/airflow/dags/silver_dag.py", line 149, in _run_dbt
    raise RuntimeError(f"dbt failed ({proc.returncode}).\nSTDOUT:\n{proc.stdout}\n\nSTDERR:\n{proc.stderr}")
RuntimeError: dbt failed (1).
STDOUT:
18:21:42  Running with dbt=1.5.9
18:21:42  Registered adapter: clickhouse=1.5.2
18:21:42  Unable to do partial parsing because config vars, config profile, or config target have changed
18:21:43  Found 3 models, 0 tests, 0 snapshots, 0 analyses, 349 macros, 0 operations, 0 seed files, 3 sources, 0 exposures, 0 metrics, 0 groups
18:21:43  
18:21:43  Concurrency: 4 threads (target='dev')
18:21:43  
18:21:43  1 of 1 START sql incremental model silver.silver_link_transactions ............. [RUN]
18:21:43  1 of 1 ERROR creating sql incremental model silver.silver_link_transactions .... [ERROR in 0.13s]
18:21:43  
18:21:43  Finished running 1 incremental model in 0 hours 0 minutes and 0.44 seconds (0.44s).
18:21:43  
18:21:43  Completed with 1 error and 0 warnings:
18:21:43  
18:21:43  Database Error in model silver_link_transactions (models/silver/silver_link_transactions.sql)
18:21:43    Code: 215.
18:21:43    DB::Exception: Column '_snapshot_date' is not under aggregate function and not in GROUP BY keys. In query  agg_day. Stack trace:
18:21:43    
18:21:43    0. DB::Exception::Exception(DB::Exception::MessageMasked&&, int, bool) @ 0x00000000137a855f
18:21:43    1. DB::Exception::Exception(String&&, int, String, bool) @ 0x000000000cae7e8e
18:21:43    2. DB::Exception::Exception(PreformattedMessage&&, int) @ 0x000000000cae7940
18:21:43    3. DB::Exception::Exception<String, String>(int, FormatStringHelperImpl<std::type_identity<String>::type, std::type_identity<String>::type>, String&&, String&&) @ 0x000000000cae72ab
18:21:43    4. DB::InDepthQueryTreeVisitor<DB::(anonymous namespace)::ValidateGroupByColumnsVisitor, true>::visit(std::shared_ptr<DB::IQueryTreeNode> const&) @ 0x0000000017872d81
18:21:43    5. DB::InDepthQueryTreeVisitor<DB::(anonymous namespace)::ValidateGroupByColumnsVisitor, true>::visit(std::shared_ptr<DB::IQueryTreeNode> const&) @ 0x0000000017872a7f
18:21:43    6. DB::InDepthQueryTreeVisitor<DB::(anonymous namespace)::ValidateGroupByColumnsVisitor, true>::visit(std::shared_ptr<DB::IQueryTreeNode> const&) @ 0x0000000017872a7f
18:21:43    7. DB::InDepthQueryTreeVisitor<DB::(anonymous namespace)::ValidateGroupByColumnsVisitor, true>::visit(std::shared_ptr<DB::IQueryTreeNode> const&) @ 0x0000000017872a7f
18:21:43    8. DB::validateAggregates(std::shared_ptr<DB::IQueryTreeNode> const&, DB::AggregatesValidationParams) @ 0x00000000178723b4
18:21:43    9. DB::QueryAnalyzer::resolveQuery(std::shared_ptr<DB::IQueryTreeNode> const&, DB::IdentifierResolveScope&) @ 0x000000001782fd13
18:21:43    10. DB::QueryAnalyzer::resolveExpressionNode(std::shared_ptr<DB::IQueryTreeNode>&, DB::IdentifierResolveScope&, bool, bool, bool) @ 0x0000000017837221
18:21:43    11. DB::QueryAnalyzer::resolveQueryJoinTreeNode(std::shared_ptr<DB::IQueryTreeNode>&, DB::IdentifierResolveScope&, DB::QueryExpressionsAliasVisitor&) @ 0x000000001785ae58
18:21:43    12. DB::QueryAnalyzer::resolveQuery(std::shared_ptr<DB::IQueryTreeNode> const&, DB::IdentifierResolveScope&) @ 0x000000001782d021
18:21:43    13. DB::QueryAnalyzer::resolveExpressionNode(std::shared_ptr<DB::IQueryTreeNode>&, DB::IdentifierResolveScope&, bool, bool, bool) @ 0x0000000017837221
18:21:43    14. DB::QueryAnalyzer::resolveQueryJoinTreeNode(std::shared_ptr<DB::IQueryTreeNode>&, DB::IdentifierResolveScope&, DB::QueryExpressionsAliasVisitor&) @ 0x000000001785ae58
18:21:43    15. DB::QueryAnalyzer::resolveQuery(std::shared_ptr<DB::IQueryTreeNode> const&, DB::IdentifierResolveScope&) @ 0x000000001782d021
18:21:43    16. DB::QueryAnalyzer::resolve(std::shared_ptr<DB::IQueryTreeNode>&, std::shared_ptr<DB::IQueryTreeNode> const&, std::shared_ptr<DB::Context const>) @ 0x000000001782a87a
18:21:43    17. DB::QueryAnalysisPass::run(std::shared_ptr<DB::IQueryTreeNode>&, std::shared_ptr<DB::Context const>) @ 0x0000000017829edc
18:21:43    18. DB::QueryTreePassManager::run(std::shared_ptr<DB::IQueryTreeNode>) @ 0x000000001787d276
18:21:43    19. DB::buildQueryTreeAndRunPasses(std::shared_ptr<DB::IAST> const&, DB::SelectQueryOptions const&, std::shared_ptr<DB::Context const> const&, std::shared_ptr<DB::IStorage> const&) (.llvm.8096503222789336007) @ 0x00000000183bd40d
18:21:43    20. DB::InterpreterSelectQueryAnalyzer::InterpreterSelectQueryAnalyzer(std::shared_ptr<DB::IAST> const&, std::shared_ptr<DB::Context const> const&, DB::SelectQueryOptions const&, std::vector<String, std::allocator<String>> const&) @ 0x00000000183bb32a
18:21:43    21. DB::InterpreterInsertQuery::execute() @ 0x000000001833dbe5
18:21:43    22. DB::executeQueryImpl(char const*, char const*, std::shared_ptr<DB::Context>, DB::QueryFlags, DB::QueryProcessingStage::Enum, std::unique_ptr<DB::ReadBuffer, std::default_delete<DB::ReadBuffer>>&, std::shared_ptr<DB::IAST>&, std::shared_ptr<DB::ImplicitTransactionControlExecutor>) @ 0x0000000018780440
18:21:43    23. DB::executeQuery(String const&, std::shared_ptr<DB::Context>, DB::QueryFlags, DB::QueryProcessingStage::Enum) @ 0x00000000187786cb
18:21:43    24. DB::TCPHandler::runImpl() @ 0x0000000019e2d3db
18:21:43    25. DB::TCPHandler::run() @ 0x0000000019e4f119
18:21:43    26. Poco::Net::TCPServerConnection::start() @ 0x000000001ef4ed07
18:21:43    27. Poco::Net::TCPServerDispatcher::run() @ 0x000000001ef4f199
18:21:43    28. Poco::PooledThread::run() @ 0x000000001ef15b87
18:21:43    29. Poco::ThreadImpl::runnableEntry(void*) @ 0x000000001ef13f81
18:21:43    30. ? @ 0x0000000000094ac3
18:21:43    31. ? @ 0x0000000000125a74
18:21:43    compiled Code at target/run/ck_project/models/silver/silver_link_transactions.sql
18:21:43  
18:21:43  Done. PASS=0 WARN=0 ERROR=1 SKIP=0 TOTAL=1


STDERR:

[2025-11-01T18:21:44.861+0000] {taskinstance.py:1138} INFO - Marking task as FAILED. dag_id=silver_transformation_pipeline, task_id=dbt_run_linktx, execution_date=20251101T181630, start_date=20251101T182139, end_date=20251101T182144
[2025-11-01T18:21:44.877+0000] {standard_task_runner.py:107} ERROR - Failed to execute job 130 for task dbt_run_linktx (dbt failed (1).
STDOUT:
18:21:42  Running with dbt=1.5.9
18:21:42  Registered adapter: clickhouse=1.5.2
18:21:42  Unable to do partial parsing because config vars, config profile, or config target have changed
18:21:43  Found 3 models, 0 tests, 0 snapshots, 0 analyses, 349 macros, 0 operations, 0 seed files, 3 sources, 0 exposures, 0 metrics, 0 groups
18:21:43  
18:21:43  Concurrency: 4 threads (target='dev')
18:21:43  
18:21:43  1 of 1 START sql incremental model silver.silver_link_transactions ............. [RUN]
18:21:43  1 of 1 ERROR creating sql incremental model silver.silver_link_transactions .... [ERROR in 0.13s]
18:21:43  
18:21:43  Finished running 1 incremental model in 0 hours 0 minutes and 0.44 seconds (0.44s).
18:21:43  
18:21:43  Completed with 1 error and 0 warnings:
18:21:43  
18:21:43  Database Error in model silver_link_transactions (models/silver/silver_link_transactions.sql)
18:21:43    Code: 215.
18:21:43    DB::Exception: Column '_snapshot_date' is not under aggregate function and not in GROUP BY keys. In query  agg_day. Stack trace:
18:21:43    
18:21:43    0. DB::Exception::Exception(DB::Exception::MessageMasked&&, int, bool) @ 0x00000000137a855f
18:21:43    1. DB::Exception::Exception(String&&, int, String, bool) @ 0x000000000cae7e8e
18:21:43    2. DB::Exception::Exception(PreformattedMessage&&, int) @ 0x000000000cae7940
18:21:43    3. DB::Exception::Exception<String, String>(int, FormatStringHelperImpl<std::type_identity<String>::type, std::type_identity<String>::type>, String&&, String&&) @ 0x000000000cae72ab
18:21:43    4. DB::InDepthQueryTreeVisitor<DB::(anonymous namespace)::ValidateGroupByColumnsVisitor, true>::visit(std::shared_ptr<DB::IQueryTreeNode> const&) @ 0x0000000017872d81
18:21:43    5. DB::InDepthQueryTreeVisitor<DB::(anonymous namespace)::ValidateGroupByColumnsVisitor, true>::visit(std::shared_ptr<DB::IQueryTreeNode> const&) @ 0x0000000017872a7f
18:21:43    6. DB::InDepthQueryTreeVisitor<DB::(anonymous namespace)::ValidateGroupByColumnsVisitor, true>::visit(std::shared_ptr<DB::IQueryTreeNode> const&) @ 0x0000000017872a7f
18:21:43    7. DB::InDepthQueryTreeVisitor<DB::(anonymous namespace)::ValidateGroupByColumnsVisitor, true>::visit(std::shared_ptr<DB::IQueryTreeNode> const&) @ 0x0000000017872a7f
18:21:43    8. DB::validateAggregates(std::shared_ptr<DB::IQueryTreeNode> const&, DB::AggregatesValidationParams) @ 0x00000000178723b4
18:21:43    9. DB::QueryAnalyzer::resolveQuery(std::shared_ptr<DB::IQueryTreeNode> const&, DB::IdentifierResolveScope&) @ 0x000000001782fd13
18:21:43    10. DB::QueryAnalyzer::resolveExpressionNode(std::shared_ptr<DB::IQueryTreeNode>&, DB::IdentifierResolveScope&, bool, bool, bool) @ 0x0000000017837221
18:21:43    11. DB::QueryAnalyzer::resolveQueryJoinTreeNode(std::shared_ptr<DB::IQueryTreeNode>&, DB::IdentifierResolveScope&, DB::QueryExpressionsAliasVisitor&) @ 0x000000001785ae58
18:21:43    12. DB::QueryAnalyzer::resolveQuery(std::shared_ptr<DB::IQueryTreeNode> const&, DB::IdentifierResolveScope&) @ 0x000000001782d021
18:21:43    13. DB::QueryAnalyzer::resolveExpressionNode(std::shared_ptr<DB::IQueryTreeNode>&, DB::IdentifierResolveScope&, bool, bool, bool) @ 0x0000000017837221
18:21:43    14. DB::QueryAnalyzer::resolveQueryJoinTreeNode(std::shared_ptr<DB::IQueryTreeNode>&, DB::IdentifierResolveScope&, DB::QueryExpressionsAliasVisitor&) @ 0x000000001785ae58
18:21:43    15. DB::QueryAnalyzer::resolveQuery(std::shared_ptr<DB::IQueryTreeNode> const&, DB::IdentifierResolveScope&) @ 0x000000001782d021
18:21:43    16. DB::QueryAnalyzer::resolve(std::shared_ptr<DB::IQueryTreeNode>&, std::shared_ptr<DB::IQueryTreeNode> const&, std::shared_ptr<DB::Context const>) @ 0x000000001782a87a
18:21:43    17. DB::QueryAnalysisPass::run(std::shared_ptr<DB::IQueryTreeNode>&, std::shared_ptr<DB::Context const>) @ 0x0000000017829edc
18:21:43    18. DB::QueryTreePassManager::run(std::shared_ptr<DB::IQueryTreeNode>) @ 0x000000001787d276
18:21:43    19. DB::buildQueryTreeAndRunPasses(std::shared_ptr<DB::IAST> const&, DB::SelectQueryOptions const&, std::shared_ptr<DB::Context const> const&, std::shared_ptr<DB::IStorage> const&) (.llvm.8096503222789336007) @ 0x00000000183bd40d
18:21:43    20. DB::InterpreterSelectQueryAnalyzer::InterpreterSelectQueryAnalyzer(std::shared_ptr<DB::IAST> const&, std::shared_ptr<DB::Context const> const&, DB::SelectQueryOptions const&, std::vector<String, std::allocator<String>> const&) @ 0x00000000183bb32a
18:21:43    21. DB::InterpreterInsertQuery::execute() @ 0x000000001833dbe5
18:21:43    22. DB::executeQueryImpl(char const*, char const*, std::shared_ptr<DB::Context>, DB::QueryFlags, DB::QueryProcessingStage::Enum, std::unique_ptr<DB::ReadBuffer, std::default_delete<DB::ReadBuffer>>&, std::shared_ptr<DB::IAST>&, std::shared_ptr<DB::ImplicitTransactionControlExecutor>) @ 0x0000000018780440
18:21:43    23. DB::executeQuery(String const&, std::shared_ptr<DB::Context>, DB::QueryFlags, DB::QueryProcessingStage::Enum) @ 0x00000000187786cb
18:21:43    24. DB::TCPHandler::runImpl() @ 0x0000000019e2d3db
18:21:43    25. DB::TCPHandler::run() @ 0x0000000019e4f119
18:21:43    26. Poco::Net::TCPServerConnection::start() @ 0x000000001ef4ed07
18:21:43    27. Poco::Net::TCPServerDispatcher::run() @ 0x000000001ef4f199
18:21:43    28. Poco::PooledThread::run() @ 0x000000001ef15b87
18:21:43    29. Poco::ThreadImpl::runnableEntry(void*) @ 0x000000001ef13f81
18:21:43    30. ? @ 0x0000000000094ac3
18:21:43    31. ? @ 0x0000000000125a74
18:21:43    compiled Code at target/run/ck_project/models/silver/silver_link_transactions.sql
18:21:43  
18:21:43  Done. PASS=0 WARN=0 ERROR=1 SKIP=0 TOTAL=1


STDERR:
; 6332)
[2025-11-01T18:21:44.901+0000] {local_task_job_runner.py:234} INFO - Task exited with return code 1
[2025-11-01T18:21:44.927+0000] {taskinstance.py:3280} INFO - 0 downstream tasks scheduled from follow-on schedule check
