[2025-11-01T17:33:34.656+0000] {taskinstance.py:1956} INFO - Dependencies all met for dep_context=non-requeueable deps ti=<TaskInstance: silver_transformation_pipeline.dbt_run_linktx manual__2025-11-01T17:33:31.950010+00:00 [queued]>
[2025-11-01T17:33:34.667+0000] {taskinstance.py:1956} INFO - Dependencies all met for dep_context=requeueable deps ti=<TaskInstance: silver_transformation_pipeline.dbt_run_linktx manual__2025-11-01T17:33:31.950010+00:00 [queued]>
[2025-11-01T17:33:34.668+0000] {taskinstance.py:2170} INFO - Starting attempt 1 of 2
[2025-11-01T17:33:34.681+0000] {taskinstance.py:2191} INFO - Executing <Task(PythonOperator): dbt_run_linktx> on 2025-11-01 17:33:31.950010+00:00
[2025-11-01T17:33:34.688+0000] {standard_task_runner.py:60} INFO - Started process 2929 to run task
[2025-11-01T17:33:34.693+0000] {standard_task_runner.py:87} INFO - Running: ['***', 'tasks', 'run', 'silver_transformation_pipeline', 'dbt_run_linktx', 'manual__2025-11-01T17:33:31.950010+00:00', '--job-id', '65', '--raw', '--subdir', 'DAGS_FOLDER/silver_dag.py', '--cfg-path', '/tmp/tmp9e5_k94v']
[2025-11-01T17:33:34.697+0000] {standard_task_runner.py:88} INFO - Job 65: Subtask dbt_run_linktx
[2025-11-01T17:33:34.785+0000] {task_command.py:423} INFO - Running <TaskInstance: silver_transformation_pipeline.dbt_run_linktx manual__2025-11-01T17:33:31.950010+00:00 [running]> on host 69cecc54c654
[2025-11-01T17:33:34.904+0000] {taskinstance.py:2480} INFO - Exporting env vars: AIRFLOW_CTX_DAG_OWNER='***' AIRFLOW_CTX_DAG_ID='silver_transformation_pipeline' AIRFLOW_CTX_TASK_ID='dbt_run_linktx' AIRFLOW_CTX_EXECUTION_DATE='2025-11-01T17:33:31.950010+00:00' AIRFLOW_CTX_TRY_NUMBER='1' AIRFLOW_CTX_DAG_RUN_ID='manual__2025-11-01T17:33:31.950010+00:00'
[2025-11-01T17:33:40.755+0000] {taskinstance.py:2698} ERROR - Task failed with exception
Traceback (most recent call last):
  File "/home/airflow/.local/lib/python3.8/site-packages/airflow/models/taskinstance.py", line 433, in _execute_task
    result = execute_callable(context=context, **execute_callable_kwargs)
  File "/home/airflow/.local/lib/python3.8/site-packages/airflow/operators/python.py", line 199, in execute
    return_value = self.execute_callable()
  File "/home/airflow/.local/lib/python3.8/site-packages/airflow/operators/python.py", line 216, in execute_callable
    return self.python_callable(*self.op_args, **self.op_kwargs)
  File "/opt/airflow/dags/silver_dag.py", line 176, in <lambda>
    python_callable=lambda ds, **_: _run_dbt("silver_link_transactions", ds=ds, full_refresh=False, pass_ds_lagged=True),
  File "/opt/airflow/dags/silver_dag.py", line 149, in _run_dbt
    raise RuntimeError(f"dbt failed ({proc.returncode}).\nSTDOUT:\n{proc.stdout}\n\nSTDERR:\n{proc.stderr}")
RuntimeError: dbt failed (1).
STDOUT:
17:33:37  Running with dbt=1.5.9
17:33:37  Registered adapter: clickhouse=1.5.2
17:33:37  Unable to do partial parsing because config vars, config profile, or config target have changed
17:33:39  Found 3 models, 0 tests, 0 snapshots, 0 analyses, 349 macros, 0 operations, 0 seed files, 3 sources, 0 exposures, 0 metrics, 0 groups
17:33:39  
17:33:39  Concurrency: 4 threads (target='dev')
17:33:39  
17:33:39  1 of 1 START sql incremental model silver.silver_link_transactions ............. [RUN]
17:33:39  1 of 1 ERROR creating sql incremental model silver.silver_link_transactions .... [ERROR in 0.12s]
17:33:39  
17:33:39  Finished running 1 incremental model in 0 hours 0 minutes and 0.44 seconds (0.44s).
17:33:39  
17:33:39  Completed with 1 error and 0 warnings:
17:33:39  
17:33:39  Database Error in model silver_link_transactions (models/silver/silver_link_transactions.sql)
17:33:39    Code: 44.
17:33:39    DB::Exception: Sorting key contains nullable columns, but merge tree setting `allow_nullable_key` is disabled. Stack trace:
17:33:39    
17:33:39    0. DB::Exception::Exception(DB::Exception::MessageMasked&&, int, bool) @ 0x00000000137a855f
17:33:39    1. DB::Exception::Exception(String&&, int, String, bool) @ 0x000000000cae7e8e
17:33:39    2. DB::Exception::Exception(PreformattedMessage&&, int) @ 0x000000000cae7940
17:33:39    3. DB::Exception::Exception<String const&>(int, FormatStringHelperImpl<std::type_identity<String const&>::type>, String const&) @ 0x000000000de374eb
17:33:39    4. DB::checkKeyExpression(DB::ExpressionActions const&, DB::Block const&, String const&, bool) @ 0x00000000195d4ae2
17:33:39    5. DB::MergeTreeData::checkProperties(DB::StorageInMemoryMetadata const&, DB::StorageInMemoryMetadata const&, bool, bool, bool, bool, std::shared_ptr<DB::Context const>) const @ 0x00000000195d36f0
17:33:39    6. DB::MergeTreeData::setProperties(DB::StorageInMemoryMetadata const&, DB::StorageInMemoryMetadata const&, bool, std::shared_ptr<DB::Context const>) @ 0x00000000195c8fb8
17:33:39    7. DB::MergeTreeData::MergeTreeData(DB::StorageID const&, DB::StorageInMemoryMetadata const&, std::shared_ptr<DB::Context>, String const&, DB::MergeTreeData::MergingParams const&, std::unique_ptr<DB::MergeTreeSettings, std::default_delete<DB::MergeTreeSettings>>, bool, DB::LoadingStrictnessLevel, std::function<void (String const&)>) @ 0x00000000195c61d2
17:33:39    8. DB::StorageMergeTree::StorageMergeTree(DB::StorageID const&, String const&, DB::StorageInMemoryMetadata const&, DB::LoadingStrictnessLevel, std::shared_ptr<DB::Context>, String const&, DB::MergeTreeData::MergingParams const&, std::unique_ptr<DB::MergeTreeSettings, std::default_delete<DB::MergeTreeSettings>>) @ 0x0000000019572e26
17:33:39    9. DB::create(DB::StorageFactory::Arguments const&) @ 0x0000000019a60f2d
17:33:39    10. DB::StorageFactory::get(DB::ASTCreateQuery const&, String const&, std::shared_ptr<DB::Context>, std::shared_ptr<DB::Context>, DB::ColumnsDescription const&, DB::ConstraintsDescription const&, DB::LoadingStrictnessLevel, bool) const @ 0x0000000018e40d7b
17:33:39    11. DB::InterpreterCreateQuery::doCreateTable(DB::ASTCreateQuery&, DB::InterpreterCreateQuery::TableProperties const&, std::unique_ptr<DB::DDLGuard, std::default_delete<DB::DDLGuard>>&, DB::LoadingStrictnessLevel) @ 0x00000000182fb075
17:33:39    12. DB::InterpreterCreateQuery::createTable(DB::ASTCreateQuery&) @ 0x00000000182ef810
17:33:39    13. DB::InterpreterCreateQuery::execute() @ 0x0000000018303978
17:33:39    14. DB::executeQueryImpl(char const*, char const*, std::shared_ptr<DB::Context>, DB::QueryFlags, DB::QueryProcessingStage::Enum, std::unique_ptr<DB::ReadBuffer, std::default_delete<DB::ReadBuffer>>&, std::shared_ptr<DB::IAST>&, std::shared_ptr<DB::ImplicitTransactionControlExecutor>) @ 0x0000000018780440
17:33:39    15. DB::executeQuery(String const&, std::shared_ptr<DB::Context>, DB::QueryFlags, DB::QueryProcessingStage::Enum) @ 0x00000000187786cb
17:33:39    16. DB::TCPHandler::runImpl() @ 0x0000000019e2d3db
17:33:39    17. DB::TCPHandler::run() @ 0x0000000019e4f119
17:33:39    18. Poco::Net::TCPServerConnection::start() @ 0x000000001ef4ed07
17:33:39    19. Poco::Net::TCPServerDispatcher::run() @ 0x000000001ef4f199
17:33:39    20. Poco::PooledThread::run() @ 0x000000001ef15b87
17:33:39    21. Poco::ThreadImpl::runnableEntry(void*) @ 0x000000001ef13f81
17:33:39    22. ? @ 0x0000000000094ac3
17:33:39    23. ? @ 0x0000000000125a74
17:33:39  
17:33:39  Done. PASS=0 WARN=0 ERROR=1 SKIP=0 TOTAL=1


STDERR:

[2025-11-01T17:33:40.769+0000] {taskinstance.py:1138} INFO - Marking task as UP_FOR_RETRY. dag_id=silver_transformation_pipeline, task_id=dbt_run_linktx, execution_date=20251101T173331, start_date=20251101T173334, end_date=20251101T173340
[2025-11-01T17:33:40.782+0000] {standard_task_runner.py:107} ERROR - Failed to execute job 65 for task dbt_run_linktx (dbt failed (1).
STDOUT:
17:33:37  Running with dbt=1.5.9
17:33:37  Registered adapter: clickhouse=1.5.2
17:33:37  Unable to do partial parsing because config vars, config profile, or config target have changed
17:33:39  Found 3 models, 0 tests, 0 snapshots, 0 analyses, 349 macros, 0 operations, 0 seed files, 3 sources, 0 exposures, 0 metrics, 0 groups
17:33:39  
17:33:39  Concurrency: 4 threads (target='dev')
17:33:39  
17:33:39  1 of 1 START sql incremental model silver.silver_link_transactions ............. [RUN]
17:33:39  1 of 1 ERROR creating sql incremental model silver.silver_link_transactions .... [ERROR in 0.12s]
17:33:39  
17:33:39  Finished running 1 incremental model in 0 hours 0 minutes and 0.44 seconds (0.44s).
17:33:39  
17:33:39  Completed with 1 error and 0 warnings:
17:33:39  
17:33:39  Database Error in model silver_link_transactions (models/silver/silver_link_transactions.sql)
17:33:39    Code: 44.
17:33:39    DB::Exception: Sorting key contains nullable columns, but merge tree setting `allow_nullable_key` is disabled. Stack trace:
17:33:39    
17:33:39    0. DB::Exception::Exception(DB::Exception::MessageMasked&&, int, bool) @ 0x00000000137a855f
17:33:39    1. DB::Exception::Exception(String&&, int, String, bool) @ 0x000000000cae7e8e
17:33:39    2. DB::Exception::Exception(PreformattedMessage&&, int) @ 0x000000000cae7940
17:33:39    3. DB::Exception::Exception<String const&>(int, FormatStringHelperImpl<std::type_identity<String const&>::type>, String const&) @ 0x000000000de374eb
17:33:39    4. DB::checkKeyExpression(DB::ExpressionActions const&, DB::Block const&, String const&, bool) @ 0x00000000195d4ae2
17:33:39    5. DB::MergeTreeData::checkProperties(DB::StorageInMemoryMetadata const&, DB::StorageInMemoryMetadata const&, bool, bool, bool, bool, std::shared_ptr<DB::Context const>) const @ 0x00000000195d36f0
17:33:39    6. DB::MergeTreeData::setProperties(DB::StorageInMemoryMetadata const&, DB::StorageInMemoryMetadata const&, bool, std::shared_ptr<DB::Context const>) @ 0x00000000195c8fb8
17:33:39    7. DB::MergeTreeData::MergeTreeData(DB::StorageID const&, DB::StorageInMemoryMetadata const&, std::shared_ptr<DB::Context>, String const&, DB::MergeTreeData::MergingParams const&, std::unique_ptr<DB::MergeTreeSettings, std::default_delete<DB::MergeTreeSettings>>, bool, DB::LoadingStrictnessLevel, std::function<void (String const&)>) @ 0x00000000195c61d2
17:33:39    8. DB::StorageMergeTree::StorageMergeTree(DB::StorageID const&, String const&, DB::StorageInMemoryMetadata const&, DB::LoadingStrictnessLevel, std::shared_ptr<DB::Context>, String const&, DB::MergeTreeData::MergingParams const&, std::unique_ptr<DB::MergeTreeSettings, std::default_delete<DB::MergeTreeSettings>>) @ 0x0000000019572e26
17:33:39    9. DB::create(DB::StorageFactory::Arguments const&) @ 0x0000000019a60f2d
17:33:39    10. DB::StorageFactory::get(DB::ASTCreateQuery const&, String const&, std::shared_ptr<DB::Context>, std::shared_ptr<DB::Context>, DB::ColumnsDescription const&, DB::ConstraintsDescription const&, DB::LoadingStrictnessLevel, bool) const @ 0x0000000018e40d7b
17:33:39    11. DB::InterpreterCreateQuery::doCreateTable(DB::ASTCreateQuery&, DB::InterpreterCreateQuery::TableProperties const&, std::unique_ptr<DB::DDLGuard, std::default_delete<DB::DDLGuard>>&, DB::LoadingStrictnessLevel) @ 0x00000000182fb075
17:33:39    12. DB::InterpreterCreateQuery::createTable(DB::ASTCreateQuery&) @ 0x00000000182ef810
17:33:39    13. DB::InterpreterCreateQuery::execute() @ 0x0000000018303978
17:33:39    14. DB::executeQueryImpl(char const*, char const*, std::shared_ptr<DB::Context>, DB::QueryFlags, DB::QueryProcessingStage::Enum, std::unique_ptr<DB::ReadBuffer, std::default_delete<DB::ReadBuffer>>&, std::shared_ptr<DB::IAST>&, std::shared_ptr<DB::ImplicitTransactionControlExecutor>) @ 0x0000000018780440
17:33:39    15. DB::executeQuery(String const&, std::shared_ptr<DB::Context>, DB::QueryFlags, DB::QueryProcessingStage::Enum) @ 0x00000000187786cb
17:33:39    16. DB::TCPHandler::runImpl() @ 0x0000000019e2d3db
17:33:39    17. DB::TCPHandler::run() @ 0x0000000019e4f119
17:33:39    18. Poco::Net::TCPServerConnection::start() @ 0x000000001ef4ed07
17:33:39    19. Poco::Net::TCPServerDispatcher::run() @ 0x000000001ef4f199
17:33:39    20. Poco::PooledThread::run() @ 0x000000001ef15b87
17:33:39    21. Poco::ThreadImpl::runnableEntry(void*) @ 0x000000001ef13f81
17:33:39    22. ? @ 0x0000000000094ac3
17:33:39    23. ? @ 0x0000000000125a74
17:33:39  
17:33:39  Done. PASS=0 WARN=0 ERROR=1 SKIP=0 TOTAL=1


STDERR:
; 2929)
[2025-11-01T17:33:40.823+0000] {local_task_job_runner.py:234} INFO - Task exited with return code 1
[2025-11-01T17:33:40.843+0000] {taskinstance.py:3280} INFO - 0 downstream tasks scheduled from follow-on schedule check
