[2025-10-31T20:54:33.512+0000] {taskinstance.py:1956} INFO - Dependencies all met for dep_context=non-requeueable deps ti=<TaskInstance: ingestion_pipeline.silver_dbt.dbt_run_incrementals manual__2025-10-31T20:49:20.494428+00:00 [queued]>
[2025-10-31T20:54:33.523+0000] {taskinstance.py:1956} INFO - Dependencies all met for dep_context=requeueable deps ti=<TaskInstance: ingestion_pipeline.silver_dbt.dbt_run_incrementals manual__2025-10-31T20:49:20.494428+00:00 [queued]>
[2025-10-31T20:54:33.524+0000] {taskinstance.py:2170} INFO - Starting attempt 2 of 2
[2025-10-31T20:54:33.540+0000] {taskinstance.py:2191} INFO - Executing <Task(BashOperator): silver_dbt.dbt_run_incrementals> on 2025-10-31 20:49:20.494428+00:00
[2025-10-31T20:54:33.545+0000] {standard_task_runner.py:60} INFO - Started process 2330 to run task
[2025-10-31T20:54:33.549+0000] {standard_task_runner.py:87} INFO - Running: ['***', 'tasks', 'run', 'ingestion_pipeline', 'silver_dbt.dbt_run_incrementals', 'manual__2025-10-31T20:49:20.494428+00:00', '--job-id', '73', '--raw', '--subdir', 'DAGS_FOLDER/ingestion_dag.py', '--cfg-path', '/tmp/tmpkz0ggzf8']
[2025-10-31T20:54:33.552+0000] {standard_task_runner.py:88} INFO - Job 73: Subtask silver_dbt.dbt_run_incrementals
[2025-10-31T20:54:33.645+0000] {task_command.py:423} INFO - Running <TaskInstance: ingestion_pipeline.silver_dbt.dbt_run_incrementals manual__2025-10-31T20:49:20.494428+00:00 [running]> on host f865f80ec1e7
[2025-10-31T20:54:33.750+0000] {taskinstance.py:2480} INFO - Exporting env vars: AIRFLOW_CTX_DAG_OWNER='***' AIRFLOW_CTX_DAG_ID='ingestion_pipeline' AIRFLOW_CTX_TASK_ID='silver_dbt.dbt_run_incrementals' AIRFLOW_CTX_EXECUTION_DATE='2025-10-31T20:49:20.494428+00:00' AIRFLOW_CTX_TRY_NUMBER='2' AIRFLOW_CTX_DAG_RUN_ID='manual__2025-10-31T20:49:20.494428+00:00'
[2025-10-31T20:54:33.753+0000] {subprocess.py:63} INFO - Tmp dir root location: /tmp
[2025-10-31T20:54:33.755+0000] {subprocess.py:75} INFO - Running command: ['/usr/bin/bash', '-c', 'docker exec -i dbt bash -lc \'\nset -e\ncd /dbt\nDBT_VARS=$(python - <<"PY"\nfrom datetime import datetime, timedelta\nimport json\nds = "2025-10-31"\nlag_days = 29\nlagged = (datetime.strptime(ds, "%Y-%m-%d") - timedelta(days=lag_days)).strftime("%Y-%m-%d")\nprint(json.dumps({"ds_lagged": lagged}))\nPY\n)\necho "dbt vars => ${DBT_VARS}"\ndbt --no-use-colors run --profiles-dir /dbt --select silver_payments silver_link_transactions --vars "${DBT_VARS}"\n\'']
[2025-10-31T20:54:33.764+0000] {subprocess.py:86} INFO - Output:
[2025-10-31T20:54:33.912+0000] {subprocess.py:93} INFO - dbt vars => {"ds_lagged": "2025-10-02"}
[2025-10-31T20:54:35.463+0000] {subprocess.py:93} INFO - 20:54:35  Running with dbt=1.10.13
[2025-10-31T20:54:35.692+0000] {subprocess.py:93} INFO - 20:54:35  Registered adapter: clickhouse=1.9.5
[2025-10-31T20:54:35.866+0000] {subprocess.py:93} INFO - 20:54:35  Unable to do partial parsing because config vars, config profile, or config target have changed
[2025-10-31T20:54:36.789+0000] {subprocess.py:93} INFO - 20:54:36  Encountered an error:
[2025-10-31T20:54:36.790+0000] {subprocess.py:93} INFO - Compilation Error in model silver_link_transactions (models/silver/silver_link_transactions.sql)
[2025-10-31T20:54:36.791+0000] {subprocess.py:93} INFO -   invalid syntax for function call expression
[2025-10-31T20:54:36.791+0000] {subprocess.py:93} INFO -     line 69
[2025-10-31T20:54:36.792+0000] {subprocess.py:93} INFO -       {{ config(
[2025-10-31T20:54:37.560+0000] {subprocess.py:97} INFO - Command exited with return code 2
[2025-10-31T20:54:37.572+0000] {taskinstance.py:2698} ERROR - Task failed with exception
Traceback (most recent call last):
  File "/home/airflow/.local/lib/python3.8/site-packages/airflow/models/taskinstance.py", line 433, in _execute_task
    result = execute_callable(context=context, **execute_callable_kwargs)
  File "/home/airflow/.local/lib/python3.8/site-packages/airflow/operators/bash.py", line 212, in execute
    raise AirflowException(
airflow.exceptions.AirflowException: Bash command failed. The command returned a non-zero exit code 2.
[2025-10-31T20:54:37.575+0000] {taskinstance.py:1138} INFO - Marking task as FAILED. dag_id=ingestion_pipeline, task_id=silver_dbt.dbt_run_incrementals, execution_date=20251031T204920, start_date=20251031T205433, end_date=20251031T205437
[2025-10-31T20:54:37.588+0000] {standard_task_runner.py:107} ERROR - Failed to execute job 73 for task silver_dbt.dbt_run_incrementals (Bash command failed. The command returned a non-zero exit code 2.; 2330)
[2025-10-31T20:54:37.624+0000] {local_task_job_runner.py:234} INFO - Task exited with return code 1
[2025-10-31T20:54:37.642+0000] {taskinstance.py:3280} INFO - 0 downstream tasks scheduled from follow-on schedule check
