[2025-10-31T23:09:42.478+0000] {taskinstance.py:1956} INFO - Dependencies all met for dep_context=non-requeueable deps ti=<TaskInstance: ingestion_pipeline.silver_dbt.dbt_run_merchants manual__2025-10-31T23:04:32.489848+00:00 [queued]>
[2025-10-31T23:09:42.489+0000] {taskinstance.py:1956} INFO - Dependencies all met for dep_context=requeueable deps ti=<TaskInstance: ingestion_pipeline.silver_dbt.dbt_run_merchants manual__2025-10-31T23:04:32.489848+00:00 [queued]>
[2025-10-31T23:09:42.490+0000] {taskinstance.py:2170} INFO - Starting attempt 2 of 2
[2025-10-31T23:09:42.506+0000] {taskinstance.py:2191} INFO - Executing <Task(BashOperator): silver_dbt.dbt_run_merchants> on 2025-10-31 23:04:32.489848+00:00
[2025-10-31T23:09:42.510+0000] {standard_task_runner.py:60} INFO - Started process 1272 to run task
[2025-10-31T23:09:42.515+0000] {standard_task_runner.py:87} INFO - Running: ['***', 'tasks', 'run', 'ingestion_pipeline', 'silver_dbt.dbt_run_merchants', 'manual__2025-10-31T23:04:32.489848+00:00', '--job-id', '27', '--raw', '--subdir', 'DAGS_FOLDER/ingestion_dag.py', '--cfg-path', '/tmp/tmpyx_5apyv']
[2025-10-31T23:09:42.519+0000] {standard_task_runner.py:88} INFO - Job 27: Subtask silver_dbt.dbt_run_merchants
[2025-10-31T23:09:42.601+0000] {task_command.py:423} INFO - Running <TaskInstance: ingestion_pipeline.silver_dbt.dbt_run_merchants manual__2025-10-31T23:04:32.489848+00:00 [running]> on host ad620feb6bee
[2025-10-31T23:09:42.705+0000] {taskinstance.py:2480} INFO - Exporting env vars: AIRFLOW_CTX_DAG_OWNER='***' AIRFLOW_CTX_DAG_ID='ingestion_pipeline' AIRFLOW_CTX_TASK_ID='silver_dbt.dbt_run_merchants' AIRFLOW_CTX_EXECUTION_DATE='2025-10-31T23:04:32.489848+00:00' AIRFLOW_CTX_TRY_NUMBER='2' AIRFLOW_CTX_DAG_RUN_ID='manual__2025-10-31T23:04:32.489848+00:00'
[2025-10-31T23:09:42.707+0000] {subprocess.py:63} INFO - Tmp dir root location: /tmp
[2025-10-31T23:09:42.709+0000] {subprocess.py:75} INFO - Running command: ['/usr/bin/bash', '-c', "docker exec -i dbt bash -lc 'set -e; cd /dbt && dbt --no-use-colors run --profiles-dir /dbt --select silver_merchants --full-refresh'"]
[2025-10-31T23:09:42.721+0000] {subprocess.py:86} INFO - Output:
[2025-10-31T23:09:44.392+0000] {subprocess.py:93} INFO - 23:09:44  Running with dbt=1.10.13
[2025-10-31T23:09:44.628+0000] {subprocess.py:93} INFO - 23:09:44  Registered adapter: clickhouse=1.9.5
[2025-10-31T23:09:45.347+0000] {subprocess.py:93} INFO - 23:09:45  Found 3 models, 3 sources, 491 macros
[2025-10-31T23:09:45.354+0000] {subprocess.py:93} INFO - 23:09:45
[2025-10-31T23:09:45.357+0000] {subprocess.py:93} INFO - 23:09:45  Concurrency: 4 threads (target='dev')
[2025-10-31T23:09:45.359+0000] {subprocess.py:93} INFO - 23:09:45
[2025-10-31T23:09:45.695+0000] {subprocess.py:93} INFO - 23:09:45  1 of 1 START sql table model `silver`.`silver_merchants` ....................... [RUN]
[2025-10-31T23:09:45.749+0000] {subprocess.py:93} INFO - 23:09:45  1 of 1 ERROR creating sql table model `silver`.`silver_merchants` .............. [ERROR in 0.05s]
[2025-10-31T23:09:45.759+0000] {subprocess.py:93} INFO - 23:09:45
[2025-10-31T23:09:45.760+0000] {subprocess.py:93} INFO - 23:09:45  Finished running 1 table model in 0 hours 0 minutes and 0.40 seconds (0.40s).
[2025-10-31T23:09:45.832+0000] {subprocess.py:93} INFO - 23:09:45
[2025-10-31T23:09:45.834+0000] {subprocess.py:93} INFO - 23:09:45  Completed with 1 error, 0 partial successes, and 0 warnings:
[2025-10-31T23:09:45.836+0000] {subprocess.py:93} INFO - 23:09:45
[2025-10-31T23:09:45.837+0000] {subprocess.py:93} INFO - 23:09:45  Failure in model silver_merchants (models/silver/silver_merchants.sql)
[2025-10-31T23:09:45.839+0000] {subprocess.py:93} INFO - 23:09:45    Compilation Error in model silver_merchants (models/silver/silver_merchants.sql)
[2025-10-31T23:09:45.840+0000] {subprocess.py:93} INFO -   macro 'dbt_macro__clickhouse__create_table_as' takes not more than 2 argument(s)
[2025-10-31T23:09:45.841+0000] {subprocess.py:93} INFO - 
[2025-10-31T23:09:45.841+0000] {subprocess.py:93} INFO -   > in macro create_table_as (macros/relations/table/create.sql)
[2025-10-31T23:09:45.842+0000] {subprocess.py:93} INFO -   > called by macro default__get_create_table_as_sql (macros/relations/table/create.sql)
[2025-10-31T23:09:45.843+0000] {subprocess.py:93} INFO -   > called by macro get_create_table_as_sql (macros/relations/table/create.sql)
[2025-10-31T23:09:45.844+0000] {subprocess.py:93} INFO -   > called by macro statement (macros/etc/statement.sql)
[2025-10-31T23:09:45.845+0000] {subprocess.py:93} INFO -   > called by macro materialization_table_clickhouse (macros/materializations/table.sql)
[2025-10-31T23:09:45.845+0000] {subprocess.py:93} INFO -   > called by model silver_merchants (models/silver/silver_merchants.sql)
[2025-10-31T23:09:45.846+0000] {subprocess.py:93} INFO - 23:09:45
[2025-10-31T23:09:45.847+0000] {subprocess.py:93} INFO - 23:09:45    compiled code at target/compiled/ck_project/models/silver/silver_merchants.sql
[2025-10-31T23:09:45.847+0000] {subprocess.py:93} INFO - 23:09:45
[2025-10-31T23:09:45.848+0000] {subprocess.py:93} INFO - 23:09:45  Done. PASS=0 WARN=0 ERROR=1 SKIP=0 NO-OP=0 TOTAL=1
[2025-10-31T23:09:46.777+0000] {subprocess.py:97} INFO - Command exited with return code 1
[2025-10-31T23:09:46.792+0000] {taskinstance.py:2698} ERROR - Task failed with exception
Traceback (most recent call last):
  File "/home/airflow/.local/lib/python3.8/site-packages/airflow/models/taskinstance.py", line 433, in _execute_task
    result = execute_callable(context=context, **execute_callable_kwargs)
  File "/home/airflow/.local/lib/python3.8/site-packages/airflow/operators/bash.py", line 212, in execute
    raise AirflowException(
airflow.exceptions.AirflowException: Bash command failed. The command returned a non-zero exit code 1.
[2025-10-31T23:09:46.796+0000] {taskinstance.py:1138} INFO - Marking task as FAILED. dag_id=ingestion_pipeline, task_id=silver_dbt.dbt_run_merchants, execution_date=20251031T230432, start_date=20251031T230942, end_date=20251031T230946
[2025-10-31T23:09:46.811+0000] {standard_task_runner.py:107} ERROR - Failed to execute job 27 for task silver_dbt.dbt_run_merchants (Bash command failed. The command returned a non-zero exit code 1.; 1272)
[2025-10-31T23:09:46.829+0000] {local_task_job_runner.py:234} INFO - Task exited with return code 1
[2025-10-31T23:09:46.858+0000] {taskinstance.py:3280} INFO - 0 downstream tasks scheduled from follow-on schedule check
