[2025-11-01T11:46:37.356+0000] {taskinstance.py:1956} INFO - Dependencies all met for dep_context=non-requeueable deps ti=<TaskInstance: silver_transformation_pipeline.dbt_run_merchants scheduled__2025-10-31T00:00:00+00:00 [queued]>
[2025-11-01T11:46:37.369+0000] {taskinstance.py:1956} INFO - Dependencies all met for dep_context=requeueable deps ti=<TaskInstance: silver_transformation_pipeline.dbt_run_merchants scheduled__2025-10-31T00:00:00+00:00 [queued]>
[2025-11-01T11:46:37.371+0000] {taskinstance.py:2170} INFO - Starting attempt 2 of 2
[2025-11-01T11:46:37.388+0000] {taskinstance.py:2191} INFO - Executing <Task(BashOperator): dbt_run_merchants> on 2025-10-31 00:00:00+00:00
[2025-11-01T11:46:37.397+0000] {standard_task_runner.py:60} INFO - Started process 1186 to run task
[2025-11-01T11:46:37.402+0000] {standard_task_runner.py:87} INFO - Running: ['***', 'tasks', 'run', 'silver_transformation_pipeline', 'dbt_run_merchants', 'scheduled__2025-10-31T00:00:00+00:00', '--job-id', '48', '--raw', '--subdir', 'DAGS_FOLDER/silver_dag.py', '--cfg-path', '/tmp/tmp2c6q_x0y']
[2025-11-01T11:46:37.406+0000] {standard_task_runner.py:88} INFO - Job 48: Subtask dbt_run_merchants
[2025-11-01T11:46:37.497+0000] {task_command.py:423} INFO - Running <TaskInstance: silver_transformation_pipeline.dbt_run_merchants scheduled__2025-10-31T00:00:00+00:00 [running]> on host 6ac9b46937d1
[2025-11-01T11:46:37.613+0000] {taskinstance.py:2480} INFO - Exporting env vars: AIRFLOW_CTX_DAG_OWNER='***' AIRFLOW_CTX_DAG_ID='silver_transformation_pipeline' AIRFLOW_CTX_TASK_ID='dbt_run_merchants' AIRFLOW_CTX_EXECUTION_DATE='2025-10-31T00:00:00+00:00' AIRFLOW_CTX_TRY_NUMBER='2' AIRFLOW_CTX_DAG_RUN_ID='scheduled__2025-10-31T00:00:00+00:00'
[2025-11-01T11:46:37.615+0000] {subprocess.py:63} INFO - Tmp dir root location: /tmp
[2025-11-01T11:46:37.619+0000] {subprocess.py:75} INFO - Running command: ['/usr/bin/bash', '-c', "docker exec -i dbt bash -lc 'cd /dbt && dbt --no-use-colors run --profiles-dir /dbt --select silver_merchants --full-refresh'"]
[2025-11-01T11:46:37.634+0000] {subprocess.py:86} INFO - Output:
[2025-11-01T11:46:39.713+0000] {subprocess.py:93} INFO - 11:46:39  Running with dbt=1.10.13
[2025-11-01T11:46:40.246+0000] {subprocess.py:93} INFO - 11:46:40  Registered adapter: clickhouse=1.9.5
[2025-11-01T11:46:40.637+0000] {subprocess.py:93} INFO - 11:46:40  Unable to do partial parsing because config vars, config profile, or config target have changed
[2025-11-01T11:46:43.518+0000] {subprocess.py:93} INFO - 11:46:43  Found 3 models, 3 sources, 491 macros
[2025-11-01T11:46:43.527+0000] {subprocess.py:93} INFO - 11:46:43
[2025-11-01T11:46:43.529+0000] {subprocess.py:93} INFO - 11:46:43  Concurrency: 4 threads (target='dev')
[2025-11-01T11:46:43.531+0000] {subprocess.py:93} INFO - 11:46:43
[2025-11-01T11:46:44.049+0000] {subprocess.py:93} INFO - 11:46:44  1 of 1 START sql table model `silver`.`silver_merchants` ....................... [RUN]
[2025-11-01T11:46:44.181+0000] {subprocess.py:93} INFO - 11:46:44  1 of 1 ERROR creating sql table model `silver`.`silver_merchants` .............. [ERROR in 0.12s]
[2025-11-01T11:46:44.209+0000] {subprocess.py:93} INFO - 11:46:44
[2025-11-01T11:46:44.211+0000] {subprocess.py:93} INFO - 11:46:44  Finished running 1 table model in 0 hours 0 minutes and 0.67 seconds (0.67s).
[2025-11-01T11:46:44.460+0000] {subprocess.py:93} INFO - 11:46:44
[2025-11-01T11:46:44.463+0000] {subprocess.py:93} INFO - 11:46:44  Completed with 1 error, 0 partial successes, and 0 warnings:
[2025-11-01T11:46:44.466+0000] {subprocess.py:93} INFO - 11:46:44
[2025-11-01T11:46:44.469+0000] {subprocess.py:93} INFO - 11:46:44  Failure in model silver_merchants (models/silver/silver_merchants.sql)
[2025-11-01T11:46:44.473+0000] {subprocess.py:93} INFO - 11:46:44    Compilation Error in model silver_merchants (models/silver/silver_merchants.sql)
[2025-11-01T11:46:44.474+0000] {subprocess.py:93} INFO -   macro 'dbt_macro__clickhouse__create_table_as' takes not more than 2 argument(s)
[2025-11-01T11:46:44.476+0000] {subprocess.py:93} INFO - 
[2025-11-01T11:46:44.477+0000] {subprocess.py:93} INFO -   > in macro create_table_as (macros/relations/table/create.sql)
[2025-11-01T11:46:44.478+0000] {subprocess.py:93} INFO -   > called by macro default__get_create_table_as_sql (macros/relations/table/create.sql)
[2025-11-01T11:46:44.479+0000] {subprocess.py:93} INFO -   > called by macro get_create_table_as_sql (macros/relations/table/create.sql)
[2025-11-01T11:46:44.481+0000] {subprocess.py:93} INFO -   > called by macro statement (macros/etc/statement.sql)
[2025-11-01T11:46:44.482+0000] {subprocess.py:93} INFO -   > called by macro materialization_table_clickhouse (macros/materializations/table.sql)
[2025-11-01T11:46:44.483+0000] {subprocess.py:93} INFO -   > called by model silver_merchants (models/silver/silver_merchants.sql)
[2025-11-01T11:46:44.485+0000] {subprocess.py:93} INFO - 11:46:44
[2025-11-01T11:46:44.486+0000] {subprocess.py:93} INFO - 11:46:44    compiled code at target/compiled/ck_project/models/silver/silver_merchants.sql
[2025-11-01T11:46:44.487+0000] {subprocess.py:93} INFO - 11:46:44
[2025-11-01T11:46:44.488+0000] {subprocess.py:93} INFO - 11:46:44  Done. PASS=0 WARN=0 ERROR=1 SKIP=0 NO-OP=0 TOTAL=1
[2025-11-01T11:46:45.648+0000] {subprocess.py:97} INFO - Command exited with return code 1
[2025-11-01T11:46:45.687+0000] {taskinstance.py:2698} ERROR - Task failed with exception
Traceback (most recent call last):
  File "/home/airflow/.local/lib/python3.8/site-packages/airflow/models/taskinstance.py", line 433, in _execute_task
    result = execute_callable(context=context, **execute_callable_kwargs)
  File "/home/airflow/.local/lib/python3.8/site-packages/airflow/operators/bash.py", line 212, in execute
    raise AirflowException(
airflow.exceptions.AirflowException: Bash command failed. The command returned a non-zero exit code 1.
[2025-11-01T11:46:45.699+0000] {taskinstance.py:1138} INFO - Marking task as FAILED. dag_id=silver_transformation_pipeline, task_id=dbt_run_merchants, execution_date=20251031T000000, start_date=20251101T114637, end_date=20251101T114645
[2025-11-01T11:46:45.745+0000] {standard_task_runner.py:107} ERROR - Failed to execute job 48 for task dbt_run_merchants (Bash command failed. The command returned a non-zero exit code 1.; 1186)
[2025-11-01T11:46:45.797+0000] {local_task_job_runner.py:234} INFO - Task exited with return code 1
[2025-11-01T11:46:45.836+0000] {taskinstance.py:3280} INFO - 0 downstream tasks scheduled from follow-on schedule check
