[2025-10-31T19:11:56.182+0000] {taskinstance.py:1956} INFO - Dependencies all met for dep_context=non-requeueable deps ti=<TaskInstance: ingestion_pipeline.silver_dbt.dbt_run_merchants scheduled__2025-10-30T00:00:00+00:00 [queued]>
[2025-10-31T19:11:56.192+0000] {taskinstance.py:1956} INFO - Dependencies all met for dep_context=requeueable deps ti=<TaskInstance: ingestion_pipeline.silver_dbt.dbt_run_merchants scheduled__2025-10-30T00:00:00+00:00 [queued]>
[2025-10-31T19:11:56.193+0000] {taskinstance.py:2170} INFO - Starting attempt 2 of 2
[2025-10-31T19:11:56.207+0000] {taskinstance.py:2191} INFO - Executing <Task(BashOperator): silver_dbt.dbt_run_merchants> on 2025-10-30 00:00:00+00:00
[2025-10-31T19:11:56.212+0000] {standard_task_runner.py:60} INFO - Started process 1245 to run task
[2025-10-31T19:11:56.215+0000] {standard_task_runner.py:87} INFO - Running: ['***', 'tasks', 'run', 'ingestion_pipeline', 'silver_dbt.dbt_run_merchants', 'scheduled__2025-10-30T00:00:00+00:00', '--job-id', '42', '--raw', '--subdir', 'DAGS_FOLDER/ingestion_dag.py', '--cfg-path', '/tmp/tmpk_gmd9lv']
[2025-10-31T19:11:56.218+0000] {standard_task_runner.py:88} INFO - Job 42: Subtask silver_dbt.dbt_run_merchants
[2025-10-31T19:11:56.296+0000] {task_command.py:423} INFO - Running <TaskInstance: ingestion_pipeline.silver_dbt.dbt_run_merchants scheduled__2025-10-30T00:00:00+00:00 [running]> on host fe1087a1e328
[2025-10-31T19:11:56.387+0000] {taskinstance.py:2480} INFO - Exporting env vars: AIRFLOW_CTX_DAG_OWNER='***' AIRFLOW_CTX_DAG_ID='ingestion_pipeline' AIRFLOW_CTX_TASK_ID='silver_dbt.dbt_run_merchants' AIRFLOW_CTX_EXECUTION_DATE='2025-10-30T00:00:00+00:00' AIRFLOW_CTX_TRY_NUMBER='2' AIRFLOW_CTX_DAG_RUN_ID='scheduled__2025-10-30T00:00:00+00:00'
[2025-10-31T19:11:56.389+0000] {subprocess.py:63} INFO - Tmp dir root location: /tmp
[2025-10-31T19:11:56.391+0000] {subprocess.py:75} INFO - Running command: ['/usr/bin/bash', '-c', "docker exec -i dbt bash -lc 'cd /dbt && dbt --no-use-colors run --profiles-dir /dbt --select silver_merchants --full-refresh'"]
[2025-10-31T19:11:56.400+0000] {subprocess.py:86} INFO - Output:
[2025-10-31T19:11:57.872+0000] {subprocess.py:93} INFO - 19:11:57  Running with dbt=1.10.13
[2025-10-31T19:11:58.078+0000] {subprocess.py:93} INFO - 19:11:58  Registered adapter: clickhouse=1.9.5
[2025-10-31T19:11:58.609+0000] {subprocess.py:93} INFO - 19:11:58  Found 3 models, 3 sources, 488 macros
[2025-10-31T19:11:58.612+0000] {subprocess.py:93} INFO - 19:11:58
[2025-10-31T19:11:58.614+0000] {subprocess.py:93} INFO - 19:11:58  Concurrency: 4 threads (target='dev')
[2025-10-31T19:11:58.615+0000] {subprocess.py:93} INFO - 19:11:58
[2025-10-31T19:11:58.843+0000] {subprocess.py:93} INFO - 19:11:58  1 of 1 START sql table model `silver`.`silver_merchants` ....................... [RUN]
[2025-10-31T19:11:58.979+0000] {subprocess.py:93} INFO - 19:11:58  1 of 1 ERROR creating sql table model `silver`.`silver_merchants` .............. [ERROR in 0.13s]
[2025-10-31T19:11:58.990+0000] {subprocess.py:93} INFO - 19:11:58
[2025-10-31T19:11:58.990+0000] {subprocess.py:93} INFO - 19:11:58  Finished running 1 table model in 0 hours 0 minutes and 0.37 seconds (0.37s).
[2025-10-31T19:11:59.040+0000] {subprocess.py:93} INFO - 19:11:59
[2025-10-31T19:11:59.041+0000] {subprocess.py:93} INFO - 19:11:59  Completed with 1 error, 0 partial successes, and 0 warnings:
[2025-10-31T19:11:59.042+0000] {subprocess.py:93} INFO - 19:11:59
[2025-10-31T19:11:59.043+0000] {subprocess.py:93} INFO - 19:11:59  Failure in model silver_merchants (models/silver/silver_merchants.sql)
[2025-10-31T19:11:59.045+0000] {subprocess.py:93} INFO - 19:11:59    Database Error in model silver_merchants (models/silver/silver_merchants.sql)
[2025-10-31T19:11:59.046+0000] {subprocess.py:93} INFO -   Code: 62.
[2025-10-31T19:11:59.047+0000] {subprocess.py:93} INFO -   DB::Exception: Syntax error: failed at position 1187 (end of query) (line 42, col 30): ;
[2025-10-31T19:11:59.048+0000] {subprocess.py:93} INFO -             )
[2025-10-31T19:11:59.048+0000] {subprocess.py:93} INFO - 
[2025-10-31T19:11:59.048+0000] {subprocess.py:93} INFO -           . Expected one of: OR, AND, IS NOT DISTINCT FROM, IS NULL, IS NOT NULL, BETWEEN, NOT BETWEEN, LIKE, ILIKE, NOT LIKE, NOT ILIKE, REGEXP, IN, NOT IN, GLOBAL IN, GLOBAL NOT IN, MOD, DIV, alias, AS, GROUP BY, WITH, HAVING, WINDOW, QUALIFY, ORDER BY, LIMIT, OFFSET, FETCH, SETTINGS, UNION, EXCEPT, INTERSECT. Stack trace:
[2025-10-31T19:11:59.049+0000] {subprocess.py:93} INFO - 
[2025-10-31T19:11:59.049+0000] {subprocess.py:93} INFO -   0. DB::Exception::Exception(DB::Exception::MessageMasked&&, int, bool) @ 0x00000000137a855f
[2025-10-31T19:11:59.050+0000] {subprocess.py:93} INFO -   1. DB::Exception::Exception(String const&, int, String, bool) @ 0x0000000012423c8e
[2025-10-31T19:11:59.050+0000] {subprocess.py:93} INFO -   2. DB::Exception::createDeprecated(String const&, int, bool) @ 0x0000000013a54f9f
[2025-10-31T19:11:59.050+0000] {subprocess.py:93} INFO -   3. DB::parseQueryAndMovePosition(DB::IParser&, char const*&, char const*, String const&, bool, unsigned long, unsigned long, unsigned long) @ 0x000000001aace132
[2025-10-31T19:11:59.051+0000] {subprocess.py:93} INFO -   4. DB::executeQueryImpl(char const*, char const*, std::shared_ptr<DB::Context>, DB::QueryFlags, DB::QueryProcessingStage::Enum, std::unique_ptr<DB::ReadBuffer, std::default_delete<DB::ReadBuffer>>&, std::shared_ptr<DB::IAST>&, std::shared_ptr<DB::ImplicitTransactionControlExecutor>) @ 0x0000000018779652
[2025-10-31T19:11:59.051+0000] {subprocess.py:93} INFO -   5. DB::executeQuery(String const&, std::shared_ptr<DB::Context>, DB::QueryFlags, DB::QueryProcessingStage::Enum) @ 0x00000000187786cb
[2025-10-31T19:11:59.052+0000] {subprocess.py:93} INFO -   6. DB::TCPHandler::runImpl() @ 0x0000000019e2d3db
[2025-10-31T19:11:59.052+0000] {subprocess.py:93} INFO -   7. DB::TCPHandler::run() @ 0x0000000019e4f119
[2025-10-31T19:11:59.052+0000] {subprocess.py:93} INFO -   8. Poco::Net::TCPServerConnection::start() @ 0x000000001ef4ed07
[2025-10-31T19:11:59.053+0000] {subprocess.py:93} INFO -   9. Poco::Net::TCPServerDispatcher::run() @ 0x000000001ef4f199
[2025-10-31T19:11:59.053+0000] {subprocess.py:93} INFO -   10. Poco::PooledThread::run() @ 0x000000001ef15b87
[2025-10-31T19:11:59.054+0000] {subprocess.py:93} INFO -   11. Poco::ThreadImpl::runnableEntry(void*) @ 0x000000001ef13f81
[2025-10-31T19:11:59.054+0000] {subprocess.py:93} INFO -   12. ? @ 0x0000000000094ac3
[2025-10-31T19:11:59.054+0000] {subprocess.py:93} INFO -   13. ? @ 0x0000000000125a74
[2025-10-31T19:11:59.055+0000] {subprocess.py:93} INFO - 19:11:59
[2025-10-31T19:11:59.055+0000] {subprocess.py:93} INFO - 19:11:59    compiled code at target/compiled/ck_project/models/silver/silver_merchants.sql
[2025-10-31T19:11:59.056+0000] {subprocess.py:93} INFO - 19:11:59
[2025-10-31T19:11:59.056+0000] {subprocess.py:93} INFO - 19:11:59  Done. PASS=0 WARN=0 ERROR=1 SKIP=0 NO-OP=0 TOTAL=1
[2025-10-31T19:11:59.900+0000] {subprocess.py:97} INFO - Command exited with return code 1
[2025-10-31T19:11:59.913+0000] {taskinstance.py:2698} ERROR - Task failed with exception
Traceback (most recent call last):
  File "/home/airflow/.local/lib/python3.8/site-packages/airflow/models/taskinstance.py", line 433, in _execute_task
    result = execute_callable(context=context, **execute_callable_kwargs)
  File "/home/airflow/.local/lib/python3.8/site-packages/airflow/operators/bash.py", line 212, in execute
    raise AirflowException(
airflow.exceptions.AirflowException: Bash command failed. The command returned a non-zero exit code 1.
[2025-10-31T19:11:59.917+0000] {taskinstance.py:1138} INFO - Marking task as FAILED. dag_id=ingestion_pipeline, task_id=silver_dbt.dbt_run_merchants, execution_date=20251030T000000, start_date=20251031T191156, end_date=20251031T191159
[2025-10-31T19:11:59.937+0000] {standard_task_runner.py:107} ERROR - Failed to execute job 42 for task silver_dbt.dbt_run_merchants (Bash command failed. The command returned a non-zero exit code 1.; 1245)
[2025-10-31T19:11:59.969+0000] {local_task_job_runner.py:234} INFO - Task exited with return code 1
[2025-10-31T19:11:59.988+0000] {taskinstance.py:3280} INFO - 0 downstream tasks scheduled from follow-on schedule check
[2025-10-31T19:44:49.202+0000] {taskinstance.py:1956} INFO - Dependencies all met for dep_context=non-requeueable deps ti=<TaskInstance: ingestion_pipeline.silver_dbt.dbt_run_merchants scheduled__2025-10-30T00:00:00+00:00 [queued]>
[2025-10-31T19:44:49.214+0000] {taskinstance.py:1956} INFO - Dependencies all met for dep_context=requeueable deps ti=<TaskInstance: ingestion_pipeline.silver_dbt.dbt_run_merchants scheduled__2025-10-30T00:00:00+00:00 [queued]>
[2025-10-31T19:44:49.215+0000] {taskinstance.py:2170} INFO - Starting attempt 2 of 2
[2025-10-31T19:44:49.232+0000] {taskinstance.py:2191} INFO - Executing <Task(BashOperator): silver_dbt.dbt_run_merchants> on 2025-10-30 00:00:00+00:00
[2025-10-31T19:44:49.238+0000] {standard_task_runner.py:60} INFO - Started process 1231 to run task
[2025-10-31T19:44:49.243+0000] {standard_task_runner.py:87} INFO - Running: ['***', 'tasks', 'run', 'ingestion_pipeline', 'silver_dbt.dbt_run_merchants', 'scheduled__2025-10-30T00:00:00+00:00', '--job-id', '20', '--raw', '--subdir', 'DAGS_FOLDER/ingestion_dag.py', '--cfg-path', '/tmp/tmpys6s4pfy']
[2025-10-31T19:44:49.246+0000] {standard_task_runner.py:88} INFO - Job 20: Subtask silver_dbt.dbt_run_merchants
[2025-10-31T19:44:49.351+0000] {task_command.py:423} INFO - Running <TaskInstance: ingestion_pipeline.silver_dbt.dbt_run_merchants scheduled__2025-10-30T00:00:00+00:00 [running]> on host 3ff65ab69399
[2025-10-31T19:44:49.490+0000] {taskinstance.py:2480} INFO - Exporting env vars: AIRFLOW_CTX_DAG_OWNER='***' AIRFLOW_CTX_DAG_ID='ingestion_pipeline' AIRFLOW_CTX_TASK_ID='silver_dbt.dbt_run_merchants' AIRFLOW_CTX_EXECUTION_DATE='2025-10-30T00:00:00+00:00' AIRFLOW_CTX_TRY_NUMBER='2' AIRFLOW_CTX_DAG_RUN_ID='scheduled__2025-10-30T00:00:00+00:00'
[2025-10-31T19:44:49.504+0000] {subprocess.py:63} INFO - Tmp dir root location: /tmp
[2025-10-31T19:44:49.508+0000] {subprocess.py:75} INFO - Running command: ['/usr/bin/bash', '-c', "docker exec -i dbt bash -lc 'cd /dbt && dbt --no-use-colors run --profiles-dir /dbt --select silver_merchants --full-refresh'"]
[2025-10-31T19:44:49.539+0000] {subprocess.py:86} INFO - Output:
[2025-10-31T19:44:52.112+0000] {subprocess.py:93} INFO - 19:44:52  Running with dbt=1.10.13
[2025-10-31T19:44:52.386+0000] {subprocess.py:93} INFO - 19:44:52  Registered adapter: clickhouse=1.9.5
[2025-10-31T19:44:52.800+0000] {subprocess.py:93} INFO - 19:44:52  Found 3 models, 3 sources, 488 macros
[2025-10-31T19:44:52.805+0000] {subprocess.py:93} INFO - 19:44:52
[2025-10-31T19:44:52.808+0000] {subprocess.py:93} INFO - 19:44:52  Concurrency: 4 threads (target='dev')
[2025-10-31T19:44:52.809+0000] {subprocess.py:93} INFO - 19:44:52
[2025-10-31T19:44:53.100+0000] {subprocess.py:93} INFO - 19:44:53  1 of 1 START sql table model `silver`.`silver_merchants` ....................... [RUN]
[2025-10-31T19:44:53.261+0000] {subprocess.py:93} INFO - 19:44:53  1 of 1 ERROR creating sql table model `silver`.`silver_merchants` .............. [ERROR in 0.16s]
[2025-10-31T19:44:53.271+0000] {subprocess.py:93} INFO - 19:44:53
[2025-10-31T19:44:53.272+0000] {subprocess.py:93} INFO - 19:44:53  Finished running 1 table model in 0 hours 0 minutes and 0.46 seconds (0.46s).
[2025-10-31T19:44:53.342+0000] {subprocess.py:93} INFO - 19:44:53
[2025-10-31T19:44:53.343+0000] {subprocess.py:93} INFO - 19:44:53  Completed with 1 error, 0 partial successes, and 0 warnings:
[2025-10-31T19:44:53.344+0000] {subprocess.py:93} INFO - 19:44:53
[2025-10-31T19:44:53.345+0000] {subprocess.py:93} INFO - 19:44:53  Failure in model silver_merchants (models/silver/silver_merchants.sql)
[2025-10-31T19:44:53.348+0000] {subprocess.py:93} INFO - 19:44:53    Database Error in model silver_merchants (models/silver/silver_merchants.sql)
[2025-10-31T19:44:53.349+0000] {subprocess.py:93} INFO -   Code: 62.
[2025-10-31T19:44:53.350+0000] {subprocess.py:93} INFO -   DB::Exception: Syntax error: failed at position 1187 (end of query) (line 42, col 30): ;
[2025-10-31T19:44:53.350+0000] {subprocess.py:93} INFO -             )
[2025-10-31T19:44:53.351+0000] {subprocess.py:93} INFO - 
[2025-10-31T19:44:53.351+0000] {subprocess.py:93} INFO -           . Expected one of: OR, AND, IS NOT DISTINCT FROM, IS NULL, IS NOT NULL, BETWEEN, NOT BETWEEN, LIKE, ILIKE, NOT LIKE, NOT ILIKE, REGEXP, IN, NOT IN, GLOBAL IN, GLOBAL NOT IN, MOD, DIV, alias, AS, GROUP BY, WITH, HAVING, WINDOW, QUALIFY, ORDER BY, LIMIT, OFFSET, FETCH, SETTINGS, UNION, EXCEPT, INTERSECT. Stack trace:
[2025-10-31T19:44:53.352+0000] {subprocess.py:93} INFO - 
[2025-10-31T19:44:53.353+0000] {subprocess.py:93} INFO -   0. DB::Exception::Exception(DB::Exception::MessageMasked&&, int, bool) @ 0x00000000137a855f
[2025-10-31T19:44:53.353+0000] {subprocess.py:93} INFO -   1. DB::Exception::Exception(String const&, int, String, bool) @ 0x0000000012423c8e
[2025-10-31T19:44:53.354+0000] {subprocess.py:93} INFO -   2. DB::Exception::createDeprecated(String const&, int, bool) @ 0x0000000013a54f9f
[2025-10-31T19:44:53.354+0000] {subprocess.py:93} INFO -   3. DB::parseQueryAndMovePosition(DB::IParser&, char const*&, char const*, String const&, bool, unsigned long, unsigned long, unsigned long) @ 0x000000001aace132
[2025-10-31T19:44:53.355+0000] {subprocess.py:93} INFO -   4. DB::executeQueryImpl(char const*, char const*, std::shared_ptr<DB::Context>, DB::QueryFlags, DB::QueryProcessingStage::Enum, std::unique_ptr<DB::ReadBuffer, std::default_delete<DB::ReadBuffer>>&, std::shared_ptr<DB::IAST>&, std::shared_ptr<DB::ImplicitTransactionControlExecutor>) @ 0x0000000018779652
[2025-10-31T19:44:53.355+0000] {subprocess.py:93} INFO -   5. DB::executeQuery(String const&, std::shared_ptr<DB::Context>, DB::QueryFlags, DB::QueryProcessingStage::Enum) @ 0x00000000187786cb
[2025-10-31T19:44:53.356+0000] {subprocess.py:93} INFO -   6. DB::TCPHandler::runImpl() @ 0x0000000019e2d3db
[2025-10-31T19:44:53.357+0000] {subprocess.py:93} INFO -   7. DB::TCPHandler::run() @ 0x0000000019e4f119
[2025-10-31T19:44:53.358+0000] {subprocess.py:93} INFO -   8. Poco::Net::TCPServerConnection::start() @ 0x000000001ef4ed07
[2025-10-31T19:44:53.359+0000] {subprocess.py:93} INFO -   9. Poco::Net::TCPServerDispatcher::run() @ 0x000000001ef4f199
[2025-10-31T19:44:53.359+0000] {subprocess.py:93} INFO -   10. Poco::PooledThread::run() @ 0x000000001ef15b87
[2025-10-31T19:44:53.360+0000] {subprocess.py:93} INFO -   11. Poco::ThreadImpl::runnableEntry(void*) @ 0x000000001ef13f81
[2025-10-31T19:44:53.361+0000] {subprocess.py:93} INFO -   12. ? @ 0x0000000000094ac3
[2025-10-31T19:44:53.361+0000] {subprocess.py:93} INFO -   13. ? @ 0x0000000000125a74
[2025-10-31T19:44:53.362+0000] {subprocess.py:93} INFO - 19:44:53
[2025-10-31T19:44:53.362+0000] {subprocess.py:93} INFO - 19:44:53    compiled code at target/compiled/ck_project/models/silver/silver_merchants.sql
[2025-10-31T19:44:53.362+0000] {subprocess.py:93} INFO - 19:44:53
[2025-10-31T19:44:53.363+0000] {subprocess.py:93} INFO - 19:44:53  Done. PASS=0 WARN=0 ERROR=1 SKIP=0 NO-OP=0 TOTAL=1
[2025-10-31T19:44:54.475+0000] {subprocess.py:97} INFO - Command exited with return code 1
[2025-10-31T19:44:54.491+0000] {taskinstance.py:2698} ERROR - Task failed with exception
Traceback (most recent call last):
  File "/home/airflow/.local/lib/python3.8/site-packages/airflow/models/taskinstance.py", line 433, in _execute_task
    result = execute_callable(context=context, **execute_callable_kwargs)
  File "/home/airflow/.local/lib/python3.8/site-packages/airflow/operators/bash.py", line 212, in execute
    raise AirflowException(
airflow.exceptions.AirflowException: Bash command failed. The command returned a non-zero exit code 1.
[2025-10-31T19:44:54.495+0000] {taskinstance.py:1138} INFO - Marking task as FAILED. dag_id=ingestion_pipeline, task_id=silver_dbt.dbt_run_merchants, execution_date=20251030T000000, start_date=20251031T194449, end_date=20251031T194454
[2025-10-31T19:44:54.512+0000] {standard_task_runner.py:107} ERROR - Failed to execute job 20 for task silver_dbt.dbt_run_merchants (Bash command failed. The command returned a non-zero exit code 1.; 1231)
[2025-10-31T19:44:54.558+0000] {local_task_job_runner.py:234} INFO - Task exited with return code 1
[2025-10-31T19:44:54.578+0000] {taskinstance.py:3280} INFO - 0 downstream tasks scheduled from follow-on schedule check
[2025-10-31T20:11:35.063+0000] {taskinstance.py:1956} INFO - Dependencies all met for dep_context=non-requeueable deps ti=<TaskInstance: ingestion_pipeline.silver_dbt.dbt_run_merchants scheduled__2025-10-30T00:00:00+00:00 [queued]>
[2025-10-31T20:11:35.079+0000] {taskinstance.py:1956} INFO - Dependencies all met for dep_context=requeueable deps ti=<TaskInstance: ingestion_pipeline.silver_dbt.dbt_run_merchants scheduled__2025-10-30T00:00:00+00:00 [queued]>
[2025-10-31T20:11:35.080+0000] {taskinstance.py:2170} INFO - Starting attempt 2 of 2
[2025-10-31T20:11:35.097+0000] {taskinstance.py:2191} INFO - Executing <Task(BashOperator): silver_dbt.dbt_run_merchants> on 2025-10-30 00:00:00+00:00
[2025-10-31T20:11:35.105+0000] {standard_task_runner.py:60} INFO - Started process 945 to run task
[2025-10-31T20:11:35.121+0000] {standard_task_runner.py:87} INFO - Running: ['***', 'tasks', 'run', 'ingestion_pipeline', 'silver_dbt.dbt_run_merchants', 'scheduled__2025-10-30T00:00:00+00:00', '--job-id', '33', '--raw', '--subdir', 'DAGS_FOLDER/ingestion_dag.py', '--cfg-path', '/tmp/tmpoewm3qfl']
[2025-10-31T20:11:35.124+0000] {standard_task_runner.py:88} INFO - Job 33: Subtask silver_dbt.dbt_run_merchants
[2025-10-31T20:11:35.243+0000] {task_command.py:423} INFO - Running <TaskInstance: ingestion_pipeline.silver_dbt.dbt_run_merchants scheduled__2025-10-30T00:00:00+00:00 [running]> on host c2d20b09a38d
[2025-10-31T20:11:35.379+0000] {taskinstance.py:2480} INFO - Exporting env vars: AIRFLOW_CTX_DAG_OWNER='***' AIRFLOW_CTX_DAG_ID='ingestion_pipeline' AIRFLOW_CTX_TASK_ID='silver_dbt.dbt_run_merchants' AIRFLOW_CTX_EXECUTION_DATE='2025-10-30T00:00:00+00:00' AIRFLOW_CTX_TRY_NUMBER='2' AIRFLOW_CTX_DAG_RUN_ID='scheduled__2025-10-30T00:00:00+00:00'
[2025-10-31T20:11:35.382+0000] {subprocess.py:63} INFO - Tmp dir root location: /tmp
[2025-10-31T20:11:35.383+0000] {subprocess.py:75} INFO - Running command: ['/usr/bin/bash', '-c', "docker exec -i dbt bash -lc 'cd /dbt && dbt --no-use-colors run --profiles-dir /dbt --select silver_merchants --full-refresh'"]
[2025-10-31T20:11:35.403+0000] {subprocess.py:86} INFO - Output:
[2025-10-31T20:11:37.506+0000] {subprocess.py:93} INFO - 20:11:37  Running with dbt=1.10.13
[2025-10-31T20:11:37.847+0000] {subprocess.py:93} INFO - 20:11:37  Registered adapter: clickhouse=1.9.5
[2025-10-31T20:11:38.332+0000] {subprocess.py:93} INFO - 20:11:38  Found 3 models, 3 sources, 488 macros
[2025-10-31T20:11:38.336+0000] {subprocess.py:93} INFO - 20:11:38
[2025-10-31T20:11:38.338+0000] {subprocess.py:93} INFO - 20:11:38  Concurrency: 4 threads (target='dev')
[2025-10-31T20:11:38.340+0000] {subprocess.py:93} INFO - 20:11:38
[2025-10-31T20:11:38.594+0000] {subprocess.py:93} INFO - 20:11:38  1 of 1 START sql table model `silver`.`silver_merchants` ....................... [RUN]
[2025-10-31T20:11:38.762+0000] {subprocess.py:93} INFO - 20:11:38  1 of 1 ERROR creating sql table model `silver`.`silver_merchants` .............. [ERROR in 0.16s]
[2025-10-31T20:11:38.775+0000] {subprocess.py:93} INFO - 20:11:38
[2025-10-31T20:11:38.776+0000] {subprocess.py:93} INFO - 20:11:38  Finished running 1 table model in 0 hours 0 minutes and 0.43 seconds (0.43s).
[2025-10-31T20:11:38.848+0000] {subprocess.py:93} INFO - 20:11:38
[2025-10-31T20:11:38.849+0000] {subprocess.py:93} INFO - 20:11:38  Completed with 1 error, 0 partial successes, and 0 warnings:
[2025-10-31T20:11:38.851+0000] {subprocess.py:93} INFO - 20:11:38
[2025-10-31T20:11:38.853+0000] {subprocess.py:93} INFO - 20:11:38  Failure in model silver_merchants (models/silver/silver_merchants.sql)
[2025-10-31T20:11:38.854+0000] {subprocess.py:93} INFO - 20:11:38    Database Error in model silver_merchants (models/silver/silver_merchants.sql)
[2025-10-31T20:11:38.855+0000] {subprocess.py:93} INFO -   Code: 62.
[2025-10-31T20:11:38.856+0000] {subprocess.py:93} INFO -   DB::Exception: Syntax error: failed at position 1187 (end of query) (line 42, col 30): ;
[2025-10-31T20:11:38.856+0000] {subprocess.py:93} INFO -             )
[2025-10-31T20:11:38.857+0000] {subprocess.py:93} INFO - 
[2025-10-31T20:11:38.858+0000] {subprocess.py:93} INFO -           . Expected one of: OR, AND, IS NOT DISTINCT FROM, IS NULL, IS NOT NULL, BETWEEN, NOT BETWEEN, LIKE, ILIKE, NOT LIKE, NOT ILIKE, REGEXP, IN, NOT IN, GLOBAL IN, GLOBAL NOT IN, MOD, DIV, alias, AS, GROUP BY, WITH, HAVING, WINDOW, QUALIFY, ORDER BY, LIMIT, OFFSET, FETCH, SETTINGS, UNION, EXCEPT, INTERSECT. Stack trace:
[2025-10-31T20:11:38.859+0000] {subprocess.py:93} INFO - 
[2025-10-31T20:11:38.860+0000] {subprocess.py:93} INFO -   0. DB::Exception::Exception(DB::Exception::MessageMasked&&, int, bool) @ 0x00000000137a855f
[2025-10-31T20:11:38.861+0000] {subprocess.py:93} INFO -   1. DB::Exception::Exception(String const&, int, String, bool) @ 0x0000000012423c8e
[2025-10-31T20:11:38.861+0000] {subprocess.py:93} INFO -   2. DB::Exception::createDeprecated(String const&, int, bool) @ 0x0000000013a54f9f
[2025-10-31T20:11:38.862+0000] {subprocess.py:93} INFO -   3. DB::parseQueryAndMovePosition(DB::IParser&, char const*&, char const*, String const&, bool, unsigned long, unsigned long, unsigned long) @ 0x000000001aace132
[2025-10-31T20:11:38.862+0000] {subprocess.py:93} INFO -   4. DB::executeQueryImpl(char const*, char const*, std::shared_ptr<DB::Context>, DB::QueryFlags, DB::QueryProcessingStage::Enum, std::unique_ptr<DB::ReadBuffer, std::default_delete<DB::ReadBuffer>>&, std::shared_ptr<DB::IAST>&, std::shared_ptr<DB::ImplicitTransactionControlExecutor>) @ 0x0000000018779652
[2025-10-31T20:11:38.863+0000] {subprocess.py:93} INFO -   5. DB::executeQuery(String const&, std::shared_ptr<DB::Context>, DB::QueryFlags, DB::QueryProcessingStage::Enum) @ 0x00000000187786cb
[2025-10-31T20:11:38.863+0000] {subprocess.py:93} INFO -   6. DB::TCPHandler::runImpl() @ 0x0000000019e2d3db
[2025-10-31T20:11:38.864+0000] {subprocess.py:93} INFO -   7. DB::TCPHandler::run() @ 0x0000000019e4f119
[2025-10-31T20:11:38.864+0000] {subprocess.py:93} INFO -   8. Poco::Net::TCPServerConnection::start() @ 0x000000001ef4ed07
[2025-10-31T20:11:38.865+0000] {subprocess.py:93} INFO -   9. Poco::Net::TCPServerDispatcher::run() @ 0x000000001ef4f199
[2025-10-31T20:11:38.865+0000] {subprocess.py:93} INFO -   10. Poco::PooledThread::run() @ 0x000000001ef15b87
[2025-10-31T20:11:38.866+0000] {subprocess.py:93} INFO -   11. Poco::ThreadImpl::runnableEntry(void*) @ 0x000000001ef13f81
[2025-10-31T20:11:38.867+0000] {subprocess.py:93} INFO -   12. ? @ 0x0000000000094ac3
[2025-10-31T20:11:38.868+0000] {subprocess.py:93} INFO -   13. ? @ 0x0000000000125a74
[2025-10-31T20:11:38.869+0000] {subprocess.py:93} INFO - 20:11:38
[2025-10-31T20:11:38.870+0000] {subprocess.py:93} INFO - 20:11:38    compiled code at target/compiled/ck_project/models/silver/silver_merchants.sql
[2025-10-31T20:11:38.871+0000] {subprocess.py:93} INFO - 20:11:38
[2025-10-31T20:11:38.871+0000] {subprocess.py:93} INFO - 20:11:38  Done. PASS=0 WARN=0 ERROR=1 SKIP=0 NO-OP=0 TOTAL=1
[2025-10-31T20:11:39.840+0000] {subprocess.py:97} INFO - Command exited with return code 1
[2025-10-31T20:11:39.852+0000] {taskinstance.py:2698} ERROR - Task failed with exception
Traceback (most recent call last):
  File "/home/airflow/.local/lib/python3.8/site-packages/airflow/models/taskinstance.py", line 433, in _execute_task
    result = execute_callable(context=context, **execute_callable_kwargs)
  File "/home/airflow/.local/lib/python3.8/site-packages/airflow/operators/bash.py", line 212, in execute
    raise AirflowException(
airflow.exceptions.AirflowException: Bash command failed. The command returned a non-zero exit code 1.
[2025-10-31T20:11:39.856+0000] {taskinstance.py:1138} INFO - Marking task as FAILED. dag_id=ingestion_pipeline, task_id=silver_dbt.dbt_run_merchants, execution_date=20251030T000000, start_date=20251031T201135, end_date=20251031T201139
[2025-10-31T20:11:39.876+0000] {standard_task_runner.py:107} ERROR - Failed to execute job 33 for task silver_dbt.dbt_run_merchants (Bash command failed. The command returned a non-zero exit code 1.; 945)
[2025-10-31T20:11:39.909+0000] {local_task_job_runner.py:234} INFO - Task exited with return code 1
[2025-10-31T20:11:39.933+0000] {taskinstance.py:3280} INFO - 0 downstream tasks scheduled from follow-on schedule check
[2025-10-31T20:15:20.231+0000] {taskinstance.py:1956} INFO - Dependencies all met for dep_context=non-requeueable deps ti=<TaskInstance: ingestion_pipeline.silver_dbt.dbt_run_merchants scheduled__2025-10-30T00:00:00+00:00 [queued]>
[2025-10-31T20:15:20.241+0000] {taskinstance.py:1956} INFO - Dependencies all met for dep_context=requeueable deps ti=<TaskInstance: ingestion_pipeline.silver_dbt.dbt_run_merchants scheduled__2025-10-30T00:00:00+00:00 [queued]>
[2025-10-31T20:15:20.241+0000] {taskinstance.py:2170} INFO - Starting attempt 2 of 3
[2025-10-31T20:15:20.258+0000] {taskinstance.py:2191} INFO - Executing <Task(BashOperator): silver_dbt.dbt_run_merchants> on 2025-10-30 00:00:00+00:00
[2025-10-31T20:15:20.263+0000] {standard_task_runner.py:60} INFO - Started process 481 to run task
[2025-10-31T20:15:20.268+0000] {standard_task_runner.py:87} INFO - Running: ['***', 'tasks', 'run', 'ingestion_pipeline', 'silver_dbt.dbt_run_merchants', 'scheduled__2025-10-30T00:00:00+00:00', '--job-id', '18', '--raw', '--subdir', 'DAGS_FOLDER/ingestion_dag.py', '--cfg-path', '/tmp/tmp5wqis6tv']
[2025-10-31T20:15:20.270+0000] {standard_task_runner.py:88} INFO - Job 18: Subtask silver_dbt.dbt_run_merchants
[2025-10-31T20:15:20.361+0000] {task_command.py:423} INFO - Running <TaskInstance: ingestion_pipeline.silver_dbt.dbt_run_merchants scheduled__2025-10-30T00:00:00+00:00 [running]> on host ee75c7088485
[2025-10-31T20:15:20.454+0000] {taskinstance.py:2480} INFO - Exporting env vars: AIRFLOW_CTX_DAG_OWNER='***' AIRFLOW_CTX_DAG_ID='ingestion_pipeline' AIRFLOW_CTX_TASK_ID='silver_dbt.dbt_run_merchants' AIRFLOW_CTX_EXECUTION_DATE='2025-10-30T00:00:00+00:00' AIRFLOW_CTX_TRY_NUMBER='2' AIRFLOW_CTX_DAG_RUN_ID='scheduled__2025-10-30T00:00:00+00:00'
[2025-10-31T20:15:20.455+0000] {subprocess.py:63} INFO - Tmp dir root location: /tmp
[2025-10-31T20:15:20.457+0000] {subprocess.py:75} INFO - Running command: ['/usr/bin/bash', '-c', "docker exec -i dbt bash -lc 'cd /dbt && dbt --no-use-colors run --profiles-dir /dbt --select silver_merchants --full-refresh'"]
[2025-10-31T20:15:20.469+0000] {subprocess.py:86} INFO - Output:
[2025-10-31T20:15:22.098+0000] {subprocess.py:93} INFO - 20:15:22  Running with dbt=1.10.13
[2025-10-31T20:15:22.335+0000] {subprocess.py:93} INFO - 20:15:22  Registered adapter: clickhouse=1.9.5
[2025-10-31T20:15:22.520+0000] {subprocess.py:93} INFO - 20:15:22  Unable to do partial parsing because config vars, config profile, or config target have changed
[2025-10-31T20:15:24.214+0000] {subprocess.py:93} INFO - 20:15:24  Found 3 models, 3 sources, 488 macros
[2025-10-31T20:15:24.219+0000] {subprocess.py:93} INFO - 20:15:24
[2025-10-31T20:15:24.220+0000] {subprocess.py:93} INFO - 20:15:24  Concurrency: 4 threads (target='dev')
[2025-10-31T20:15:24.222+0000] {subprocess.py:93} INFO - 20:15:24
[2025-10-31T20:15:24.488+0000] {subprocess.py:93} INFO - 20:15:24  1 of 1 START sql table model `silver`.`silver_merchants` ....................... [RUN]
[2025-10-31T20:15:24.576+0000] {subprocess.py:93} INFO - 20:15:24  1 of 1 ERROR creating sql table model `silver`.`silver_merchants` .............. [ERROR in 0.08s]
[2025-10-31T20:15:24.587+0000] {subprocess.py:93} INFO - 20:15:24
[2025-10-31T20:15:24.589+0000] {subprocess.py:93} INFO - 20:15:24  Finished running 1 table model in 0 hours 0 minutes and 0.36 seconds (0.36s).
[2025-10-31T20:15:24.722+0000] {subprocess.py:93} INFO - 20:15:24
[2025-10-31T20:15:24.724+0000] {subprocess.py:93} INFO - 20:15:24  Completed with 1 error, 0 partial successes, and 0 warnings:
[2025-10-31T20:15:24.727+0000] {subprocess.py:93} INFO - 20:15:24
[2025-10-31T20:15:24.729+0000] {subprocess.py:93} INFO - 20:15:24  Failure in model silver_merchants (models/silver/silver_merchants.sql)
[2025-10-31T20:15:24.732+0000] {subprocess.py:93} INFO - 20:15:24    Database Error in model silver_merchants (models/silver/silver_merchants.sql)
[2025-10-31T20:15:24.733+0000] {subprocess.py:93} INFO -   Code: 62.
[2025-10-31T20:15:24.734+0000] {subprocess.py:93} INFO -   DB::Exception: Syntax error: failed at position 1187 (end of query) (line 42, col 30): ;
[2025-10-31T20:15:24.734+0000] {subprocess.py:93} INFO -             )
[2025-10-31T20:15:24.736+0000] {subprocess.py:93} INFO - 
[2025-10-31T20:15:24.738+0000] {subprocess.py:93} INFO -           . Expected one of: OR, AND, IS NOT DISTINCT FROM, IS NULL, IS NOT NULL, BETWEEN, NOT BETWEEN, LIKE, ILIKE, NOT LIKE, NOT ILIKE, REGEXP, IN, NOT IN, GLOBAL IN, GLOBAL NOT IN, MOD, DIV, alias, AS, GROUP BY, WITH, HAVING, WINDOW, QUALIFY, ORDER BY, LIMIT, OFFSET, FETCH, SETTINGS, UNION, EXCEPT, INTERSECT. Stack trace:
[2025-10-31T20:15:24.739+0000] {subprocess.py:93} INFO - 
[2025-10-31T20:15:24.739+0000] {subprocess.py:93} INFO -   0. DB::Exception::Exception(DB::Exception::MessageMasked&&, int, bool) @ 0x00000000137a855f
[2025-10-31T20:15:24.740+0000] {subprocess.py:93} INFO -   1. DB::Exception::Exception(String const&, int, String, bool) @ 0x0000000012423c8e
[2025-10-31T20:15:24.741+0000] {subprocess.py:93} INFO -   2. DB::Exception::createDeprecated(String const&, int, bool) @ 0x0000000013a54f9f
[2025-10-31T20:15:24.742+0000] {subprocess.py:93} INFO -   3. DB::parseQueryAndMovePosition(DB::IParser&, char const*&, char const*, String const&, bool, unsigned long, unsigned long, unsigned long) @ 0x000000001aace132
[2025-10-31T20:15:24.743+0000] {subprocess.py:93} INFO -   4. DB::executeQueryImpl(char const*, char const*, std::shared_ptr<DB::Context>, DB::QueryFlags, DB::QueryProcessingStage::Enum, std::unique_ptr<DB::ReadBuffer, std::default_delete<DB::ReadBuffer>>&, std::shared_ptr<DB::IAST>&, std::shared_ptr<DB::ImplicitTransactionControlExecutor>) @ 0x0000000018779652
[2025-10-31T20:15:24.744+0000] {subprocess.py:93} INFO -   5. DB::executeQuery(String const&, std::shared_ptr<DB::Context>, DB::QueryFlags, DB::QueryProcessingStage::Enum) @ 0x00000000187786cb
[2025-10-31T20:15:24.745+0000] {subprocess.py:93} INFO -   6. DB::TCPHandler::runImpl() @ 0x0000000019e2d3db
[2025-10-31T20:15:24.745+0000] {subprocess.py:93} INFO -   7. DB::TCPHandler::run() @ 0x0000000019e4f119
[2025-10-31T20:15:24.746+0000] {subprocess.py:93} INFO -   8. Poco::Net::TCPServerConnection::start() @ 0x000000001ef4ed07
[2025-10-31T20:15:24.747+0000] {subprocess.py:93} INFO -   9. Poco::Net::TCPServerDispatcher::run() @ 0x000000001ef4f199
[2025-10-31T20:15:24.748+0000] {subprocess.py:93} INFO -   10. Poco::PooledThread::run() @ 0x000000001ef15b87
[2025-10-31T20:15:24.748+0000] {subprocess.py:93} INFO -   11. Poco::ThreadImpl::runnableEntry(void*) @ 0x000000001ef13f81
[2025-10-31T20:15:24.749+0000] {subprocess.py:93} INFO -   12. ? @ 0x0000000000094ac3
[2025-10-31T20:15:24.749+0000] {subprocess.py:93} INFO -   13. ? @ 0x0000000000125a74
[2025-10-31T20:15:24.750+0000] {subprocess.py:93} INFO - 20:15:24
[2025-10-31T20:15:24.750+0000] {subprocess.py:93} INFO - 20:15:24    compiled code at target/compiled/ck_project/models/silver/silver_merchants.sql
[2025-10-31T20:15:24.751+0000] {subprocess.py:93} INFO - 20:15:24
[2025-10-31T20:15:24.752+0000] {subprocess.py:93} INFO - 20:15:24  Done. PASS=0 WARN=0 ERROR=1 SKIP=0 NO-OP=0 TOTAL=1
[2025-10-31T20:15:26.210+0000] {subprocess.py:97} INFO - Command exited with return code 1
[2025-10-31T20:15:26.235+0000] {taskinstance.py:2698} ERROR - Task failed with exception
Traceback (most recent call last):
  File "/home/airflow/.local/lib/python3.8/site-packages/airflow/models/taskinstance.py", line 433, in _execute_task
    result = execute_callable(context=context, **execute_callable_kwargs)
  File "/home/airflow/.local/lib/python3.8/site-packages/airflow/operators/bash.py", line 212, in execute
    raise AirflowException(
airflow.exceptions.AirflowException: Bash command failed. The command returned a non-zero exit code 1.
[2025-10-31T20:15:26.240+0000] {taskinstance.py:1138} INFO - Marking task as UP_FOR_RETRY. dag_id=ingestion_pipeline, task_id=silver_dbt.dbt_run_merchants, execution_date=20251030T000000, start_date=20251031T201520, end_date=20251031T201526
[2025-10-31T20:15:26.265+0000] {standard_task_runner.py:107} ERROR - Failed to execute job 18 for task silver_dbt.dbt_run_merchants (Bash command failed. The command returned a non-zero exit code 1.; 481)
[2025-10-31T20:15:26.297+0000] {local_task_job_runner.py:234} INFO - Task exited with return code 1
[2025-10-31T20:15:26.336+0000] {taskinstance.py:3280} INFO - 0 downstream tasks scheduled from follow-on schedule check
[2025-10-31T20:37:05.737+0000] {taskinstance.py:1956} INFO - Dependencies all met for dep_context=non-requeueable deps ti=<TaskInstance: ingestion_pipeline.silver_dbt.dbt_run_merchants scheduled__2025-10-30T00:00:00+00:00 [queued]>
[2025-10-31T20:37:05.747+0000] {taskinstance.py:1956} INFO - Dependencies all met for dep_context=requeueable deps ti=<TaskInstance: ingestion_pipeline.silver_dbt.dbt_run_merchants scheduled__2025-10-30T00:00:00+00:00 [queued]>
[2025-10-31T20:37:05.747+0000] {taskinstance.py:2170} INFO - Starting attempt 2 of 2
[2025-10-31T20:37:05.760+0000] {taskinstance.py:2191} INFO - Executing <Task(BashOperator): silver_dbt.dbt_run_merchants> on 2025-10-30 00:00:00+00:00
[2025-10-31T20:37:05.765+0000] {standard_task_runner.py:60} INFO - Started process 839 to run task
[2025-10-31T20:37:05.768+0000] {standard_task_runner.py:87} INFO - Running: ['***', 'tasks', 'run', 'ingestion_pipeline', 'silver_dbt.dbt_run_merchants', 'scheduled__2025-10-30T00:00:00+00:00', '--job-id', '34', '--raw', '--subdir', 'DAGS_FOLDER/ingestion_dag.py', '--cfg-path', '/tmp/tmpq6zlb8uq']
[2025-10-31T20:37:05.770+0000] {standard_task_runner.py:88} INFO - Job 34: Subtask silver_dbt.dbt_run_merchants
[2025-10-31T20:37:05.851+0000] {task_command.py:423} INFO - Running <TaskInstance: ingestion_pipeline.silver_dbt.dbt_run_merchants scheduled__2025-10-30T00:00:00+00:00 [running]> on host f865f80ec1e7
[2025-10-31T20:37:05.931+0000] {taskinstance.py:2480} INFO - Exporting env vars: AIRFLOW_CTX_DAG_OWNER='***' AIRFLOW_CTX_DAG_ID='ingestion_pipeline' AIRFLOW_CTX_TASK_ID='silver_dbt.dbt_run_merchants' AIRFLOW_CTX_EXECUTION_DATE='2025-10-30T00:00:00+00:00' AIRFLOW_CTX_TRY_NUMBER='2' AIRFLOW_CTX_DAG_RUN_ID='scheduled__2025-10-30T00:00:00+00:00'
[2025-10-31T20:37:05.932+0000] {subprocess.py:63} INFO - Tmp dir root location: /tmp
[2025-10-31T20:37:05.934+0000] {subprocess.py:75} INFO - Running command: ['/usr/bin/bash', '-c', "docker exec -i dbt bash -lc 'cd /dbt && dbt --no-use-colors run --profiles-dir /dbt --select silver_merchants --full-refresh'"]
[2025-10-31T20:37:05.943+0000] {subprocess.py:86} INFO - Output:
[2025-10-31T20:37:07.317+0000] {subprocess.py:93} INFO - 20:37:07  Running with dbt=1.10.13
[2025-10-31T20:37:07.522+0000] {subprocess.py:93} INFO - 20:37:07  Registered adapter: clickhouse=1.9.5
[2025-10-31T20:37:07.675+0000] {subprocess.py:93} INFO - 20:37:07  Unable to do partial parsing because config vars, config profile, or config target have changed
[2025-10-31T20:37:08.839+0000] {subprocess.py:93} INFO - 20:37:08  Found 3 models, 3 sources, 488 macros
[2025-10-31T20:37:08.842+0000] {subprocess.py:93} INFO - 20:37:08
[2025-10-31T20:37:08.843+0000] {subprocess.py:93} INFO - 20:37:08  Concurrency: 4 threads (target='dev')
[2025-10-31T20:37:08.845+0000] {subprocess.py:93} INFO - 20:37:08
[2025-10-31T20:37:09.073+0000] {subprocess.py:93} INFO - 20:37:09  1 of 1 START sql table model `silver`.`silver_merchants` ....................... [RUN]
[2025-10-31T20:37:09.153+0000] {subprocess.py:93} INFO - 20:37:09  1 of 1 ERROR creating sql table model `silver`.`silver_merchants` .............. [ERROR in 0.08s]
[2025-10-31T20:37:09.161+0000] {subprocess.py:93} INFO - 20:37:09
[2025-10-31T20:37:09.162+0000] {subprocess.py:93} INFO - 20:37:09  Finished running 1 table model in 0 hours 0 minutes and 0.32 seconds (0.32s).
[2025-10-31T20:37:09.283+0000] {subprocess.py:93} INFO - 20:37:09
[2025-10-31T20:37:09.285+0000] {subprocess.py:93} INFO - 20:37:09  Completed with 1 error, 0 partial successes, and 0 warnings:
[2025-10-31T20:37:09.287+0000] {subprocess.py:93} INFO - 20:37:09
[2025-10-31T20:37:09.288+0000] {subprocess.py:93} INFO - 20:37:09  Failure in model silver_merchants (models/silver/silver_merchants.sql)
[2025-10-31T20:37:09.290+0000] {subprocess.py:93} INFO - 20:37:09    Database Error in model silver_merchants (models/silver/silver_merchants.sql)
[2025-10-31T20:37:09.291+0000] {subprocess.py:93} INFO -   Code: 62.
[2025-10-31T20:37:09.291+0000] {subprocess.py:93} INFO -   DB::Exception: Syntax error: failed at position 1187 (end of query) (line 42, col 30): ;
[2025-10-31T20:37:09.292+0000] {subprocess.py:93} INFO -             )
[2025-10-31T20:37:09.292+0000] {subprocess.py:93} INFO - 
[2025-10-31T20:37:09.293+0000] {subprocess.py:93} INFO -           . Expected one of: OR, AND, IS NOT DISTINCT FROM, IS NULL, IS NOT NULL, BETWEEN, NOT BETWEEN, LIKE, ILIKE, NOT LIKE, NOT ILIKE, REGEXP, IN, NOT IN, GLOBAL IN, GLOBAL NOT IN, MOD, DIV, alias, AS, GROUP BY, WITH, HAVING, WINDOW, QUALIFY, ORDER BY, LIMIT, OFFSET, FETCH, SETTINGS, UNION, EXCEPT, INTERSECT. Stack trace:
[2025-10-31T20:37:09.293+0000] {subprocess.py:93} INFO - 
[2025-10-31T20:37:09.293+0000] {subprocess.py:93} INFO -   0. DB::Exception::Exception(DB::Exception::MessageMasked&&, int, bool) @ 0x00000000137a855f
[2025-10-31T20:37:09.294+0000] {subprocess.py:93} INFO -   1. DB::Exception::Exception(String const&, int, String, bool) @ 0x0000000012423c8e
[2025-10-31T20:37:09.294+0000] {subprocess.py:93} INFO -   2. DB::Exception::createDeprecated(String const&, int, bool) @ 0x0000000013a54f9f
[2025-10-31T20:37:09.295+0000] {subprocess.py:93} INFO -   3. DB::parseQueryAndMovePosition(DB::IParser&, char const*&, char const*, String const&, bool, unsigned long, unsigned long, unsigned long) @ 0x000000001aace132
[2025-10-31T20:37:09.295+0000] {subprocess.py:93} INFO -   4. DB::executeQueryImpl(char const*, char const*, std::shared_ptr<DB::Context>, DB::QueryFlags, DB::QueryProcessingStage::Enum, std::unique_ptr<DB::ReadBuffer, std::default_delete<DB::ReadBuffer>>&, std::shared_ptr<DB::IAST>&, std::shared_ptr<DB::ImplicitTransactionControlExecutor>) @ 0x0000000018779652
[2025-10-31T20:37:09.296+0000] {subprocess.py:93} INFO -   5. DB::executeQuery(String const&, std::shared_ptr<DB::Context>, DB::QueryFlags, DB::QueryProcessingStage::Enum) @ 0x00000000187786cb
[2025-10-31T20:37:09.296+0000] {subprocess.py:93} INFO -   6. DB::TCPHandler::runImpl() @ 0x0000000019e2d3db
[2025-10-31T20:37:09.297+0000] {subprocess.py:93} INFO -   7. DB::TCPHandler::run() @ 0x0000000019e4f119
[2025-10-31T20:37:09.297+0000] {subprocess.py:93} INFO -   8. Poco::Net::TCPServerConnection::start() @ 0x000000001ef4ed07
[2025-10-31T20:37:09.298+0000] {subprocess.py:93} INFO -   9. Poco::Net::TCPServerDispatcher::run() @ 0x000000001ef4f199
[2025-10-31T20:37:09.298+0000] {subprocess.py:93} INFO -   10. Poco::PooledThread::run() @ 0x000000001ef15b87
[2025-10-31T20:37:09.299+0000] {subprocess.py:93} INFO -   11. Poco::ThreadImpl::runnableEntry(void*) @ 0x000000001ef13f81
[2025-10-31T20:37:09.300+0000] {subprocess.py:93} INFO -   12. ? @ 0x0000000000094ac3
[2025-10-31T20:37:09.300+0000] {subprocess.py:93} INFO -   13. ? @ 0x0000000000125a74
[2025-10-31T20:37:09.301+0000] {subprocess.py:93} INFO - 20:37:09
[2025-10-31T20:37:09.301+0000] {subprocess.py:93} INFO - 20:37:09    compiled code at target/compiled/ck_project/models/silver/silver_merchants.sql
[2025-10-31T20:37:09.302+0000] {subprocess.py:93} INFO - 20:37:09
[2025-10-31T20:37:09.302+0000] {subprocess.py:93} INFO - 20:37:09  Done. PASS=0 WARN=0 ERROR=1 SKIP=0 NO-OP=0 TOTAL=1
[2025-10-31T20:37:10.161+0000] {subprocess.py:97} INFO - Command exited with return code 1
[2025-10-31T20:37:10.181+0000] {taskinstance.py:2698} ERROR - Task failed with exception
Traceback (most recent call last):
  File "/home/airflow/.local/lib/python3.8/site-packages/airflow/models/taskinstance.py", line 433, in _execute_task
    result = execute_callable(context=context, **execute_callable_kwargs)
  File "/home/airflow/.local/lib/python3.8/site-packages/airflow/operators/bash.py", line 212, in execute
    raise AirflowException(
airflow.exceptions.AirflowException: Bash command failed. The command returned a non-zero exit code 1.
[2025-10-31T20:37:10.186+0000] {taskinstance.py:1138} INFO - Marking task as FAILED. dag_id=ingestion_pipeline, task_id=silver_dbt.dbt_run_merchants, execution_date=20251030T000000, start_date=20251031T203705, end_date=20251031T203710
[2025-10-31T20:37:10.203+0000] {standard_task_runner.py:107} ERROR - Failed to execute job 34 for task silver_dbt.dbt_run_merchants (Bash command failed. The command returned a non-zero exit code 1.; 839)
[2025-10-31T20:37:10.248+0000] {local_task_job_runner.py:234} INFO - Task exited with return code 1
[2025-10-31T20:37:10.281+0000] {taskinstance.py:3280} INFO - 0 downstream tasks scheduled from follow-on schedule check
[2025-10-31T22:05:30.428+0000] {taskinstance.py:1956} INFO - Dependencies all met for dep_context=non-requeueable deps ti=<TaskInstance: ingestion_pipeline.silver_dbt.dbt_run_merchants scheduled__2025-10-30T00:00:00+00:00 [queued]>
[2025-10-31T22:05:30.440+0000] {taskinstance.py:1956} INFO - Dependencies all met for dep_context=requeueable deps ti=<TaskInstance: ingestion_pipeline.silver_dbt.dbt_run_merchants scheduled__2025-10-30T00:00:00+00:00 [queued]>
[2025-10-31T22:05:30.441+0000] {taskinstance.py:2170} INFO - Starting attempt 2 of 2
[2025-10-31T22:05:30.456+0000] {taskinstance.py:2191} INFO - Executing <Task(BashOperator): silver_dbt.dbt_run_merchants> on 2025-10-30 00:00:00+00:00
[2025-10-31T22:05:30.463+0000] {standard_task_runner.py:60} INFO - Started process 764 to run task
[2025-10-31T22:05:30.467+0000] {standard_task_runner.py:87} INFO - Running: ['***', 'tasks', 'run', 'ingestion_pipeline', 'silver_dbt.dbt_run_merchants', 'scheduled__2025-10-30T00:00:00+00:00', '--job-id', '19', '--raw', '--subdir', 'DAGS_FOLDER/ingestion_dag.py', '--cfg-path', '/tmp/tmp6ptk_cpy']
[2025-10-31T22:05:30.470+0000] {standard_task_runner.py:88} INFO - Job 19: Subtask silver_dbt.dbt_run_merchants
[2025-10-31T22:05:30.556+0000] {task_command.py:423} INFO - Running <TaskInstance: ingestion_pipeline.silver_dbt.dbt_run_merchants scheduled__2025-10-30T00:00:00+00:00 [running]> on host 9dbfb6fb81d8
[2025-10-31T22:05:30.650+0000] {taskinstance.py:2480} INFO - Exporting env vars: AIRFLOW_CTX_DAG_OWNER='***' AIRFLOW_CTX_DAG_ID='ingestion_pipeline' AIRFLOW_CTX_TASK_ID='silver_dbt.dbt_run_merchants' AIRFLOW_CTX_EXECUTION_DATE='2025-10-30T00:00:00+00:00' AIRFLOW_CTX_TRY_NUMBER='2' AIRFLOW_CTX_DAG_RUN_ID='scheduled__2025-10-30T00:00:00+00:00'
[2025-10-31T22:05:30.651+0000] {subprocess.py:63} INFO - Tmp dir root location: /tmp
[2025-10-31T22:05:30.653+0000] {subprocess.py:75} INFO - Running command: ['/usr/bin/bash', '-c', "docker exec -i dbt bash -lc 'cd /dbt && dbt --no-use-colors run --profiles-dir /dbt --select silver_merchants --full-refresh'"]
[2025-10-31T22:05:30.666+0000] {subprocess.py:86} INFO - Output:
[2025-10-31T22:05:33.176+0000] {subprocess.py:93} INFO - 22:05:33  Running with dbt=1.10.13
[2025-10-31T22:05:33.501+0000] {subprocess.py:93} INFO - 22:05:33  Registered adapter: clickhouse=1.9.5
[2025-10-31T22:05:33.713+0000] {subprocess.py:93} INFO - 22:05:33  Unable to do partial parsing because config vars, config profile, or config target have changed
[2025-10-31T22:05:35.170+0000] {subprocess.py:93} INFO - 22:05:35  Found 3 models, 3 sources, 488 macros
[2025-10-31T22:05:35.175+0000] {subprocess.py:93} INFO - 22:05:35
[2025-10-31T22:05:35.177+0000] {subprocess.py:93} INFO - 22:05:35  Concurrency: 4 threads (target='dev')
[2025-10-31T22:05:35.178+0000] {subprocess.py:93} INFO - 22:05:35
[2025-10-31T22:05:35.411+0000] {subprocess.py:93} INFO - 22:05:35  1 of 1 START sql table model `silver`.`silver_merchants` ....................... [RUN]
[2025-10-31T22:05:35.496+0000] {subprocess.py:93} INFO - 22:05:35  1 of 1 ERROR creating sql table model `silver`.`silver_merchants` .............. [ERROR in 0.08s]
[2025-10-31T22:05:35.513+0000] {subprocess.py:93} INFO - 22:05:35
[2025-10-31T22:05:35.515+0000] {subprocess.py:93} INFO - 22:05:35  Finished running 1 table model in 0 hours 0 minutes and 0.33 seconds (0.33s).
[2025-10-31T22:05:35.655+0000] {subprocess.py:93} INFO - 22:05:35
[2025-10-31T22:05:35.656+0000] {subprocess.py:93} INFO - 22:05:35  Completed with 1 error, 0 partial successes, and 0 warnings:
[2025-10-31T22:05:35.657+0000] {subprocess.py:93} INFO - 22:05:35
[2025-10-31T22:05:35.659+0000] {subprocess.py:93} INFO - 22:05:35  Failure in model silver_merchants (models/silver/silver_merchants.sql)
[2025-10-31T22:05:35.661+0000] {subprocess.py:93} INFO - 22:05:35    Database Error in model silver_merchants (models/silver/silver_merchants.sql)
[2025-10-31T22:05:35.662+0000] {subprocess.py:93} INFO -   Code: 60.
[2025-10-31T22:05:35.662+0000] {subprocess.py:93} INFO -   DB::Exception: Unknown table expression identifier 'bronze.merchants' in scope  src. Stack trace:
[2025-10-31T22:05:35.663+0000] {subprocess.py:93} INFO - 
[2025-10-31T22:05:35.664+0000] {subprocess.py:93} INFO -   0. DB::Exception::Exception(DB::Exception::MessageMasked&&, int, bool) @ 0x00000000137a855f
[2025-10-31T22:05:35.664+0000] {subprocess.py:93} INFO -   1. DB::Exception::Exception(String&&, int, String, bool) @ 0x000000000cae7e8e
[2025-10-31T22:05:35.665+0000] {subprocess.py:93} INFO -   2. DB::Exception::Exception(PreformattedMessage&&, int) @ 0x000000000cae7940
[2025-10-31T22:05:35.665+0000] {subprocess.py:93} INFO -   3. DB::Exception::Exception<String const&, String>(int, FormatStringHelperImpl<std::type_identity<String const&>::type, std::type_identity<String>::type>, String const&, String&&) @ 0x000000000db773ab
[2025-10-31T22:05:35.666+0000] {subprocess.py:93} INFO -   4. DB::QueryAnalyzer::resolveQuery(std::shared_ptr<DB::IQueryTreeNode> const&, DB::IdentifierResolveScope&) @ 0x0000000017830745
[2025-10-31T22:05:35.666+0000] {subprocess.py:93} INFO -   5. DB::QueryAnalyzer::resolveExpressionNode(std::shared_ptr<DB::IQueryTreeNode>&, DB::IdentifierResolveScope&, bool, bool, bool) @ 0x0000000017837221
[2025-10-31T22:05:35.667+0000] {subprocess.py:93} INFO -   6. DB::QueryAnalyzer::resolveQueryJoinTreeNode(std::shared_ptr<DB::IQueryTreeNode>&, DB::IdentifierResolveScope&, DB::QueryExpressionsAliasVisitor&) @ 0x000000001785ae58
[2025-10-31T22:05:35.667+0000] {subprocess.py:93} INFO -   7. DB::QueryAnalyzer::resolveQuery(std::shared_ptr<DB::IQueryTreeNode> const&, DB::IdentifierResolveScope&) @ 0x000000001782d021
[2025-10-31T22:05:35.667+0000] {subprocess.py:93} INFO -   8. DB::QueryAnalyzer::resolve(std::shared_ptr<DB::IQueryTreeNode>&, std::shared_ptr<DB::IQueryTreeNode> const&, std::shared_ptr<DB::Context const>) @ 0x000000001782a87a
[2025-10-31T22:05:35.668+0000] {subprocess.py:93} INFO -   9. DB::QueryAnalysisPass::run(std::shared_ptr<DB::IQueryTreeNode>&, std::shared_ptr<DB::Context const>) @ 0x0000000017829edc
[2025-10-31T22:05:35.668+0000] {subprocess.py:93} INFO -   10. DB::QueryTreePassManager::run(std::shared_ptr<DB::IQueryTreeNode>) @ 0x000000001787d276
[2025-10-31T22:05:35.669+0000] {subprocess.py:93} INFO -   11. DB::buildQueryTreeAndRunPasses(std::shared_ptr<DB::IAST> const&, DB::SelectQueryOptions const&, std::shared_ptr<DB::Context const> const&, std::shared_ptr<DB::IStorage> const&) (.llvm.8096503222789336007) @ 0x00000000183bd40d
[2025-10-31T22:05:35.669+0000] {subprocess.py:93} INFO -   12. DB::InterpreterSelectQueryAnalyzer::InterpreterSelectQueryAnalyzer(std::shared_ptr<DB::IAST> const&, std::shared_ptr<DB::Context const> const&, DB::SelectQueryOptions const&, std::vector<String, std::allocator<String>> const&) @ 0x00000000183bb32a
[2025-10-31T22:05:35.670+0000] {subprocess.py:93} INFO -   13. DB::InterpreterSelectQueryAnalyzer::getSampleBlock(std::shared_ptr<DB::IAST> const&, std::shared_ptr<DB::Context const> const&, DB::SelectQueryOptions const&) @ 0x00000000183bd86a
[2025-10-31T22:05:35.670+0000] {subprocess.py:93} INFO -   14. DB::InterpreterCreateQuery::getTablePropertiesAndNormalizeCreateQuery(DB::ASTCreateQuery&, DB::LoadingStrictnessLevel) const @ 0x00000000182e49d3
[2025-10-31T22:05:35.671+0000] {subprocess.py:93} INFO -   15. DB::InterpreterCreateQuery::createTable(DB::ASTCreateQuery&) @ 0x00000000182ed2c5
[2025-10-31T22:05:35.671+0000] {subprocess.py:93} INFO -   16. DB::InterpreterCreateQuery::execute() @ 0x0000000018303978
[2025-10-31T22:05:35.672+0000] {subprocess.py:93} INFO -   17. DB::executeQueryImpl(char const*, char const*, std::shared_ptr<DB::Context>, DB::QueryFlags, DB::QueryProcessingStage::Enum, std::unique_ptr<DB::ReadBuffer, std::default_delete<DB::ReadBuffer>>&, std::shared_ptr<DB::IAST>&, std::shared_ptr<DB::ImplicitTransactionControlExecutor>) @ 0x0000000018780440
[2025-10-31T22:05:35.672+0000] {subprocess.py:93} INFO -   18. DB::executeQuery(String const&, std::shared_ptr<DB::Context>, DB::QueryFlags, DB::QueryProcessingStage::Enum) @ 0x00000000187786cb
[2025-10-31T22:05:35.673+0000] {subprocess.py:93} INFO -   19. DB::TCPHandler::runImpl() @ 0x0000000019e2d3db
[2025-10-31T22:05:35.673+0000] {subprocess.py:93} INFO -   20. DB::TCPHandler::run() @ 0x0000000019e4f119
[2025-10-31T22:05:35.673+0000] {subprocess.py:93} INFO -   21. Poco::Net::TCPServerConnection::start() @ 0x000000001ef4ed07
[2025-10-31T22:05:35.674+0000] {subprocess.py:93} INFO -   22. Poco::Net::TCPServerDispatcher::run() @ 0x000000001ef4f199
[2025-10-31T22:05:35.674+0000] {subprocess.py:93} INFO -   23. Poco::PooledThread::run() @ 0x000000001ef15b87
[2025-10-31T22:05:35.675+0000] {subprocess.py:93} INFO -   24. Poco::ThreadImpl::runnableEntry(void*) @ 0x000000001ef13f81
[2025-10-31T22:05:35.675+0000] {subprocess.py:93} INFO -   25. ? @ 0x0000000000094ac3
[2025-10-31T22:05:35.676+0000] {subprocess.py:93} INFO -   26. ? @ 0x0000000000125a74
[2025-10-31T22:05:35.676+0000] {subprocess.py:93} INFO - 22:05:35
[2025-10-31T22:05:35.677+0000] {subprocess.py:93} INFO - 22:05:35    compiled code at target/compiled/ck_project/models/silver/silver_merchants.sql
[2025-10-31T22:05:35.678+0000] {subprocess.py:93} INFO - 22:05:35
[2025-10-31T22:05:35.678+0000] {subprocess.py:93} INFO - 22:05:35  Done. PASS=0 WARN=0 ERROR=1 SKIP=0 NO-OP=0 TOTAL=1
[2025-10-31T22:05:36.510+0000] {subprocess.py:97} INFO - Command exited with return code 1
[2025-10-31T22:05:36.525+0000] {taskinstance.py:2698} ERROR - Task failed with exception
Traceback (most recent call last):
  File "/home/airflow/.local/lib/python3.8/site-packages/airflow/models/taskinstance.py", line 433, in _execute_task
    result = execute_callable(context=context, **execute_callable_kwargs)
  File "/home/airflow/.local/lib/python3.8/site-packages/airflow/operators/bash.py", line 212, in execute
    raise AirflowException(
airflow.exceptions.AirflowException: Bash command failed. The command returned a non-zero exit code 1.
[2025-10-31T22:05:36.529+0000] {taskinstance.py:1138} INFO - Marking task as FAILED. dag_id=ingestion_pipeline, task_id=silver_dbt.dbt_run_merchants, execution_date=20251030T000000, start_date=20251031T220530, end_date=20251031T220536
[2025-10-31T22:05:36.544+0000] {standard_task_runner.py:107} ERROR - Failed to execute job 19 for task silver_dbt.dbt_run_merchants (Bash command failed. The command returned a non-zero exit code 1.; 764)
[2025-10-31T22:05:36.566+0000] {local_task_job_runner.py:234} INFO - Task exited with return code 1
[2025-10-31T22:05:36.587+0000] {taskinstance.py:3280} INFO - 0 downstream tasks scheduled from follow-on schedule check
[2025-10-31T22:18:49.338+0000] {taskinstance.py:1956} INFO - Dependencies all met for dep_context=non-requeueable deps ti=<TaskInstance: ingestion_pipeline.silver_dbt.dbt_run_merchants scheduled__2025-10-30T00:00:00+00:00 [queued]>
[2025-10-31T22:18:49.350+0000] {taskinstance.py:1956} INFO - Dependencies all met for dep_context=requeueable deps ti=<TaskInstance: ingestion_pipeline.silver_dbt.dbt_run_merchants scheduled__2025-10-30T00:00:00+00:00 [queued]>
[2025-10-31T22:18:49.351+0000] {taskinstance.py:2170} INFO - Starting attempt 2 of 2
[2025-10-31T22:18:49.368+0000] {taskinstance.py:2191} INFO - Executing <Task(BashOperator): silver_dbt.dbt_run_merchants> on 2025-10-30 00:00:00+00:00
[2025-10-31T22:18:49.374+0000] {standard_task_runner.py:60} INFO - Started process 758 to run task
[2025-10-31T22:18:49.379+0000] {standard_task_runner.py:87} INFO - Running: ['***', 'tasks', 'run', 'ingestion_pipeline', 'silver_dbt.dbt_run_merchants', 'scheduled__2025-10-30T00:00:00+00:00', '--job-id', '23', '--raw', '--subdir', 'DAGS_FOLDER/ingestion_dag.py', '--cfg-path', '/tmp/tmpm6xujcgl']
[2025-10-31T22:18:49.382+0000] {standard_task_runner.py:88} INFO - Job 23: Subtask silver_dbt.dbt_run_merchants
[2025-10-31T22:18:49.479+0000] {task_command.py:423} INFO - Running <TaskInstance: ingestion_pipeline.silver_dbt.dbt_run_merchants scheduled__2025-10-30T00:00:00+00:00 [running]> on host 68d81e27198f
[2025-10-31T22:18:49.582+0000] {taskinstance.py:2480} INFO - Exporting env vars: AIRFLOW_CTX_DAG_OWNER='***' AIRFLOW_CTX_DAG_ID='ingestion_pipeline' AIRFLOW_CTX_TASK_ID='silver_dbt.dbt_run_merchants' AIRFLOW_CTX_EXECUTION_DATE='2025-10-30T00:00:00+00:00' AIRFLOW_CTX_TRY_NUMBER='2' AIRFLOW_CTX_DAG_RUN_ID='scheduled__2025-10-30T00:00:00+00:00'
[2025-10-31T22:18:49.585+0000] {subprocess.py:63} INFO - Tmp dir root location: /tmp
[2025-10-31T22:18:49.588+0000] {subprocess.py:75} INFO - Running command: ['/usr/bin/bash', '-c', "docker exec -i dbt bash -lc 'cd /dbt && dbt --no-use-colors run --profiles-dir /dbt --select silver_merchants --full-refresh'"]
[2025-10-31T22:18:49.599+0000] {subprocess.py:86} INFO - Output:
[2025-10-31T22:18:51.493+0000] {subprocess.py:93} INFO - 22:18:51  Running with dbt=1.10.13
[2025-10-31T22:18:51.764+0000] {subprocess.py:93} INFO - 22:18:51  Registered adapter: clickhouse=1.9.5
[2025-10-31T22:18:52.110+0000] {subprocess.py:93} INFO - 22:18:52  Unable to do partial parsing because config vars, config profile, or config target have changed
[2025-10-31T22:18:54.074+0000] {subprocess.py:93} INFO - 22:18:54  Found 3 models, 3 sources, 488 macros
[2025-10-31T22:18:54.079+0000] {subprocess.py:93} INFO - 22:18:54
[2025-10-31T22:18:54.080+0000] {subprocess.py:93} INFO - 22:18:54  Concurrency: 4 threads (target='dev')
[2025-10-31T22:18:54.082+0000] {subprocess.py:93} INFO - 22:18:54
[2025-10-31T22:18:54.388+0000] {subprocess.py:93} INFO - 22:18:54  1 of 1 START sql table model `silver`.`silver_merchants` ....................... [RUN]
[2025-10-31T22:18:54.506+0000] {subprocess.py:93} INFO - 22:18:54  1 of 1 ERROR creating sql table model `silver`.`silver_merchants` .............. [ERROR in 0.11s]
[2025-10-31T22:18:54.518+0000] {subprocess.py:93} INFO - 22:18:54
[2025-10-31T22:18:54.519+0000] {subprocess.py:93} INFO - 22:18:54  Finished running 1 table model in 0 hours 0 minutes and 0.43 seconds (0.43s).
[2025-10-31T22:18:54.664+0000] {subprocess.py:93} INFO - 22:18:54
[2025-10-31T22:18:54.666+0000] {subprocess.py:93} INFO - 22:18:54  Completed with 1 error, 0 partial successes, and 0 warnings:
[2025-10-31T22:18:54.669+0000] {subprocess.py:93} INFO - 22:18:54
[2025-10-31T22:18:54.670+0000] {subprocess.py:93} INFO - 22:18:54  Failure in model silver_merchants (models/silver/silver_merchants.sql)
[2025-10-31T22:18:54.673+0000] {subprocess.py:93} INFO - 22:18:54    Database Error in model silver_merchants (models/silver/silver_merchants.sql)
[2025-10-31T22:18:54.673+0000] {subprocess.py:93} INFO -   Code: 60.
[2025-10-31T22:18:54.674+0000] {subprocess.py:93} INFO -   DB::Exception: Unknown table expression identifier 'bronze.merchants' in scope  src. Stack trace:
[2025-10-31T22:18:54.674+0000] {subprocess.py:93} INFO - 
[2025-10-31T22:18:54.675+0000] {subprocess.py:93} INFO -   0. DB::Exception::Exception(DB::Exception::MessageMasked&&, int, bool) @ 0x00000000137a855f
[2025-10-31T22:18:54.675+0000] {subprocess.py:93} INFO -   1. DB::Exception::Exception(String&&, int, String, bool) @ 0x000000000cae7e8e
[2025-10-31T22:18:54.676+0000] {subprocess.py:93} INFO -   2. DB::Exception::Exception(PreformattedMessage&&, int) @ 0x000000000cae7940
[2025-10-31T22:18:54.677+0000] {subprocess.py:93} INFO -   3. DB::Exception::Exception<String const&, String>(int, FormatStringHelperImpl<std::type_identity<String const&>::type, std::type_identity<String>::type>, String const&, String&&) @ 0x000000000db773ab
[2025-10-31T22:18:54.678+0000] {subprocess.py:93} INFO -   4. DB::QueryAnalyzer::resolveQuery(std::shared_ptr<DB::IQueryTreeNode> const&, DB::IdentifierResolveScope&) @ 0x0000000017830745
[2025-10-31T22:18:54.678+0000] {subprocess.py:93} INFO -   5. DB::QueryAnalyzer::resolveExpressionNode(std::shared_ptr<DB::IQueryTreeNode>&, DB::IdentifierResolveScope&, bool, bool, bool) @ 0x0000000017837221
[2025-10-31T22:18:54.679+0000] {subprocess.py:93} INFO -   6. DB::QueryAnalyzer::resolveQueryJoinTreeNode(std::shared_ptr<DB::IQueryTreeNode>&, DB::IdentifierResolveScope&, DB::QueryExpressionsAliasVisitor&) @ 0x000000001785ae58
[2025-10-31T22:18:54.679+0000] {subprocess.py:93} INFO -   7. DB::QueryAnalyzer::resolveQuery(std::shared_ptr<DB::IQueryTreeNode> const&, DB::IdentifierResolveScope&) @ 0x000000001782d021
[2025-10-31T22:18:54.679+0000] {subprocess.py:93} INFO -   8. DB::QueryAnalyzer::resolve(std::shared_ptr<DB::IQueryTreeNode>&, std::shared_ptr<DB::IQueryTreeNode> const&, std::shared_ptr<DB::Context const>) @ 0x000000001782a87a
[2025-10-31T22:18:54.680+0000] {subprocess.py:93} INFO -   9. DB::QueryAnalysisPass::run(std::shared_ptr<DB::IQueryTreeNode>&, std::shared_ptr<DB::Context const>) @ 0x0000000017829edc
[2025-10-31T22:18:54.680+0000] {subprocess.py:93} INFO -   10. DB::QueryTreePassManager::run(std::shared_ptr<DB::IQueryTreeNode>) @ 0x000000001787d276
[2025-10-31T22:18:54.681+0000] {subprocess.py:93} INFO -   11. DB::buildQueryTreeAndRunPasses(std::shared_ptr<DB::IAST> const&, DB::SelectQueryOptions const&, std::shared_ptr<DB::Context const> const&, std::shared_ptr<DB::IStorage> const&) (.llvm.8096503222789336007) @ 0x00000000183bd40d
[2025-10-31T22:18:54.681+0000] {subprocess.py:93} INFO -   12. DB::InterpreterSelectQueryAnalyzer::InterpreterSelectQueryAnalyzer(std::shared_ptr<DB::IAST> const&, std::shared_ptr<DB::Context const> const&, DB::SelectQueryOptions const&, std::vector<String, std::allocator<String>> const&) @ 0x00000000183bb32a
[2025-10-31T22:18:54.681+0000] {subprocess.py:93} INFO -   13. DB::InterpreterSelectQueryAnalyzer::getSampleBlock(std::shared_ptr<DB::IAST> const&, std::shared_ptr<DB::Context const> const&, DB::SelectQueryOptions const&) @ 0x00000000183bd86a
[2025-10-31T22:18:54.682+0000] {subprocess.py:93} INFO -   14. DB::InterpreterCreateQuery::getTablePropertiesAndNormalizeCreateQuery(DB::ASTCreateQuery&, DB::LoadingStrictnessLevel) const @ 0x00000000182e49d3
[2025-10-31T22:18:54.682+0000] {subprocess.py:93} INFO -   15. DB::InterpreterCreateQuery::createTable(DB::ASTCreateQuery&) @ 0x00000000182ed2c5
[2025-10-31T22:18:54.683+0000] {subprocess.py:93} INFO -   16. DB::InterpreterCreateQuery::execute() @ 0x0000000018303978
[2025-10-31T22:18:54.683+0000] {subprocess.py:93} INFO -   17. DB::executeQueryImpl(char const*, char const*, std::shared_ptr<DB::Context>, DB::QueryFlags, DB::QueryProcessingStage::Enum, std::unique_ptr<DB::ReadBuffer, std::default_delete<DB::ReadBuffer>>&, std::shared_ptr<DB::IAST>&, std::shared_ptr<DB::ImplicitTransactionControlExecutor>) @ 0x0000000018780440
[2025-10-31T22:18:54.684+0000] {subprocess.py:93} INFO -   18. DB::executeQuery(String const&, std::shared_ptr<DB::Context>, DB::QueryFlags, DB::QueryProcessingStage::Enum) @ 0x00000000187786cb
[2025-10-31T22:18:54.684+0000] {subprocess.py:93} INFO -   19. DB::TCPHandler::runImpl() @ 0x0000000019e2d3db
[2025-10-31T22:18:54.685+0000] {subprocess.py:93} INFO -   20. DB::TCPHandler::run() @ 0x0000000019e4f119
[2025-10-31T22:18:54.685+0000] {subprocess.py:93} INFO -   21. Poco::Net::TCPServerConnection::start() @ 0x000000001ef4ed07
[2025-10-31T22:18:54.686+0000] {subprocess.py:93} INFO -   22. Poco::Net::TCPServerDispatcher::run() @ 0x000000001ef4f199
[2025-10-31T22:18:54.686+0000] {subprocess.py:93} INFO -   23. Poco::PooledThread::run() @ 0x000000001ef15b87
[2025-10-31T22:18:54.687+0000] {subprocess.py:93} INFO -   24. Poco::ThreadImpl::runnableEntry(void*) @ 0x000000001ef13f81
[2025-10-31T22:18:54.687+0000] {subprocess.py:93} INFO -   25. ? @ 0x0000000000094ac3
[2025-10-31T22:18:54.688+0000] {subprocess.py:93} INFO -   26. ? @ 0x0000000000125a74
[2025-10-31T22:18:54.689+0000] {subprocess.py:93} INFO - 22:18:54
[2025-10-31T22:18:54.689+0000] {subprocess.py:93} INFO - 22:18:54    compiled code at target/compiled/ck_project/models/silver/silver_merchants.sql
[2025-10-31T22:18:54.690+0000] {subprocess.py:93} INFO - 22:18:54
[2025-10-31T22:18:54.691+0000] {subprocess.py:93} INFO - 22:18:54  Done. PASS=0 WARN=0 ERROR=1 SKIP=0 NO-OP=0 TOTAL=1
[2025-10-31T22:18:55.708+0000] {subprocess.py:97} INFO - Command exited with return code 1
[2025-10-31T22:18:55.726+0000] {taskinstance.py:2698} ERROR - Task failed with exception
Traceback (most recent call last):
  File "/home/airflow/.local/lib/python3.8/site-packages/airflow/models/taskinstance.py", line 433, in _execute_task
    result = execute_callable(context=context, **execute_callable_kwargs)
  File "/home/airflow/.local/lib/python3.8/site-packages/airflow/operators/bash.py", line 212, in execute
    raise AirflowException(
airflow.exceptions.AirflowException: Bash command failed. The command returned a non-zero exit code 1.
[2025-10-31T22:18:55.732+0000] {taskinstance.py:1138} INFO - Marking task as FAILED. dag_id=ingestion_pipeline, task_id=silver_dbt.dbt_run_merchants, execution_date=20251030T000000, start_date=20251031T221849, end_date=20251031T221855
[2025-10-31T22:18:55.752+0000] {standard_task_runner.py:107} ERROR - Failed to execute job 23 for task silver_dbt.dbt_run_merchants (Bash command failed. The command returned a non-zero exit code 1.; 758)
[2025-10-31T22:18:55.762+0000] {local_task_job_runner.py:234} INFO - Task exited with return code 1
[2025-10-31T22:18:55.789+0000] {taskinstance.py:3280} INFO - 0 downstream tasks scheduled from follow-on schedule check
[2025-10-31T22:52:10.245+0000] {taskinstance.py:1956} INFO - Dependencies all met for dep_context=non-requeueable deps ti=<TaskInstance: ingestion_pipeline.silver_dbt.dbt_run_merchants scheduled__2025-10-30T00:00:00+00:00 [queued]>
[2025-10-31T22:52:10.261+0000] {taskinstance.py:1956} INFO - Dependencies all met for dep_context=requeueable deps ti=<TaskInstance: ingestion_pipeline.silver_dbt.dbt_run_merchants scheduled__2025-10-30T00:00:00+00:00 [queued]>
[2025-10-31T22:52:10.262+0000] {taskinstance.py:2170} INFO - Starting attempt 2 of 2
[2025-10-31T22:52:10.278+0000] {taskinstance.py:2191} INFO - Executing <Task(BashOperator): silver_dbt.dbt_run_merchants> on 2025-10-30 00:00:00+00:00
[2025-10-31T22:52:10.287+0000] {standard_task_runner.py:60} INFO - Started process 779 to run task
[2025-10-31T22:52:10.294+0000] {standard_task_runner.py:87} INFO - Running: ['***', 'tasks', 'run', 'ingestion_pipeline', 'silver_dbt.dbt_run_merchants', 'scheduled__2025-10-30T00:00:00+00:00', '--job-id', '17', '--raw', '--subdir', 'DAGS_FOLDER/ingestion_dag.py', '--cfg-path', '/tmp/tmpw6whe29b']
[2025-10-31T22:52:10.297+0000] {standard_task_runner.py:88} INFO - Job 17: Subtask silver_dbt.dbt_run_merchants
[2025-10-31T22:52:10.396+0000] {task_command.py:423} INFO - Running <TaskInstance: ingestion_pipeline.silver_dbt.dbt_run_merchants scheduled__2025-10-30T00:00:00+00:00 [running]> on host d335ca5d7801
[2025-10-31T22:52:10.504+0000] {taskinstance.py:2480} INFO - Exporting env vars: AIRFLOW_CTX_DAG_OWNER='***' AIRFLOW_CTX_DAG_ID='ingestion_pipeline' AIRFLOW_CTX_TASK_ID='silver_dbt.dbt_run_merchants' AIRFLOW_CTX_EXECUTION_DATE='2025-10-30T00:00:00+00:00' AIRFLOW_CTX_TRY_NUMBER='2' AIRFLOW_CTX_DAG_RUN_ID='scheduled__2025-10-30T00:00:00+00:00'
[2025-10-31T22:52:10.506+0000] {subprocess.py:63} INFO - Tmp dir root location: /tmp
[2025-10-31T22:52:10.508+0000] {subprocess.py:75} INFO - Running command: ['/usr/bin/bash', '-c', 'docker exec -i dbt bash -lc \'set -e; docker exec -i clickhouse-server clickhouse-client -q "CREATE DATABASE IF NOT EXISTS silver;"; set +e; cd /dbt && dbt --no-use-colors run --profiles-dir /dbt --select silver_merchants --full-refresh; RC=$?; if [ $RC -ne 0 ]; then   echo "[silver/dbt] WARNING: silver_merchants failed (rc=$RC). Skipping this step and continuing the pipeline.";   # Optional: show compiled SQL path for quick debugging (if it exists)\n  test -d target/compiled &&   echo "[silver/dbt] See compiled SQL under target/compiled/";   exit 0; fi; exit 0;\'']
[2025-10-31T22:52:10.523+0000] {subprocess.py:86} INFO - Output:
[2025-10-31T22:52:10.624+0000] {subprocess.py:93} INFO - bash: line 1: docker: command not found
[2025-10-31T22:52:10.632+0000] {subprocess.py:97} INFO - Command exited with return code 127
[2025-10-31T22:52:10.647+0000] {taskinstance.py:2698} ERROR - Task failed with exception
Traceback (most recent call last):
  File "/home/airflow/.local/lib/python3.8/site-packages/airflow/models/taskinstance.py", line 433, in _execute_task
    result = execute_callable(context=context, **execute_callable_kwargs)
  File "/home/airflow/.local/lib/python3.8/site-packages/airflow/operators/bash.py", line 212, in execute
    raise AirflowException(
airflow.exceptions.AirflowException: Bash command failed. The command returned a non-zero exit code 127.
[2025-10-31T22:52:10.654+0000] {taskinstance.py:1138} INFO - Marking task as FAILED. dag_id=ingestion_pipeline, task_id=silver_dbt.dbt_run_merchants, execution_date=20251030T000000, start_date=20251031T225210, end_date=20251031T225210
[2025-10-31T22:52:10.671+0000] {standard_task_runner.py:107} ERROR - Failed to execute job 17 for task silver_dbt.dbt_run_merchants (Bash command failed. The command returned a non-zero exit code 127.; 779)
[2025-10-31T22:52:10.707+0000] {local_task_job_runner.py:234} INFO - Task exited with return code 1
[2025-10-31T22:52:10.730+0000] {taskinstance.py:3280} INFO - 0 downstream tasks scheduled from follow-on schedule check
[2025-10-31T23:03:53.285+0000] {taskinstance.py:1956} INFO - Dependencies all met for dep_context=non-requeueable deps ti=<TaskInstance: ingestion_pipeline.silver_dbt.dbt_run_merchants scheduled__2025-10-30T00:00:00+00:00 [queued]>
[2025-10-31T23:03:53.309+0000] {taskinstance.py:1956} INFO - Dependencies all met for dep_context=requeueable deps ti=<TaskInstance: ingestion_pipeline.silver_dbt.dbt_run_merchants scheduled__2025-10-30T00:00:00+00:00 [queued]>
[2025-10-31T23:03:53.355+0000] {taskinstance.py:2170} INFO - Starting attempt 2 of 2
[2025-10-31T23:03:53.443+0000] {taskinstance.py:2191} INFO - Executing <Task(BashOperator): silver_dbt.dbt_run_merchants> on 2025-10-30 00:00:00+00:00
[2025-10-31T23:03:53.471+0000] {standard_task_runner.py:60} INFO - Started process 780 to run task
[2025-10-31T23:03:53.478+0000] {standard_task_runner.py:87} INFO - Running: ['***', 'tasks', 'run', 'ingestion_pipeline', 'silver_dbt.dbt_run_merchants', 'scheduled__2025-10-30T00:00:00+00:00', '--job-id', '17', '--raw', '--subdir', 'DAGS_FOLDER/ingestion_dag.py', '--cfg-path', '/tmp/tmp4wnspw6v']
[2025-10-31T23:03:53.490+0000] {standard_task_runner.py:88} INFO - Job 17: Subtask silver_dbt.dbt_run_merchants
[2025-10-31T23:03:53.634+0000] {task_command.py:423} INFO - Running <TaskInstance: ingestion_pipeline.silver_dbt.dbt_run_merchants scheduled__2025-10-30T00:00:00+00:00 [running]> on host ad620feb6bee
[2025-10-31T23:03:53.792+0000] {taskinstance.py:2480} INFO - Exporting env vars: AIRFLOW_CTX_DAG_OWNER='***' AIRFLOW_CTX_DAG_ID='ingestion_pipeline' AIRFLOW_CTX_TASK_ID='silver_dbt.dbt_run_merchants' AIRFLOW_CTX_EXECUTION_DATE='2025-10-30T00:00:00+00:00' AIRFLOW_CTX_TRY_NUMBER='2' AIRFLOW_CTX_DAG_RUN_ID='scheduled__2025-10-30T00:00:00+00:00'
[2025-10-31T23:03:53.798+0000] {subprocess.py:63} INFO - Tmp dir root location: /tmp
[2025-10-31T23:03:53.800+0000] {subprocess.py:75} INFO - Running command: ['/usr/bin/bash', '-c', "docker exec -i dbt bash -lc 'set -e; cd /dbt && dbt --no-use-colors run --profiles-dir /dbt --select silver_merchants --full-refresh'"]
[2025-10-31T23:03:53.821+0000] {subprocess.py:86} INFO - Output:
[2025-10-31T23:03:56.204+0000] {subprocess.py:93} INFO - 23:03:56  Running with dbt=1.10.13
[2025-10-31T23:03:56.565+0000] {subprocess.py:93} INFO - 23:03:56  Registered adapter: clickhouse=1.9.5
[2025-10-31T23:03:57.110+0000] {subprocess.py:93} INFO - 23:03:57  Found 3 models, 3 sources, 491 macros
[2025-10-31T23:03:57.117+0000] {subprocess.py:93} INFO - 23:03:57
[2025-10-31T23:03:57.118+0000] {subprocess.py:93} INFO - 23:03:57  Concurrency: 4 threads (target='dev')
[2025-10-31T23:03:57.119+0000] {subprocess.py:93} INFO - 23:03:57
[2025-10-31T23:03:57.455+0000] {subprocess.py:93} INFO - 23:03:57  1 of 1 START sql table model `silver`.`silver_merchants` ....................... [RUN]
[2025-10-31T23:03:57.636+0000] {subprocess.py:93} INFO - 23:03:57  1 of 1 ERROR creating sql table model `silver`.`silver_merchants` .............. [ERROR in 0.17s]
[2025-10-31T23:03:57.658+0000] {subprocess.py:93} INFO - 23:03:57
[2025-10-31T23:03:57.669+0000] {subprocess.py:93} INFO - 23:03:57  Finished running 1 table model in 0 hours 0 minutes and 0.53 seconds (0.53s).
[2025-10-31T23:03:57.788+0000] {subprocess.py:93} INFO - 23:03:57
[2025-10-31T23:03:57.789+0000] {subprocess.py:93} INFO - 23:03:57  Completed with 1 error, 0 partial successes, and 0 warnings:
[2025-10-31T23:03:57.792+0000] {subprocess.py:93} INFO - 23:03:57
[2025-10-31T23:03:57.811+0000] {subprocess.py:93} INFO - 23:03:57  Failure in model silver_merchants (models/silver/silver_merchants.sql)
[2025-10-31T23:03:57.834+0000] {subprocess.py:93} INFO - 23:03:57    Compilation Error in model silver_merchants (models/silver/silver_merchants.sql)
[2025-10-31T23:03:57.836+0000] {subprocess.py:93} INFO -   macro 'dbt_macro__clickhouse__create_table_as' takes not more than 2 argument(s)
[2025-10-31T23:03:57.839+0000] {subprocess.py:93} INFO - 
[2025-10-31T23:03:57.841+0000] {subprocess.py:93} INFO -   > in macro create_table_as (macros/relations/table/create.sql)
[2025-10-31T23:03:57.844+0000] {subprocess.py:93} INFO -   > called by macro default__get_create_table_as_sql (macros/relations/table/create.sql)
[2025-10-31T23:03:57.848+0000] {subprocess.py:93} INFO -   > called by macro get_create_table_as_sql (macros/relations/table/create.sql)
[2025-10-31T23:03:57.853+0000] {subprocess.py:93} INFO -   > called by macro statement (macros/etc/statement.sql)
[2025-10-31T23:03:57.854+0000] {subprocess.py:93} INFO -   > called by macro materialization_table_clickhouse (macros/materializations/table.sql)
[2025-10-31T23:03:57.855+0000] {subprocess.py:93} INFO -   > called by model silver_merchants (models/silver/silver_merchants.sql)
[2025-10-31T23:03:57.856+0000] {subprocess.py:93} INFO - 23:03:57
[2025-10-31T23:03:57.864+0000] {subprocess.py:93} INFO - 23:03:57    compiled code at target/compiled/ck_project/models/silver/silver_merchants.sql
[2025-10-31T23:03:57.866+0000] {subprocess.py:93} INFO - 23:03:57
[2025-10-31T23:03:57.867+0000] {subprocess.py:93} INFO - 23:03:57  Done. PASS=0 WARN=0 ERROR=1 SKIP=0 NO-OP=0 TOTAL=1
[2025-10-31T23:03:58.980+0000] {subprocess.py:97} INFO - Command exited with return code 1
[2025-10-31T23:03:59.001+0000] {taskinstance.py:2698} ERROR - Task failed with exception
Traceback (most recent call last):
  File "/home/airflow/.local/lib/python3.8/site-packages/airflow/models/taskinstance.py", line 433, in _execute_task
    result = execute_callable(context=context, **execute_callable_kwargs)
  File "/home/airflow/.local/lib/python3.8/site-packages/airflow/operators/bash.py", line 212, in execute
    raise AirflowException(
airflow.exceptions.AirflowException: Bash command failed. The command returned a non-zero exit code 1.
[2025-10-31T23:03:59.007+0000] {taskinstance.py:1138} INFO - Marking task as FAILED. dag_id=ingestion_pipeline, task_id=silver_dbt.dbt_run_merchants, execution_date=20251030T000000, start_date=20251031T230353, end_date=20251031T230359
[2025-10-31T23:03:59.035+0000] {standard_task_runner.py:107} ERROR - Failed to execute job 17 for task silver_dbt.dbt_run_merchants (Bash command failed. The command returned a non-zero exit code 1.; 780)
[2025-10-31T23:03:59.086+0000] {local_task_job_runner.py:234} INFO - Task exited with return code 1
[2025-10-31T23:03:59.109+0000] {taskinstance.py:3280} INFO - 0 downstream tasks scheduled from follow-on schedule check
[2025-11-01T11:46:09.328+0000] {taskinstance.py:1956} INFO - Dependencies all met for dep_context=non-requeueable deps ti=<TaskInstance: ingestion_pipeline.silver_dbt.dbt_run_merchants scheduled__2025-10-30T00:00:00+00:00 [queued]>
[2025-11-01T11:46:09.345+0000] {taskinstance.py:1956} INFO - Dependencies all met for dep_context=requeueable deps ti=<TaskInstance: ingestion_pipeline.silver_dbt.dbt_run_merchants scheduled__2025-10-30T00:00:00+00:00 [queued]>
[2025-11-01T11:46:09.346+0000] {taskinstance.py:2170} INFO - Starting attempt 2 of 2
[2025-11-01T11:46:09.378+0000] {taskinstance.py:2191} INFO - Executing <Task(BashOperator): silver_dbt.dbt_run_merchants> on 2025-10-30 00:00:00+00:00
[2025-11-01T11:46:09.393+0000] {standard_task_runner.py:60} INFO - Started process 1110 to run task
[2025-11-01T11:46:09.402+0000] {standard_task_runner.py:87} INFO - Running: ['***', 'tasks', 'run', 'ingestion_pipeline', 'silver_dbt.dbt_run_merchants', 'scheduled__2025-10-30T00:00:00+00:00', '--job-id', '44', '--raw', '--subdir', 'DAGS_FOLDER/ingestion_dag.py', '--cfg-path', '/tmp/tmpnqme929e']
[2025-11-01T11:46:09.409+0000] {standard_task_runner.py:88} INFO - Job 44: Subtask silver_dbt.dbt_run_merchants
[2025-11-01T11:46:09.542+0000] {task_command.py:423} INFO - Running <TaskInstance: ingestion_pipeline.silver_dbt.dbt_run_merchants scheduled__2025-10-30T00:00:00+00:00 [running]> on host 6ac9b46937d1
[2025-11-01T11:46:09.668+0000] {taskinstance.py:2480} INFO - Exporting env vars: AIRFLOW_CTX_DAG_OWNER='***' AIRFLOW_CTX_DAG_ID='ingestion_pipeline' AIRFLOW_CTX_TASK_ID='silver_dbt.dbt_run_merchants' AIRFLOW_CTX_EXECUTION_DATE='2025-10-30T00:00:00+00:00' AIRFLOW_CTX_TRY_NUMBER='2' AIRFLOW_CTX_DAG_RUN_ID='scheduled__2025-10-30T00:00:00+00:00'
[2025-11-01T11:46:09.671+0000] {subprocess.py:63} INFO - Tmp dir root location: /tmp
[2025-11-01T11:46:09.675+0000] {subprocess.py:75} INFO - Running command: ['/usr/bin/bash', '-c', "docker exec -i dbt bash -lc 'cd /dbt && dbt --no-use-colors run --profiles-dir /dbt --select silver_merchants --full-refresh'"]
[2025-11-01T11:46:09.692+0000] {subprocess.py:86} INFO - Output:
[2025-11-01T11:46:12.477+0000] {subprocess.py:93} INFO - 11:46:12  Running with dbt=1.10.13
[2025-11-01T11:46:12.883+0000] {subprocess.py:93} INFO - 11:46:12  Registered adapter: clickhouse=1.9.5
[2025-11-01T11:46:13.176+0000] {subprocess.py:93} INFO - 11:46:13  Unable to do partial parsing because config vars, config profile, or config target have changed
[2025-11-01T11:46:15.542+0000] {subprocess.py:93} INFO - 11:46:15  Found 3 models, 3 sources, 491 macros
[2025-11-01T11:46:15.552+0000] {subprocess.py:93} INFO - 11:46:15
[2025-11-01T11:46:15.554+0000] {subprocess.py:93} INFO - 11:46:15  Concurrency: 4 threads (target='dev')
[2025-11-01T11:46:15.560+0000] {subprocess.py:93} INFO - 11:46:15
[2025-11-01T11:46:15.980+0000] {subprocess.py:93} INFO - 11:46:15  1 of 1 START sql table model `silver`.`silver_merchants` ....................... [RUN]
[2025-11-01T11:46:16.054+0000] {subprocess.py:93} INFO - 11:46:16  1 of 1 ERROR creating sql table model `silver`.`silver_merchants` .............. [ERROR in 0.07s]
[2025-11-01T11:46:16.077+0000] {subprocess.py:93} INFO - 11:46:16
[2025-11-01T11:46:16.081+0000] {subprocess.py:93} INFO - 11:46:16  Finished running 1 table model in 0 hours 0 minutes and 0.51 seconds (0.51s).
[2025-11-01T11:46:16.281+0000] {subprocess.py:93} INFO - 11:46:16
[2025-11-01T11:46:16.283+0000] {subprocess.py:93} INFO - 11:46:16  Completed with 1 error, 0 partial successes, and 0 warnings:
[2025-11-01T11:46:16.286+0000] {subprocess.py:93} INFO - 11:46:16
[2025-11-01T11:46:16.287+0000] {subprocess.py:93} INFO - 11:46:16  Failure in model silver_merchants (models/silver/silver_merchants.sql)
[2025-11-01T11:46:16.291+0000] {subprocess.py:93} INFO - 11:46:16    Compilation Error in model silver_merchants (models/silver/silver_merchants.sql)
[2025-11-01T11:46:16.292+0000] {subprocess.py:93} INFO -   macro 'dbt_macro__clickhouse__create_table_as' takes not more than 2 argument(s)
[2025-11-01T11:46:16.294+0000] {subprocess.py:93} INFO - 
[2025-11-01T11:46:16.295+0000] {subprocess.py:93} INFO -   > in macro create_table_as (macros/relations/table/create.sql)
[2025-11-01T11:46:16.295+0000] {subprocess.py:93} INFO -   > called by macro default__get_create_table_as_sql (macros/relations/table/create.sql)
[2025-11-01T11:46:16.296+0000] {subprocess.py:93} INFO -   > called by macro get_create_table_as_sql (macros/relations/table/create.sql)
[2025-11-01T11:46:16.296+0000] {subprocess.py:93} INFO -   > called by macro statement (macros/etc/statement.sql)
[2025-11-01T11:46:16.297+0000] {subprocess.py:93} INFO -   > called by macro materialization_table_clickhouse (macros/materializations/table.sql)
[2025-11-01T11:46:16.298+0000] {subprocess.py:93} INFO -   > called by model silver_merchants (models/silver/silver_merchants.sql)
[2025-11-01T11:46:16.298+0000] {subprocess.py:93} INFO - 11:46:16
[2025-11-01T11:46:16.301+0000] {subprocess.py:93} INFO - 11:46:16    compiled code at target/compiled/ck_project/models/silver/silver_merchants.sql
[2025-11-01T11:46:16.302+0000] {subprocess.py:93} INFO - 11:46:16
[2025-11-01T11:46:16.303+0000] {subprocess.py:93} INFO - 11:46:16  Done. PASS=0 WARN=0 ERROR=1 SKIP=0 NO-OP=0 TOTAL=1
[2025-11-01T11:46:17.538+0000] {subprocess.py:97} INFO - Command exited with return code 1
[2025-11-01T11:46:17.572+0000] {taskinstance.py:2698} ERROR - Task failed with exception
Traceback (most recent call last):
  File "/home/airflow/.local/lib/python3.8/site-packages/airflow/models/taskinstance.py", line 433, in _execute_task
    result = execute_callable(context=context, **execute_callable_kwargs)
  File "/home/airflow/.local/lib/python3.8/site-packages/airflow/operators/bash.py", line 212, in execute
    raise AirflowException(
airflow.exceptions.AirflowException: Bash command failed. The command returned a non-zero exit code 1.
[2025-11-01T11:46:17.581+0000] {taskinstance.py:1138} INFO - Marking task as FAILED. dag_id=ingestion_pipeline, task_id=silver_dbt.dbt_run_merchants, execution_date=20251030T000000, start_date=20251101T114609, end_date=20251101T114617
[2025-11-01T11:46:17.621+0000] {standard_task_runner.py:107} ERROR - Failed to execute job 44 for task silver_dbt.dbt_run_merchants (Bash command failed. The command returned a non-zero exit code 1.; 1110)
[2025-11-01T11:46:17.667+0000] {local_task_job_runner.py:234} INFO - Task exited with return code 1
[2025-11-01T11:46:17.765+0000] {taskinstance.py:3280} INFO - 0 downstream tasks scheduled from follow-on schedule check
