[2025-10-31T20:20:38.635+0000] {taskinstance.py:1956} INFO - Dependencies all met for dep_context=non-requeueable deps ti=<TaskInstance: ingestion_pipeline.silver_dbt.dbt_run_merchants manual__2025-10-31T20:15:25.195181+00:00 [queued]>
[2025-10-31T20:20:38.658+0000] {taskinstance.py:1956} INFO - Dependencies all met for dep_context=requeueable deps ti=<TaskInstance: ingestion_pipeline.silver_dbt.dbt_run_merchants manual__2025-10-31T20:15:25.195181+00:00 [queued]>
[2025-10-31T20:20:38.659+0000] {taskinstance.py:2170} INFO - Starting attempt 2 of 2
[2025-10-31T20:20:38.681+0000] {taskinstance.py:2191} INFO - Executing <Task(BashOperator): silver_dbt.dbt_run_merchants> on 2025-10-31 20:15:25.195181+00:00
[2025-10-31T20:20:38.688+0000] {standard_task_runner.py:60} INFO - Started process 1005 to run task
[2025-10-31T20:20:38.693+0000] {standard_task_runner.py:87} INFO - Running: ['***', 'tasks', 'run', 'ingestion_pipeline', 'silver_dbt.dbt_run_merchants', 'manual__2025-10-31T20:15:25.195181+00:00', '--job-id', '38', '--raw', '--subdir', 'DAGS_FOLDER/ingestion_dag.py', '--cfg-path', '/tmp/tmpsb7_6gnr']
[2025-10-31T20:20:38.697+0000] {standard_task_runner.py:88} INFO - Job 38: Subtask silver_dbt.dbt_run_merchants
[2025-10-31T20:20:38.774+0000] {task_command.py:423} INFO - Running <TaskInstance: ingestion_pipeline.silver_dbt.dbt_run_merchants manual__2025-10-31T20:15:25.195181+00:00 [running]> on host ee75c7088485
[2025-10-31T20:20:38.879+0000] {taskinstance.py:2480} INFO - Exporting env vars: AIRFLOW_CTX_DAG_OWNER='***' AIRFLOW_CTX_DAG_ID='ingestion_pipeline' AIRFLOW_CTX_TASK_ID='silver_dbt.dbt_run_merchants' AIRFLOW_CTX_EXECUTION_DATE='2025-10-31T20:15:25.195181+00:00' AIRFLOW_CTX_TRY_NUMBER='2' AIRFLOW_CTX_DAG_RUN_ID='manual__2025-10-31T20:15:25.195181+00:00'
[2025-10-31T20:20:38.881+0000] {subprocess.py:63} INFO - Tmp dir root location: /tmp
[2025-10-31T20:20:38.883+0000] {subprocess.py:75} INFO - Running command: ['/usr/bin/bash', '-c', "docker exec -i dbt bash -lc 'cd /dbt && dbt --no-use-colors run --profiles-dir /dbt --select silver_merchants --full-refresh'"]
[2025-10-31T20:20:38.894+0000] {subprocess.py:86} INFO - Output:
[2025-10-31T20:20:40.335+0000] {subprocess.py:93} INFO - 20:20:40  Running with dbt=1.10.13
[2025-10-31T20:20:40.575+0000] {subprocess.py:93} INFO - 20:20:40  Registered adapter: clickhouse=1.9.5
[2025-10-31T20:20:40.975+0000] {subprocess.py:93} INFO - 20:20:40  Found 3 models, 3 sources, 488 macros
[2025-10-31T20:20:40.980+0000] {subprocess.py:93} INFO - 20:20:40
[2025-10-31T20:20:40.981+0000] {subprocess.py:93} INFO - 20:20:40  Concurrency: 4 threads (target='dev')
[2025-10-31T20:20:40.983+0000] {subprocess.py:93} INFO - 20:20:40
[2025-10-31T20:20:41.246+0000] {subprocess.py:93} INFO - 20:20:41  1 of 1 START sql table model `silver`.`silver_merchants` ....................... [RUN]
[2025-10-31T20:20:41.391+0000] {subprocess.py:93} INFO - 20:20:41  1 of 1 ERROR creating sql table model `silver`.`silver_merchants` .............. [ERROR in 0.14s]
[2025-10-31T20:20:41.400+0000] {subprocess.py:93} INFO - 20:20:41
[2025-10-31T20:20:41.400+0000] {subprocess.py:93} INFO - 20:20:41  Finished running 1 table model in 0 hours 0 minutes and 0.42 seconds (0.42s).
[2025-10-31T20:20:41.453+0000] {subprocess.py:93} INFO - 20:20:41
[2025-10-31T20:20:41.453+0000] {subprocess.py:93} INFO - 20:20:41  Completed with 1 error, 0 partial successes, and 0 warnings:
[2025-10-31T20:20:41.455+0000] {subprocess.py:93} INFO - 20:20:41
[2025-10-31T20:20:41.457+0000] {subprocess.py:93} INFO - 20:20:41  Failure in model silver_merchants (models/silver/silver_merchants.sql)
[2025-10-31T20:20:41.458+0000] {subprocess.py:93} INFO - 20:20:41    Database Error in model silver_merchants (models/silver/silver_merchants.sql)
[2025-10-31T20:20:41.459+0000] {subprocess.py:93} INFO -   Code: 62.
[2025-10-31T20:20:41.459+0000] {subprocess.py:93} INFO -   DB::Exception: Syntax error: failed at position 1187 (end of query) (line 42, col 30): ;
[2025-10-31T20:20:41.460+0000] {subprocess.py:93} INFO -             )
[2025-10-31T20:20:41.460+0000] {subprocess.py:93} INFO - 
[2025-10-31T20:20:41.461+0000] {subprocess.py:93} INFO -           . Expected one of: OR, AND, IS NOT DISTINCT FROM, IS NULL, IS NOT NULL, BETWEEN, NOT BETWEEN, LIKE, ILIKE, NOT LIKE, NOT ILIKE, REGEXP, IN, NOT IN, GLOBAL IN, GLOBAL NOT IN, MOD, DIV, alias, AS, GROUP BY, WITH, HAVING, WINDOW, QUALIFY, ORDER BY, LIMIT, OFFSET, FETCH, SETTINGS, UNION, EXCEPT, INTERSECT. Stack trace:
[2025-10-31T20:20:41.461+0000] {subprocess.py:93} INFO - 
[2025-10-31T20:20:41.462+0000] {subprocess.py:93} INFO -   0. DB::Exception::Exception(DB::Exception::MessageMasked&&, int, bool) @ 0x00000000137a855f
[2025-10-31T20:20:41.462+0000] {subprocess.py:93} INFO -   1. DB::Exception::Exception(String const&, int, String, bool) @ 0x0000000012423c8e
[2025-10-31T20:20:41.462+0000] {subprocess.py:93} INFO -   2. DB::Exception::createDeprecated(String const&, int, bool) @ 0x0000000013a54f9f
[2025-10-31T20:20:41.463+0000] {subprocess.py:93} INFO -   3. DB::parseQueryAndMovePosition(DB::IParser&, char const*&, char const*, String const&, bool, unsigned long, unsigned long, unsigned long) @ 0x000000001aace132
[2025-10-31T20:20:41.463+0000] {subprocess.py:93} INFO -   4. DB::executeQueryImpl(char const*, char const*, std::shared_ptr<DB::Context>, DB::QueryFlags, DB::QueryProcessingStage::Enum, std::unique_ptr<DB::ReadBuffer, std::default_delete<DB::ReadBuffer>>&, std::shared_ptr<DB::IAST>&, std::shared_ptr<DB::ImplicitTransactionControlExecutor>) @ 0x0000000018779652
[2025-10-31T20:20:41.464+0000] {subprocess.py:93} INFO -   5. DB::executeQuery(String const&, std::shared_ptr<DB::Context>, DB::QueryFlags, DB::QueryProcessingStage::Enum) @ 0x00000000187786cb
[2025-10-31T20:20:41.464+0000] {subprocess.py:93} INFO -   6. DB::TCPHandler::runImpl() @ 0x0000000019e2d3db
[2025-10-31T20:20:41.464+0000] {subprocess.py:93} INFO -   7. DB::TCPHandler::run() @ 0x0000000019e4f119
[2025-10-31T20:20:41.465+0000] {subprocess.py:93} INFO -   8. Poco::Net::TCPServerConnection::start() @ 0x000000001ef4ed07
[2025-10-31T20:20:41.465+0000] {subprocess.py:93} INFO -   9. Poco::Net::TCPServerDispatcher::run() @ 0x000000001ef4f199
[2025-10-31T20:20:41.466+0000] {subprocess.py:93} INFO -   10. Poco::PooledThread::run() @ 0x000000001ef15b87
[2025-10-31T20:20:41.466+0000] {subprocess.py:93} INFO -   11. Poco::ThreadImpl::runnableEntry(void*) @ 0x000000001ef13f81
[2025-10-31T20:20:41.466+0000] {subprocess.py:93} INFO -   12. ? @ 0x0000000000094ac3
[2025-10-31T20:20:41.467+0000] {subprocess.py:93} INFO -   13. ? @ 0x0000000000125a74
[2025-10-31T20:20:41.467+0000] {subprocess.py:93} INFO - 20:20:41
[2025-10-31T20:20:41.468+0000] {subprocess.py:93} INFO - 20:20:41    compiled code at target/compiled/ck_project/models/silver/silver_merchants.sql
[2025-10-31T20:20:41.468+0000] {subprocess.py:93} INFO - 20:20:41
[2025-10-31T20:20:41.469+0000] {subprocess.py:93} INFO - 20:20:41  Done. PASS=0 WARN=0 ERROR=1 SKIP=0 NO-OP=0 TOTAL=1
[2025-10-31T20:20:42.303+0000] {subprocess.py:97} INFO - Command exited with return code 1
[2025-10-31T20:20:42.317+0000] {taskinstance.py:2698} ERROR - Task failed with exception
Traceback (most recent call last):
  File "/home/airflow/.local/lib/python3.8/site-packages/airflow/models/taskinstance.py", line 433, in _execute_task
    result = execute_callable(context=context, **execute_callable_kwargs)
  File "/home/airflow/.local/lib/python3.8/site-packages/airflow/operators/bash.py", line 212, in execute
    raise AirflowException(
airflow.exceptions.AirflowException: Bash command failed. The command returned a non-zero exit code 1.
[2025-10-31T20:20:42.320+0000] {taskinstance.py:1138} INFO - Marking task as FAILED. dag_id=ingestion_pipeline, task_id=silver_dbt.dbt_run_merchants, execution_date=20251031T201525, start_date=20251031T202038, end_date=20251031T202042
[2025-10-31T20:20:42.334+0000] {standard_task_runner.py:107} ERROR - Failed to execute job 38 for task silver_dbt.dbt_run_merchants (Bash command failed. The command returned a non-zero exit code 1.; 1005)
[2025-10-31T20:20:42.364+0000] {local_task_job_runner.py:234} INFO - Task exited with return code 1
[2025-10-31T20:20:42.383+0000] {taskinstance.py:3280} INFO - 0 downstream tasks scheduled from follow-on schedule check
