[2025-11-01T11:48:33.124+0000] {taskinstance.py:1956} INFO - Dependencies all met for dep_context=non-requeueable deps ti=<TaskInstance: ingestion_pipeline.silver_dbt.dbt_run_merchants manual__2025-11-01T11:48:28.061222+00:00 [queued]>
[2025-11-01T11:48:33.138+0000] {taskinstance.py:1956} INFO - Dependencies all met for dep_context=requeueable deps ti=<TaskInstance: ingestion_pipeline.silver_dbt.dbt_run_merchants manual__2025-11-01T11:48:28.061222+00:00 [queued]>
[2025-11-01T11:48:33.139+0000] {taskinstance.py:2170} INFO - Starting attempt 1 of 2
[2025-11-01T11:48:33.162+0000] {taskinstance.py:2191} INFO - Executing <Task(BashOperator): silver_dbt.dbt_run_merchants> on 2025-11-01 11:48:28.061222+00:00
[2025-11-01T11:48:33.171+0000] {standard_task_runner.py:60} INFO - Started process 1456 to run task
[2025-11-01T11:48:33.175+0000] {standard_task_runner.py:87} INFO - Running: ['***', 'tasks', 'run', 'ingestion_pipeline', 'silver_dbt.dbt_run_merchants', 'manual__2025-11-01T11:48:28.061222+00:00', '--job-id', '67', '--raw', '--subdir', 'DAGS_FOLDER/ingestion_dag.py', '--cfg-path', '/tmp/tmp3tlldj3k']
[2025-11-01T11:48:33.177+0000] {standard_task_runner.py:88} INFO - Job 67: Subtask silver_dbt.dbt_run_merchants
[2025-11-01T11:48:33.276+0000] {task_command.py:423} INFO - Running <TaskInstance: ingestion_pipeline.silver_dbt.dbt_run_merchants manual__2025-11-01T11:48:28.061222+00:00 [running]> on host 6ac9b46937d1
[2025-11-01T11:48:33.405+0000] {taskinstance.py:2480} INFO - Exporting env vars: AIRFLOW_CTX_DAG_OWNER='***' AIRFLOW_CTX_DAG_ID='ingestion_pipeline' AIRFLOW_CTX_TASK_ID='silver_dbt.dbt_run_merchants' AIRFLOW_CTX_EXECUTION_DATE='2025-11-01T11:48:28.061222+00:00' AIRFLOW_CTX_TRY_NUMBER='1' AIRFLOW_CTX_DAG_RUN_ID='manual__2025-11-01T11:48:28.061222+00:00'
[2025-11-01T11:48:33.407+0000] {subprocess.py:63} INFO - Tmp dir root location: /tmp
[2025-11-01T11:48:33.410+0000] {subprocess.py:75} INFO - Running command: ['/usr/bin/bash', '-c', "docker exec -i dbt bash -lc 'cd /dbt && dbt --no-use-colors run --profiles-dir /dbt --select silver_merchants --full-refresh'"]
[2025-11-01T11:48:33.425+0000] {subprocess.py:86} INFO - Output:
[2025-11-01T11:48:35.497+0000] {subprocess.py:93} INFO - 11:48:35  Running with dbt=1.10.13
[2025-11-01T11:48:35.791+0000] {subprocess.py:93} INFO - 11:48:35  Registered adapter: clickhouse=1.9.5
[2025-11-01T11:48:36.342+0000] {subprocess.py:93} INFO - 11:48:36  Found 3 models, 3 sources, 491 macros
[2025-11-01T11:48:36.348+0000] {subprocess.py:93} INFO - 11:48:36
[2025-11-01T11:48:36.349+0000] {subprocess.py:93} INFO - 11:48:36  Concurrency: 4 threads (target='dev')
[2025-11-01T11:48:36.351+0000] {subprocess.py:93} INFO - 11:48:36
[2025-11-01T11:48:36.694+0000] {subprocess.py:93} INFO - 11:48:36  1 of 1 START sql table model `silver`.`silver_merchants` ....................... [RUN]
[2025-11-01T11:48:36.838+0000] {subprocess.py:93} INFO - 11:48:36  1 of 1 ERROR creating sql table model `silver`.`silver_merchants` .............. [ERROR in 0.14s]
[2025-11-01T11:48:36.850+0000] {subprocess.py:93} INFO - 11:48:36
[2025-11-01T11:48:36.851+0000] {subprocess.py:93} INFO - 11:48:36  Finished running 1 table model in 0 hours 0 minutes and 0.50 seconds (0.50s).
[2025-11-01T11:48:36.925+0000] {subprocess.py:93} INFO - 11:48:36
[2025-11-01T11:48:36.926+0000] {subprocess.py:93} INFO - 11:48:36  Completed with 1 error, 0 partial successes, and 0 warnings:
[2025-11-01T11:48:36.928+0000] {subprocess.py:93} INFO - 11:48:36
[2025-11-01T11:48:36.930+0000] {subprocess.py:93} INFO - 11:48:36  Failure in model silver_merchants (models/silver/silver_merchants.sql)
[2025-11-01T11:48:36.931+0000] {subprocess.py:93} INFO - 11:48:36    Compilation Error in model silver_merchants (models/silver/silver_merchants.sql)
[2025-11-01T11:48:36.932+0000] {subprocess.py:93} INFO -   macro 'dbt_macro__clickhouse__create_table_as' takes not more than 2 argument(s)
[2025-11-01T11:48:36.932+0000] {subprocess.py:93} INFO - 
[2025-11-01T11:48:36.933+0000] {subprocess.py:93} INFO -   > in macro create_table_as (macros/relations/table/create.sql)
[2025-11-01T11:48:36.934+0000] {subprocess.py:93} INFO -   > called by macro default__get_create_table_as_sql (macros/relations/table/create.sql)
[2025-11-01T11:48:36.935+0000] {subprocess.py:93} INFO -   > called by macro get_create_table_as_sql (macros/relations/table/create.sql)
[2025-11-01T11:48:36.935+0000] {subprocess.py:93} INFO -   > called by macro statement (macros/etc/statement.sql)
[2025-11-01T11:48:36.937+0000] {subprocess.py:93} INFO -   > called by macro materialization_table_clickhouse (macros/materializations/table.sql)
[2025-11-01T11:48:36.938+0000] {subprocess.py:93} INFO -   > called by model silver_merchants (models/silver/silver_merchants.sql)
[2025-11-01T11:48:36.939+0000] {subprocess.py:93} INFO - 11:48:36
[2025-11-01T11:48:36.939+0000] {subprocess.py:93} INFO - 11:48:36    compiled code at target/compiled/ck_project/models/silver/silver_merchants.sql
[2025-11-01T11:48:36.940+0000] {subprocess.py:93} INFO - 11:48:36
[2025-11-01T11:48:36.940+0000] {subprocess.py:93} INFO - 11:48:36  Done. PASS=0 WARN=0 ERROR=1 SKIP=0 NO-OP=0 TOTAL=1
[2025-11-01T11:48:38.098+0000] {subprocess.py:97} INFO - Command exited with return code 1
[2025-11-01T11:48:38.123+0000] {taskinstance.py:2698} ERROR - Task failed with exception
Traceback (most recent call last):
  File "/home/airflow/.local/lib/python3.8/site-packages/airflow/models/taskinstance.py", line 433, in _execute_task
    result = execute_callable(context=context, **execute_callable_kwargs)
  File "/home/airflow/.local/lib/python3.8/site-packages/airflow/operators/bash.py", line 212, in execute
    raise AirflowException(
airflow.exceptions.AirflowException: Bash command failed. The command returned a non-zero exit code 1.
[2025-11-01T11:48:38.130+0000] {taskinstance.py:1138} INFO - Marking task as UP_FOR_RETRY. dag_id=ingestion_pipeline, task_id=silver_dbt.dbt_run_merchants, execution_date=20251101T114828, start_date=20251101T114833, end_date=20251101T114838
[2025-11-01T11:48:38.153+0000] {standard_task_runner.py:107} ERROR - Failed to execute job 67 for task silver_dbt.dbt_run_merchants (Bash command failed. The command returned a non-zero exit code 1.; 1456)
[2025-11-01T11:48:38.173+0000] {local_task_job_runner.py:234} INFO - Task exited with return code 1
[2025-11-01T11:48:38.207+0000] {taskinstance.py:3280} INFO - 0 downstream tasks scheduled from follow-on schedule check
