[2025-11-01T11:53:38.801+0000] {taskinstance.py:1956} INFO - Dependencies all met for dep_context=non-requeueable deps ti=<TaskInstance: ingestion_pipeline.silver_dbt.dbt_run_merchants manual__2025-11-01T11:48:28.061222+00:00 [queued]>
[2025-11-01T11:53:38.814+0000] {taskinstance.py:1956} INFO - Dependencies all met for dep_context=requeueable deps ti=<TaskInstance: ingestion_pipeline.silver_dbt.dbt_run_merchants manual__2025-11-01T11:48:28.061222+00:00 [queued]>
[2025-11-01T11:53:38.815+0000] {taskinstance.py:2170} INFO - Starting attempt 2 of 2
[2025-11-01T11:53:38.837+0000] {taskinstance.py:2191} INFO - Executing <Task(BashOperator): silver_dbt.dbt_run_merchants> on 2025-11-01 11:48:28.061222+00:00
[2025-11-01T11:53:38.845+0000] {standard_task_runner.py:60} INFO - Started process 1843 to run task
[2025-11-01T11:53:38.850+0000] {standard_task_runner.py:87} INFO - Running: ['***', 'tasks', 'run', 'ingestion_pipeline', 'silver_dbt.dbt_run_merchants', 'manual__2025-11-01T11:48:28.061222+00:00', '--job-id', '71', '--raw', '--subdir', 'DAGS_FOLDER/ingestion_dag.py', '--cfg-path', '/tmp/tmp31pn4b_t']
[2025-11-01T11:53:38.853+0000] {standard_task_runner.py:88} INFO - Job 71: Subtask silver_dbt.dbt_run_merchants
[2025-11-01T11:53:38.942+0000] {task_command.py:423} INFO - Running <TaskInstance: ingestion_pipeline.silver_dbt.dbt_run_merchants manual__2025-11-01T11:48:28.061222+00:00 [running]> on host 6ac9b46937d1
[2025-11-01T11:53:39.033+0000] {taskinstance.py:2480} INFO - Exporting env vars: AIRFLOW_CTX_DAG_OWNER='***' AIRFLOW_CTX_DAG_ID='ingestion_pipeline' AIRFLOW_CTX_TASK_ID='silver_dbt.dbt_run_merchants' AIRFLOW_CTX_EXECUTION_DATE='2025-11-01T11:48:28.061222+00:00' AIRFLOW_CTX_TRY_NUMBER='2' AIRFLOW_CTX_DAG_RUN_ID='manual__2025-11-01T11:48:28.061222+00:00'
[2025-11-01T11:53:39.035+0000] {subprocess.py:63} INFO - Tmp dir root location: /tmp
[2025-11-01T11:53:39.036+0000] {subprocess.py:75} INFO - Running command: ['/usr/bin/bash', '-c', "docker exec -i dbt bash -lc 'cd /dbt && dbt --no-use-colors run --profiles-dir /dbt --select silver_merchants --full-refresh'"]
[2025-11-01T11:53:39.047+0000] {subprocess.py:86} INFO - Output:
[2025-11-01T11:53:40.677+0000] {subprocess.py:93} INFO - 11:53:40  Running with dbt=1.10.13
[2025-11-01T11:53:40.924+0000] {subprocess.py:93} INFO - 11:53:40  Registered adapter: clickhouse=1.9.5
[2025-11-01T11:53:41.334+0000] {subprocess.py:93} INFO - 11:53:41  Found 3 models, 3 sources, 491 macros
[2025-11-01T11:53:41.342+0000] {subprocess.py:93} INFO - 11:53:41
[2025-11-01T11:53:41.345+0000] {subprocess.py:93} INFO - 11:53:41  Concurrency: 4 threads (target='dev')
[2025-11-01T11:53:41.346+0000] {subprocess.py:93} INFO - 11:53:41
[2025-11-01T11:53:41.633+0000] {subprocess.py:93} INFO - 11:53:41  1 of 1 START sql table model `silver`.`silver_merchants` ....................... [RUN]
[2025-11-01T11:53:41.814+0000] {subprocess.py:93} INFO - 11:53:41  1 of 1 ERROR creating sql table model `silver`.`silver_merchants` .............. [ERROR in 0.18s]
[2025-11-01T11:53:41.827+0000] {subprocess.py:93} INFO - 11:53:41
[2025-11-01T11:53:41.828+0000] {subprocess.py:93} INFO - 11:53:41  Finished running 1 table model in 0 hours 0 minutes and 0.48 seconds (0.48s).
[2025-11-01T11:53:41.911+0000] {subprocess.py:93} INFO - 11:53:41
[2025-11-01T11:53:41.913+0000] {subprocess.py:93} INFO - 11:53:41  Completed with 1 error, 0 partial successes, and 0 warnings:
[2025-11-01T11:53:41.914+0000] {subprocess.py:93} INFO - 11:53:41
[2025-11-01T11:53:41.916+0000] {subprocess.py:93} INFO - 11:53:41  Failure in model silver_merchants (models/silver/silver_merchants.sql)
[2025-11-01T11:53:41.917+0000] {subprocess.py:93} INFO - 11:53:41    Compilation Error in model silver_merchants (models/silver/silver_merchants.sql)
[2025-11-01T11:53:41.918+0000] {subprocess.py:93} INFO -   macro 'dbt_macro__clickhouse__create_table_as' takes not more than 2 argument(s)
[2025-11-01T11:53:41.919+0000] {subprocess.py:93} INFO - 
[2025-11-01T11:53:41.919+0000] {subprocess.py:93} INFO -   > in macro create_table_as (macros/relations/table/create.sql)
[2025-11-01T11:53:41.920+0000] {subprocess.py:93} INFO -   > called by macro default__get_create_table_as_sql (macros/relations/table/create.sql)
[2025-11-01T11:53:41.921+0000] {subprocess.py:93} INFO -   > called by macro get_create_table_as_sql (macros/relations/table/create.sql)
[2025-11-01T11:53:41.922+0000] {subprocess.py:93} INFO -   > called by macro statement (macros/etc/statement.sql)
[2025-11-01T11:53:41.923+0000] {subprocess.py:93} INFO -   > called by macro materialization_table_clickhouse (macros/materializations/table.sql)
[2025-11-01T11:53:41.923+0000] {subprocess.py:93} INFO -   > called by model silver_merchants (models/silver/silver_merchants.sql)
[2025-11-01T11:53:41.924+0000] {subprocess.py:93} INFO - 11:53:41
[2025-11-01T11:53:41.924+0000] {subprocess.py:93} INFO - 11:53:41    compiled code at target/compiled/ck_project/models/silver/silver_merchants.sql
[2025-11-01T11:53:41.925+0000] {subprocess.py:93} INFO - 11:53:41
[2025-11-01T11:53:41.925+0000] {subprocess.py:93} INFO - 11:53:41  Done. PASS=0 WARN=0 ERROR=1 SKIP=0 NO-OP=0 TOTAL=1
[2025-11-01T11:53:42.761+0000] {subprocess.py:97} INFO - Command exited with return code 1
[2025-11-01T11:53:42.774+0000] {taskinstance.py:2698} ERROR - Task failed with exception
Traceback (most recent call last):
  File "/home/airflow/.local/lib/python3.8/site-packages/airflow/models/taskinstance.py", line 433, in _execute_task
    result = execute_callable(context=context, **execute_callable_kwargs)
  File "/home/airflow/.local/lib/python3.8/site-packages/airflow/operators/bash.py", line 212, in execute
    raise AirflowException(
airflow.exceptions.AirflowException: Bash command failed. The command returned a non-zero exit code 1.
[2025-11-01T11:53:42.777+0000] {taskinstance.py:1138} INFO - Marking task as FAILED. dag_id=ingestion_pipeline, task_id=silver_dbt.dbt_run_merchants, execution_date=20251101T114828, start_date=20251101T115338, end_date=20251101T115342
[2025-11-01T11:53:42.799+0000] {standard_task_runner.py:107} ERROR - Failed to execute job 71 for task silver_dbt.dbt_run_merchants (Bash command failed. The command returned a non-zero exit code 1.; 1843)
[2025-11-01T11:53:42.842+0000] {local_task_job_runner.py:234} INFO - Task exited with return code 1
[2025-11-01T11:53:42.861+0000] {taskinstance.py:3280} INFO - 0 downstream tasks scheduled from follow-on schedule check
