[2025-10-31T18:54:25.374+0000] {taskinstance.py:1956} INFO - Dependencies all met for dep_context=non-requeueable deps ti=<TaskInstance: silver_transformation_pipeline.dbt_run_merchants scheduled__2025-10-30T00:00:00+00:00 [queued]>
[2025-10-31T18:54:25.388+0000] {taskinstance.py:1956} INFO - Dependencies all met for dep_context=requeueable deps ti=<TaskInstance: silver_transformation_pipeline.dbt_run_merchants scheduled__2025-10-30T00:00:00+00:00 [queued]>
[2025-10-31T18:54:25.389+0000] {taskinstance.py:2170} INFO - Starting attempt 1 of 2
[2025-10-31T18:54:25.407+0000] {taskinstance.py:2191} INFO - Executing <Task(BashOperator): dbt_run_merchants> on 2025-10-30 00:00:00+00:00
[2025-10-31T18:54:25.412+0000] {standard_task_runner.py:60} INFO - Started process 971 to run task
[2025-10-31T18:54:25.416+0000] {standard_task_runner.py:87} INFO - Running: ['***', 'tasks', 'run', 'silver_transformation_pipeline', 'dbt_run_merchants', 'scheduled__2025-10-30T00:00:00+00:00', '--job-id', '30', '--raw', '--subdir', 'DAGS_FOLDER/silver_dag.py', '--cfg-path', '/tmp/tmp7ao3tzob']
[2025-10-31T18:54:25.419+0000] {standard_task_runner.py:88} INFO - Job 30: Subtask dbt_run_merchants
[2025-10-31T18:54:25.525+0000] {task_command.py:423} INFO - Running <TaskInstance: silver_transformation_pipeline.dbt_run_merchants scheduled__2025-10-30T00:00:00+00:00 [running]> on host 516a89ff7ea8
[2025-10-31T18:54:25.652+0000] {taskinstance.py:2480} INFO - Exporting env vars: AIRFLOW_CTX_DAG_OWNER='***' AIRFLOW_CTX_DAG_ID='silver_transformation_pipeline' AIRFLOW_CTX_TASK_ID='dbt_run_merchants' AIRFLOW_CTX_EXECUTION_DATE='2025-10-30T00:00:00+00:00' AIRFLOW_CTX_TRY_NUMBER='1' AIRFLOW_CTX_DAG_RUN_ID='scheduled__2025-10-30T00:00:00+00:00'
[2025-10-31T18:54:25.654+0000] {subprocess.py:63} INFO - Tmp dir root location: /tmp
[2025-10-31T18:54:25.655+0000] {subprocess.py:75} INFO - Running command: ['/usr/bin/bash', '-c', "docker exec -i dbt bash -lc 'cd /dbt && dbt --no-use-colors run --profiles-dir /dbt --select silver_merchants --full-refresh'"]
[2025-10-31T18:54:25.672+0000] {subprocess.py:86} INFO - Output:
[2025-10-31T18:54:27.441+0000] {subprocess.py:93} INFO - 18:54:27  Running with dbt=1.10.13
[2025-10-31T18:54:27.692+0000] {subprocess.py:93} INFO - 18:54:27  Registered adapter: clickhouse=1.9.5
[2025-10-31T18:54:27.853+0000] {subprocess.py:93} INFO - 18:54:27  Unable to do partial parsing because config vars, config profile, or config target have changed
[2025-10-31T18:54:29.423+0000] {subprocess.py:93} INFO - 18:54:29  Found 3 models, 3 sources, 488 macros
[2025-10-31T18:54:29.427+0000] {subprocess.py:93} INFO - 18:54:29
[2025-10-31T18:54:29.428+0000] {subprocess.py:93} INFO - 18:54:29  Concurrency: 4 threads (target='dev')
[2025-10-31T18:54:29.430+0000] {subprocess.py:93} INFO - 18:54:29
[2025-10-31T18:54:29.720+0000] {subprocess.py:93} INFO - 18:54:29  1 of 1 START sql table model `silver`.`silver_merchants` ....................... [RUN]
[2025-10-31T18:54:29.824+0000] {subprocess.py:93} INFO - 18:54:29  1 of 1 ERROR creating sql table model `silver`.`silver_merchants` .............. [ERROR in 0.10s]
[2025-10-31T18:54:29.835+0000] {subprocess.py:93} INFO - 18:54:29
[2025-10-31T18:54:29.836+0000] {subprocess.py:93} INFO - 18:54:29  Finished running 1 table model in 0 hours 0 minutes and 0.40 seconds (0.40s).
[2025-10-31T18:54:29.987+0000] {subprocess.py:93} INFO - 18:54:29
[2025-10-31T18:54:29.989+0000] {subprocess.py:93} INFO - 18:54:29  Completed with 1 error, 0 partial successes, and 0 warnings:
[2025-10-31T18:54:29.990+0000] {subprocess.py:93} INFO - 18:54:29
[2025-10-31T18:54:29.992+0000] {subprocess.py:93} INFO - 18:54:29  Failure in model silver_merchants (models/silver/silver_merchants.sql)
[2025-10-31T18:54:29.994+0000] {subprocess.py:93} INFO - 18:54:29    Database Error in model silver_merchants (models/silver/silver_merchants.sql)
[2025-10-31T18:54:29.994+0000] {subprocess.py:93} INFO -   Code: 62.
[2025-10-31T18:54:29.995+0000] {subprocess.py:93} INFO -   DB::Exception: Syntax error: failed at position 1187 (end of query) (line 42, col 30): ;
[2025-10-31T18:54:29.996+0000] {subprocess.py:93} INFO -             )
[2025-10-31T18:54:29.996+0000] {subprocess.py:93} INFO - 
[2025-10-31T18:54:29.997+0000] {subprocess.py:93} INFO -           . Expected one of: OR, AND, IS NOT DISTINCT FROM, IS NULL, IS NOT NULL, BETWEEN, NOT BETWEEN, LIKE, ILIKE, NOT LIKE, NOT ILIKE, REGEXP, IN, NOT IN, GLOBAL IN, GLOBAL NOT IN, MOD, DIV, alias, AS, GROUP BY, WITH, HAVING, WINDOW, QUALIFY, ORDER BY, LIMIT, OFFSET, FETCH, SETTINGS, UNION, EXCEPT, INTERSECT. Stack trace:
[2025-10-31T18:54:29.997+0000] {subprocess.py:93} INFO - 
[2025-10-31T18:54:29.997+0000] {subprocess.py:93} INFO -   0. DB::Exception::Exception(DB::Exception::MessageMasked&&, int, bool) @ 0x00000000137a855f
[2025-10-31T18:54:29.998+0000] {subprocess.py:93} INFO -   1. DB::Exception::Exception(String const&, int, String, bool) @ 0x0000000012423c8e
[2025-10-31T18:54:29.998+0000] {subprocess.py:93} INFO -   2. DB::Exception::createDeprecated(String const&, int, bool) @ 0x0000000013a54f9f
[2025-10-31T18:54:29.999+0000] {subprocess.py:93} INFO -   3. DB::parseQueryAndMovePosition(DB::IParser&, char const*&, char const*, String const&, bool, unsigned long, unsigned long, unsigned long) @ 0x000000001aace132
[2025-10-31T18:54:29.999+0000] {subprocess.py:93} INFO -   4. DB::executeQueryImpl(char const*, char const*, std::shared_ptr<DB::Context>, DB::QueryFlags, DB::QueryProcessingStage::Enum, std::unique_ptr<DB::ReadBuffer, std::default_delete<DB::ReadBuffer>>&, std::shared_ptr<DB::IAST>&, std::shared_ptr<DB::ImplicitTransactionControlExecutor>) @ 0x0000000018779652
[2025-10-31T18:54:30.003+0000] {subprocess.py:93} INFO -   5. DB::executeQuery(String const&, std::shared_ptr<DB::Context>, DB::QueryFlags, DB::QueryProcessingStage::Enum) @ 0x00000000187786cb
[2025-10-31T18:54:30.003+0000] {subprocess.py:93} INFO -   6. DB::TCPHandler::runImpl() @ 0x0000000019e2d3db
[2025-10-31T18:54:30.004+0000] {subprocess.py:93} INFO -   7. DB::TCPHandler::run() @ 0x0000000019e4f119
[2025-10-31T18:54:30.004+0000] {subprocess.py:93} INFO -   8. Poco::Net::TCPServerConnection::start() @ 0x000000001ef4ed07
[2025-10-31T18:54:30.005+0000] {subprocess.py:93} INFO -   9. Poco::Net::TCPServerDispatcher::run() @ 0x000000001ef4f199
[2025-10-31T18:54:30.005+0000] {subprocess.py:93} INFO -   10. Poco::PooledThread::run() @ 0x000000001ef15b87
[2025-10-31T18:54:30.006+0000] {subprocess.py:93} INFO -   11. Poco::ThreadImpl::runnableEntry(void*) @ 0x000000001ef13f81
[2025-10-31T18:54:30.006+0000] {subprocess.py:93} INFO -   12. ? @ 0x0000000000094ac3
[2025-10-31T18:54:30.007+0000] {subprocess.py:93} INFO -   13. ? @ 0x0000000000125a74
[2025-10-31T18:54:30.007+0000] {subprocess.py:93} INFO - 18:54:29
[2025-10-31T18:54:30.007+0000] {subprocess.py:93} INFO - 18:54:29    compiled code at target/compiled/ck_project/models/silver/silver_merchants.sql
[2025-10-31T18:54:30.008+0000] {subprocess.py:93} INFO - 18:54:29
[2025-10-31T18:54:30.008+0000] {subprocess.py:93} INFO - 18:54:29  Done. PASS=0 WARN=0 ERROR=1 SKIP=0 NO-OP=0 TOTAL=1
[2025-10-31T18:54:30.974+0000] {subprocess.py:97} INFO - Command exited with return code 1
[2025-10-31T18:54:30.992+0000] {taskinstance.py:2698} ERROR - Task failed with exception
Traceback (most recent call last):
  File "/home/airflow/.local/lib/python3.8/site-packages/airflow/models/taskinstance.py", line 433, in _execute_task
    result = execute_callable(context=context, **execute_callable_kwargs)
  File "/home/airflow/.local/lib/python3.8/site-packages/airflow/operators/bash.py", line 212, in execute
    raise AirflowException(
airflow.exceptions.AirflowException: Bash command failed. The command returned a non-zero exit code 1.
[2025-10-31T18:54:30.995+0000] {taskinstance.py:1138} INFO - Marking task as UP_FOR_RETRY. dag_id=silver_transformation_pipeline, task_id=dbt_run_merchants, execution_date=20251030T000000, start_date=20251031T185425, end_date=20251031T185430
[2025-10-31T18:54:31.015+0000] {standard_task_runner.py:107} ERROR - Failed to execute job 30 for task dbt_run_merchants (Bash command failed. The command returned a non-zero exit code 1.; 971)
[2025-10-31T18:54:31.029+0000] {local_task_job_runner.py:234} INFO - Task exited with return code 1
[2025-10-31T18:54:31.057+0000] {taskinstance.py:3280} INFO - 0 downstream tasks scheduled from follow-on schedule check
[2025-11-01T11:41:28.610+0000] {taskinstance.py:1956} INFO - Dependencies all met for dep_context=non-requeueable deps ti=<TaskInstance: silver_transformation_pipeline.dbt_run_merchants scheduled__2025-10-30T00:00:00+00:00 [queued]>
[2025-11-01T11:41:28.624+0000] {taskinstance.py:1956} INFO - Dependencies all met for dep_context=requeueable deps ti=<TaskInstance: silver_transformation_pipeline.dbt_run_merchants scheduled__2025-10-30T00:00:00+00:00 [queued]>
[2025-11-01T11:41:28.625+0000] {taskinstance.py:2170} INFO - Starting attempt 1 of 2
[2025-11-01T11:41:28.657+0000] {taskinstance.py:2191} INFO - Executing <Task(BashOperator): dbt_run_merchants> on 2025-10-30 00:00:00+00:00
[2025-11-01T11:41:28.666+0000] {standard_task_runner.py:60} INFO - Started process 681 to run task
[2025-11-01T11:41:28.673+0000] {standard_task_runner.py:87} INFO - Running: ['***', 'tasks', 'run', 'silver_transformation_pipeline', 'dbt_run_merchants', 'scheduled__2025-10-30T00:00:00+00:00', '--job-id', '30', '--raw', '--subdir', 'DAGS_FOLDER/silver_dag.py', '--cfg-path', '/tmp/tmpuw710gse']
[2025-11-01T11:41:28.679+0000] {standard_task_runner.py:88} INFO - Job 30: Subtask dbt_run_merchants
[2025-11-01T11:41:28.837+0000] {task_command.py:423} INFO - Running <TaskInstance: silver_transformation_pipeline.dbt_run_merchants scheduled__2025-10-30T00:00:00+00:00 [running]> on host 6ac9b46937d1
[2025-11-01T11:41:29.085+0000] {taskinstance.py:2480} INFO - Exporting env vars: AIRFLOW_CTX_DAG_OWNER='***' AIRFLOW_CTX_DAG_ID='silver_transformation_pipeline' AIRFLOW_CTX_TASK_ID='dbt_run_merchants' AIRFLOW_CTX_EXECUTION_DATE='2025-10-30T00:00:00+00:00' AIRFLOW_CTX_TRY_NUMBER='1' AIRFLOW_CTX_DAG_RUN_ID='scheduled__2025-10-30T00:00:00+00:00'
[2025-11-01T11:41:29.091+0000] {subprocess.py:63} INFO - Tmp dir root location: /tmp
[2025-11-01T11:41:29.093+0000] {subprocess.py:75} INFO - Running command: ['/usr/bin/bash', '-c', "docker exec -i dbt bash -lc 'cd /dbt && dbt --no-use-colors run --profiles-dir /dbt --select silver_merchants --full-refresh'"]
[2025-11-01T11:41:29.117+0000] {subprocess.py:86} INFO - Output:
[2025-11-01T11:41:32.623+0000] {subprocess.py:93} INFO - 11:41:32  Running with dbt=1.10.13
[2025-11-01T11:41:33.156+0000] {subprocess.py:93} INFO - 11:41:33  Registered adapter: clickhouse=1.9.5
[2025-11-01T11:41:34.151+0000] {subprocess.py:93} INFO - 11:41:34  Found 3 models, 3 sources, 491 macros
[2025-11-01T11:41:34.158+0000] {subprocess.py:93} INFO - 11:41:34
[2025-11-01T11:41:34.161+0000] {subprocess.py:93} INFO - 11:41:34  Concurrency: 4 threads (target='dev')
[2025-11-01T11:41:34.163+0000] {subprocess.py:93} INFO - 11:41:34
[2025-11-01T11:41:34.723+0000] {subprocess.py:93} INFO - 11:41:34  1 of 1 START sql table model `silver`.`silver_merchants` ....................... [RUN]
[2025-11-01T11:41:34.936+0000] {subprocess.py:93} INFO - 11:41:34  1 of 1 ERROR creating sql table model `silver`.`silver_merchants` .............. [ERROR in 0.21s]
[2025-11-01T11:41:34.955+0000] {subprocess.py:93} INFO - 11:41:34
[2025-11-01T11:41:34.958+0000] {subprocess.py:93} INFO - 11:41:34  Finished running 1 table model in 0 hours 0 minutes and 0.79 seconds (0.79s).
[2025-11-01T11:41:35.141+0000] {subprocess.py:93} INFO - 11:41:35
[2025-11-01T11:41:35.142+0000] {subprocess.py:93} INFO - 11:41:35  Completed with 1 error, 0 partial successes, and 0 warnings:
[2025-11-01T11:41:35.143+0000] {subprocess.py:93} INFO - 11:41:35
[2025-11-01T11:41:35.147+0000] {subprocess.py:93} INFO - 11:41:35  Failure in model silver_merchants (models/silver/silver_merchants.sql)
[2025-11-01T11:41:35.151+0000] {subprocess.py:93} INFO - 11:41:35    Compilation Error in model silver_merchants (models/silver/silver_merchants.sql)
[2025-11-01T11:41:35.152+0000] {subprocess.py:93} INFO -   macro 'dbt_macro__clickhouse__create_table_as' takes not more than 2 argument(s)
[2025-11-01T11:41:35.153+0000] {subprocess.py:93} INFO - 
[2025-11-01T11:41:35.154+0000] {subprocess.py:93} INFO -   > in macro create_table_as (macros/relations/table/create.sql)
[2025-11-01T11:41:35.157+0000] {subprocess.py:93} INFO -   > called by macro default__get_create_table_as_sql (macros/relations/table/create.sql)
[2025-11-01T11:41:35.159+0000] {subprocess.py:93} INFO -   > called by macro get_create_table_as_sql (macros/relations/table/create.sql)
[2025-11-01T11:41:35.161+0000] {subprocess.py:93} INFO -   > called by macro statement (macros/etc/statement.sql)
[2025-11-01T11:41:35.162+0000] {subprocess.py:93} INFO -   > called by macro materialization_table_clickhouse (macros/materializations/table.sql)
[2025-11-01T11:41:35.163+0000] {subprocess.py:93} INFO -   > called by model silver_merchants (models/silver/silver_merchants.sql)
[2025-11-01T11:41:35.164+0000] {subprocess.py:93} INFO - 11:41:35
[2025-11-01T11:41:35.165+0000] {subprocess.py:93} INFO - 11:41:35    compiled code at target/compiled/ck_project/models/silver/silver_merchants.sql
[2025-11-01T11:41:35.166+0000] {subprocess.py:93} INFO - 11:41:35
[2025-11-01T11:41:35.167+0000] {subprocess.py:93} INFO - 11:41:35  Done. PASS=0 WARN=0 ERROR=1 SKIP=0 NO-OP=0 TOTAL=1
[2025-11-01T11:41:36.347+0000] {subprocess.py:97} INFO - Command exited with return code 1
[2025-11-01T11:41:36.376+0000] {taskinstance.py:2698} ERROR - Task failed with exception
Traceback (most recent call last):
  File "/home/airflow/.local/lib/python3.8/site-packages/airflow/models/taskinstance.py", line 433, in _execute_task
    result = execute_callable(context=context, **execute_callable_kwargs)
  File "/home/airflow/.local/lib/python3.8/site-packages/airflow/operators/bash.py", line 212, in execute
    raise AirflowException(
airflow.exceptions.AirflowException: Bash command failed. The command returned a non-zero exit code 1.
[2025-11-01T11:41:36.382+0000] {taskinstance.py:1138} INFO - Marking task as UP_FOR_RETRY. dag_id=silver_transformation_pipeline, task_id=dbt_run_merchants, execution_date=20251030T000000, start_date=20251101T114128, end_date=20251101T114136
[2025-11-01T11:41:36.490+0000] {standard_task_runner.py:107} ERROR - Failed to execute job 30 for task dbt_run_merchants (Bash command failed. The command returned a non-zero exit code 1.; 681)
[2025-11-01T11:41:36.552+0000] {local_task_job_runner.py:234} INFO - Task exited with return code 1
[2025-11-01T11:41:36.601+0000] {taskinstance.py:3280} INFO - 0 downstream tasks scheduled from follow-on schedule check
