[2025-11-01T18:57:06.062+0000] {taskinstance.py:1956} INFO - Dependencies all met for dep_context=non-requeueable deps ti=<TaskInstance: silver_transformation_pipeline.dbt_run_merchants manual__2025-11-01T18:51:58.758403+00:00 [queued]>
[2025-11-01T18:57:06.071+0000] {taskinstance.py:1956} INFO - Dependencies all met for dep_context=requeueable deps ti=<TaskInstance: silver_transformation_pipeline.dbt_run_merchants manual__2025-11-01T18:51:58.758403+00:00 [queued]>
[2025-11-01T18:57:06.072+0000] {taskinstance.py:2170} INFO - Starting attempt 2 of 2
[2025-11-01T18:57:06.086+0000] {taskinstance.py:2191} INFO - Executing <Task(PythonOperator): dbt_run_merchants> on 2025-11-01 18:51:58.758403+00:00
[2025-11-01T18:57:06.094+0000] {standard_task_runner.py:60} INFO - Started process 8603 to run task
[2025-11-01T18:57:06.098+0000] {standard_task_runner.py:87} INFO - Running: ['***', 'tasks', 'run', 'silver_transformation_pipeline', 'dbt_run_merchants', 'manual__2025-11-01T18:51:58.758403+00:00', '--job-id', '160', '--raw', '--subdir', 'DAGS_FOLDER/silver_dag.py', '--cfg-path', '/tmp/tmpozlmtqjr']
[2025-11-01T18:57:06.102+0000] {standard_task_runner.py:88} INFO - Job 160: Subtask dbt_run_merchants
[2025-11-01T18:57:06.183+0000] {task_command.py:423} INFO - Running <TaskInstance: silver_transformation_pipeline.dbt_run_merchants manual__2025-11-01T18:51:58.758403+00:00 [running]> on host 69cecc54c654
[2025-11-01T18:57:06.275+0000] {taskinstance.py:2480} INFO - Exporting env vars: AIRFLOW_CTX_DAG_OWNER='***' AIRFLOW_CTX_DAG_ID='silver_transformation_pipeline' AIRFLOW_CTX_TASK_ID='dbt_run_merchants' AIRFLOW_CTX_EXECUTION_DATE='2025-11-01T18:51:58.758403+00:00' AIRFLOW_CTX_TRY_NUMBER='2' AIRFLOW_CTX_DAG_RUN_ID='manual__2025-11-01T18:51:58.758403+00:00'
[2025-11-01T18:57:09.886+0000] {taskinstance.py:2698} ERROR - Task failed with exception
Traceback (most recent call last):
  File "/home/airflow/.local/lib/python3.8/site-packages/airflow/models/taskinstance.py", line 433, in _execute_task
    result = execute_callable(context=context, **execute_callable_kwargs)
  File "/home/airflow/.local/lib/python3.8/site-packages/airflow/operators/python.py", line 199, in execute
    return_value = self.execute_callable()
  File "/home/airflow/.local/lib/python3.8/site-packages/airflow/operators/python.py", line 216, in execute_callable
    return self.python_callable(*self.op_args, **self.op_kwargs)
  File "/opt/airflow/dags/silver_dag.py", line 191, in <lambda>
    python_callable=lambda ds, **_: _run_dbt("silver_merchants", ds=ds, full_refresh=True, pass_ds_lagged=False),
  File "/opt/airflow/dags/silver_dag.py", line 149, in _run_dbt
    raise RuntimeError(f"dbt failed ({proc.returncode}).\nSTDOUT:\n{proc.stdout}\n\nSTDERR:\n{proc.stderr}")
RuntimeError: dbt failed (2).
STDOUT:
18:57:08  Running with dbt=1.5.9
18:57:08  Registered adapter: clickhouse=1.5.2
18:57:09  Encountered an error:
Compilation Error in model silver_merchants (models/silver/silver_merchants.sql)
  invalid syntax for function call expression
    line 7
      {{ config(


STDERR:

[2025-11-01T18:57:09.902+0000] {taskinstance.py:1138} INFO - Marking task as FAILED. dag_id=silver_transformation_pipeline, task_id=dbt_run_merchants, execution_date=20251101T185158, start_date=20251101T185706, end_date=20251101T185709
[2025-11-01T18:57:09.923+0000] {standard_task_runner.py:107} ERROR - Failed to execute job 160 for task dbt_run_merchants (dbt failed (2).
STDOUT:
18:57:08  Running with dbt=1.5.9
18:57:08  Registered adapter: clickhouse=1.5.2
18:57:09  Encountered an error:
Compilation Error in model silver_merchants (models/silver/silver_merchants.sql)
  invalid syntax for function call expression
    line 7
      {{ config(


STDERR:
; 8603)
[2025-11-01T18:57:09.933+0000] {local_task_job_runner.py:234} INFO - Task exited with return code 1
[2025-11-01T18:57:09.958+0000] {taskinstance.py:3280} INFO - 0 downstream tasks scheduled from follow-on schedule check
