[2025-11-01T11:46:09.504+0000] {taskinstance.py:1956} INFO - Dependencies all met for dep_context=non-requeueable deps ti=<TaskInstance: ingestion_pipeline.silver_dbt.dbt_run_merchants scheduled__2025-10-31T00:00:00+00:00 [queued]>
[2025-11-01T11:46:09.523+0000] {taskinstance.py:1956} INFO - Dependencies all met for dep_context=requeueable deps ti=<TaskInstance: ingestion_pipeline.silver_dbt.dbt_run_merchants scheduled__2025-10-31T00:00:00+00:00 [queued]>
[2025-11-01T11:46:09.524+0000] {taskinstance.py:2170} INFO - Starting attempt 2 of 2
[2025-11-01T11:46:09.546+0000] {taskinstance.py:2191} INFO - Executing <Task(BashOperator): silver_dbt.dbt_run_merchants> on 2025-10-31 00:00:00+00:00
[2025-11-01T11:46:09.552+0000] {standard_task_runner.py:60} INFO - Started process 1111 to run task
[2025-11-01T11:46:09.558+0000] {standard_task_runner.py:87} INFO - Running: ['***', 'tasks', 'run', 'ingestion_pipeline', 'silver_dbt.dbt_run_merchants', 'scheduled__2025-10-31T00:00:00+00:00', '--job-id', '45', '--raw', '--subdir', 'DAGS_FOLDER/ingestion_dag.py', '--cfg-path', '/tmp/tmpnlsshqng']
[2025-11-01T11:46:09.562+0000] {standard_task_runner.py:88} INFO - Job 45: Subtask silver_dbt.dbt_run_merchants
[2025-11-01T11:46:09.678+0000] {task_command.py:423} INFO - Running <TaskInstance: ingestion_pipeline.silver_dbt.dbt_run_merchants scheduled__2025-10-31T00:00:00+00:00 [running]> on host 6ac9b46937d1
[2025-11-01T11:46:09.882+0000] {taskinstance.py:2480} INFO - Exporting env vars: AIRFLOW_CTX_DAG_OWNER='***' AIRFLOW_CTX_DAG_ID='ingestion_pipeline' AIRFLOW_CTX_TASK_ID='silver_dbt.dbt_run_merchants' AIRFLOW_CTX_EXECUTION_DATE='2025-10-31T00:00:00+00:00' AIRFLOW_CTX_TRY_NUMBER='2' AIRFLOW_CTX_DAG_RUN_ID='scheduled__2025-10-31T00:00:00+00:00'
[2025-11-01T11:46:09.884+0000] {subprocess.py:63} INFO - Tmp dir root location: /tmp
[2025-11-01T11:46:09.889+0000] {subprocess.py:75} INFO - Running command: ['/usr/bin/bash', '-c', "docker exec -i dbt bash -lc 'cd /dbt && dbt --no-use-colors run --profiles-dir /dbt --select silver_merchants --full-refresh'"]
[2025-11-01T11:46:09.912+0000] {subprocess.py:86} INFO - Output:
[2025-11-01T11:46:12.681+0000] {subprocess.py:93} INFO - 11:46:12  Running with dbt=1.10.13
[2025-11-01T11:46:13.108+0000] {subprocess.py:93} INFO - 11:46:13  Registered adapter: clickhouse=1.9.5
[2025-11-01T11:46:13.400+0000] {subprocess.py:93} INFO - 11:46:13  Unable to do partial parsing because config vars, config profile, or config target have changed
[2025-11-01T11:46:15.788+0000] {subprocess.py:93} INFO - 11:46:15  Found 3 models, 3 sources, 491 macros
[2025-11-01T11:46:15.801+0000] {subprocess.py:93} INFO - 11:46:15
[2025-11-01T11:46:15.802+0000] {subprocess.py:93} INFO - 11:46:15  Concurrency: 4 threads (target='dev')
[2025-11-01T11:46:15.804+0000] {subprocess.py:93} INFO - 11:46:15
[2025-11-01T11:46:16.213+0000] {subprocess.py:93} INFO - 11:46:16  1 of 1 START sql table model `silver`.`silver_merchants` ....................... [RUN]
[2025-11-01T11:46:16.305+0000] {subprocess.py:93} INFO - 11:46:16  1 of 1 ERROR creating sql table model `silver`.`silver_merchants` .............. [ERROR in 0.08s]
[2025-11-01T11:46:16.313+0000] {subprocess.py:93} INFO - 11:46:16
[2025-11-01T11:46:16.317+0000] {subprocess.py:93} INFO - 11:46:16  Finished running 1 table model in 0 hours 0 minutes and 0.51 seconds (0.51s).
[2025-11-01T11:46:16.545+0000] {subprocess.py:93} INFO - 11:46:16
[2025-11-01T11:46:16.553+0000] {subprocess.py:93} INFO - 11:46:16  Completed with 1 error, 0 partial successes, and 0 warnings:
[2025-11-01T11:46:16.561+0000] {subprocess.py:93} INFO - 11:46:16
[2025-11-01T11:46:16.563+0000] {subprocess.py:93} INFO - 11:46:16  Failure in model silver_merchants (models/silver/silver_merchants.sql)
[2025-11-01T11:46:16.565+0000] {subprocess.py:93} INFO - 11:46:16    Compilation Error in model silver_merchants (models/silver/silver_merchants.sql)
[2025-11-01T11:46:16.567+0000] {subprocess.py:93} INFO -   macro 'dbt_macro__clickhouse__create_table_as' takes not more than 2 argument(s)
[2025-11-01T11:46:16.575+0000] {subprocess.py:93} INFO - 
[2025-11-01T11:46:16.576+0000] {subprocess.py:93} INFO -   > in macro create_table_as (macros/relations/table/create.sql)
[2025-11-01T11:46:16.577+0000] {subprocess.py:93} INFO -   > called by macro default__get_create_table_as_sql (macros/relations/table/create.sql)
[2025-11-01T11:46:16.577+0000] {subprocess.py:93} INFO -   > called by macro get_create_table_as_sql (macros/relations/table/create.sql)
[2025-11-01T11:46:16.578+0000] {subprocess.py:93} INFO -   > called by macro statement (macros/etc/statement.sql)
[2025-11-01T11:46:16.579+0000] {subprocess.py:93} INFO -   > called by macro materialization_table_clickhouse (macros/materializations/table.sql)
[2025-11-01T11:46:16.580+0000] {subprocess.py:93} INFO -   > called by model silver_merchants (models/silver/silver_merchants.sql)
[2025-11-01T11:46:16.581+0000] {subprocess.py:93} INFO - 11:46:16
[2025-11-01T11:46:16.582+0000] {subprocess.py:93} INFO - 11:46:16    compiled code at target/compiled/ck_project/models/silver/silver_merchants.sql
[2025-11-01T11:46:16.583+0000] {subprocess.py:93} INFO - 11:46:16
[2025-11-01T11:46:16.583+0000] {subprocess.py:93} INFO - 11:46:16  Done. PASS=0 WARN=0 ERROR=1 SKIP=0 NO-OP=0 TOTAL=1
[2025-11-01T11:46:18.019+0000] {subprocess.py:97} INFO - Command exited with return code 1
[2025-11-01T11:46:18.083+0000] {taskinstance.py:2698} ERROR - Task failed with exception
Traceback (most recent call last):
  File "/home/airflow/.local/lib/python3.8/site-packages/airflow/models/taskinstance.py", line 433, in _execute_task
    result = execute_callable(context=context, **execute_callable_kwargs)
  File "/home/airflow/.local/lib/python3.8/site-packages/airflow/operators/bash.py", line 212, in execute
    raise AirflowException(
airflow.exceptions.AirflowException: Bash command failed. The command returned a non-zero exit code 1.
[2025-11-01T11:46:18.099+0000] {taskinstance.py:1138} INFO - Marking task as FAILED. dag_id=ingestion_pipeline, task_id=silver_dbt.dbt_run_merchants, execution_date=20251031T000000, start_date=20251101T114609, end_date=20251101T114618
[2025-11-01T11:46:18.188+0000] {standard_task_runner.py:107} ERROR - Failed to execute job 45 for task silver_dbt.dbt_run_merchants (Bash command failed. The command returned a non-zero exit code 1.; 1111)
[2025-11-01T11:46:18.251+0000] {local_task_job_runner.py:234} INFO - Task exited with return code 1
[2025-11-01T11:46:18.296+0000] {taskinstance.py:3280} INFO - 0 downstream tasks scheduled from follow-on schedule check
