[2025-10-31T23:03:53.285+0000] {taskinstance.py:1956} INFO - Dependencies all met for dep_context=non-requeueable deps ti=<TaskInstance: ingestion_pipeline.silver_dbt.dbt_run_merchants manual__2025-10-31T22:58:39.086063+00:00 [queued]>
[2025-10-31T23:03:53.306+0000] {taskinstance.py:1956} INFO - Dependencies all met for dep_context=requeueable deps ti=<TaskInstance: ingestion_pipeline.silver_dbt.dbt_run_merchants manual__2025-10-31T22:58:39.086063+00:00 [queued]>
[2025-10-31T23:03:53.342+0000] {taskinstance.py:2170} INFO - Starting attempt 2 of 2
[2025-10-31T23:03:53.421+0000] {taskinstance.py:2191} INFO - Executing <Task(BashOperator): silver_dbt.dbt_run_merchants> on 2025-10-31 22:58:39.086063+00:00
[2025-10-31T23:03:53.434+0000] {standard_task_runner.py:60} INFO - Started process 779 to run task
[2025-10-31T23:03:53.439+0000] {standard_task_runner.py:87} INFO - Running: ['***', 'tasks', 'run', 'ingestion_pipeline', 'silver_dbt.dbt_run_merchants', 'manual__2025-10-31T22:58:39.086063+00:00', '--job-id', '19', '--raw', '--subdir', 'DAGS_FOLDER/ingestion_dag.py', '--cfg-path', '/tmp/tmpk1c3v_bs']
[2025-10-31T23:03:53.467+0000] {standard_task_runner.py:88} INFO - Job 19: Subtask silver_dbt.dbt_run_merchants
[2025-10-31T23:03:53.606+0000] {task_command.py:423} INFO - Running <TaskInstance: ingestion_pipeline.silver_dbt.dbt_run_merchants manual__2025-10-31T22:58:39.086063+00:00 [running]> on host ad620feb6bee
[2025-10-31T23:03:53.759+0000] {taskinstance.py:2480} INFO - Exporting env vars: AIRFLOW_CTX_DAG_OWNER='***' AIRFLOW_CTX_DAG_ID='ingestion_pipeline' AIRFLOW_CTX_TASK_ID='silver_dbt.dbt_run_merchants' AIRFLOW_CTX_EXECUTION_DATE='2025-10-31T22:58:39.086063+00:00' AIRFLOW_CTX_TRY_NUMBER='2' AIRFLOW_CTX_DAG_RUN_ID='manual__2025-10-31T22:58:39.086063+00:00'
[2025-10-31T23:03:53.761+0000] {subprocess.py:63} INFO - Tmp dir root location: /tmp
[2025-10-31T23:03:53.763+0000] {subprocess.py:75} INFO - Running command: ['/usr/bin/bash', '-c', "docker exec -i dbt bash -lc 'set -e; cd /dbt && dbt --no-use-colors run --profiles-dir /dbt --select silver_merchants --full-refresh'"]
[2025-10-31T23:03:53.782+0000] {subprocess.py:86} INFO - Output:
[2025-10-31T23:03:56.209+0000] {subprocess.py:93} INFO - 23:03:56  Running with dbt=1.10.13
[2025-10-31T23:03:56.565+0000] {subprocess.py:93} INFO - 23:03:56  Registered adapter: clickhouse=1.9.5
[2025-10-31T23:03:57.043+0000] {subprocess.py:93} INFO - 23:03:57  Found 3 models, 3 sources, 491 macros
[2025-10-31T23:03:57.050+0000] {subprocess.py:93} INFO - 23:03:57
[2025-10-31T23:03:57.052+0000] {subprocess.py:93} INFO - 23:03:57  Concurrency: 4 threads (target='dev')
[2025-10-31T23:03:57.053+0000] {subprocess.py:93} INFO - 23:03:57
[2025-10-31T23:03:57.397+0000] {subprocess.py:93} INFO - 23:03:57  1 of 1 START sql table model `silver`.`silver_merchants` ....................... [RUN]
[2025-10-31T23:03:57.549+0000] {subprocess.py:93} INFO - 23:03:57  1 of 1 ERROR creating sql table model `silver`.`silver_merchants` .............. [ERROR in 0.14s]
[2025-10-31T23:03:57.560+0000] {subprocess.py:93} INFO - 23:03:57
[2025-10-31T23:03:57.561+0000] {subprocess.py:93} INFO - 23:03:57  Finished running 1 table model in 0 hours 0 minutes and 0.51 seconds (0.51s).
[2025-10-31T23:03:57.656+0000] {subprocess.py:93} INFO - 23:03:57
[2025-10-31T23:03:57.657+0000] {subprocess.py:93} INFO - 23:03:57  Completed with 1 error, 0 partial successes, and 0 warnings:
[2025-10-31T23:03:57.660+0000] {subprocess.py:93} INFO - 23:03:57
[2025-10-31T23:03:57.674+0000] {subprocess.py:93} INFO - 23:03:57  Failure in model silver_merchants (models/silver/silver_merchants.sql)
[2025-10-31T23:03:57.675+0000] {subprocess.py:93} INFO - 23:03:57    Compilation Error in model silver_merchants (models/silver/silver_merchants.sql)
[2025-10-31T23:03:57.676+0000] {subprocess.py:93} INFO -   macro 'dbt_macro__clickhouse__create_table_as' takes not more than 2 argument(s)
[2025-10-31T23:03:57.677+0000] {subprocess.py:93} INFO - 
[2025-10-31T23:03:57.680+0000] {subprocess.py:93} INFO -   > in macro create_table_as (macros/relations/table/create.sql)
[2025-10-31T23:03:57.681+0000] {subprocess.py:93} INFO -   > called by macro default__get_create_table_as_sql (macros/relations/table/create.sql)
[2025-10-31T23:03:57.682+0000] {subprocess.py:93} INFO -   > called by macro get_create_table_as_sql (macros/relations/table/create.sql)
[2025-10-31T23:03:57.683+0000] {subprocess.py:93} INFO -   > called by macro statement (macros/etc/statement.sql)
[2025-10-31T23:03:57.684+0000] {subprocess.py:93} INFO -   > called by macro materialization_table_clickhouse (macros/materializations/table.sql)
[2025-10-31T23:03:57.687+0000] {subprocess.py:93} INFO -   > called by model silver_merchants (models/silver/silver_merchants.sql)
[2025-10-31T23:03:57.689+0000] {subprocess.py:93} INFO - 23:03:57
[2025-10-31T23:03:57.691+0000] {subprocess.py:93} INFO - 23:03:57    compiled code at target/compiled/ck_project/models/silver/silver_merchants.sql
[2025-10-31T23:03:57.692+0000] {subprocess.py:93} INFO - 23:03:57
[2025-10-31T23:03:57.693+0000] {subprocess.py:93} INFO - 23:03:57  Done. PASS=0 WARN=0 ERROR=1 SKIP=0 NO-OP=0 TOTAL=1
[2025-10-31T23:03:58.895+0000] {subprocess.py:97} INFO - Command exited with return code 1
[2025-10-31T23:03:58.917+0000] {taskinstance.py:2698} ERROR - Task failed with exception
Traceback (most recent call last):
  File "/home/airflow/.local/lib/python3.8/site-packages/airflow/models/taskinstance.py", line 433, in _execute_task
    result = execute_callable(context=context, **execute_callable_kwargs)
  File "/home/airflow/.local/lib/python3.8/site-packages/airflow/operators/bash.py", line 212, in execute
    raise AirflowException(
airflow.exceptions.AirflowException: Bash command failed. The command returned a non-zero exit code 1.
[2025-10-31T23:03:58.922+0000] {taskinstance.py:1138} INFO - Marking task as FAILED. dag_id=ingestion_pipeline, task_id=silver_dbt.dbt_run_merchants, execution_date=20251031T225839, start_date=20251031T230353, end_date=20251031T230358
[2025-10-31T23:03:58.948+0000] {standard_task_runner.py:107} ERROR - Failed to execute job 19 for task silver_dbt.dbt_run_merchants (Bash command failed. The command returned a non-zero exit code 1.; 779)
[2025-10-31T23:03:58.970+0000] {local_task_job_runner.py:234} INFO - Task exited with return code 1
[2025-10-31T23:03:59.002+0000] {taskinstance.py:3280} INFO - 0 downstream tasks scheduled from follow-on schedule check
