[2025-10-31T22:58:44.881+0000] {taskinstance.py:1956} INFO - Dependencies all met for dep_context=non-requeueable deps ti=<TaskInstance: ingestion_pipeline.silver_dbt.dbt_run_merchants manual__2025-10-31T22:58:39.086063+00:00 [queued]>
[2025-10-31T22:58:44.896+0000] {taskinstance.py:1956} INFO - Dependencies all met for dep_context=requeueable deps ti=<TaskInstance: ingestion_pipeline.silver_dbt.dbt_run_merchants manual__2025-10-31T22:58:39.086063+00:00 [queued]>
[2025-10-31T22:58:44.897+0000] {taskinstance.py:2170} INFO - Starting attempt 1 of 2
[2025-10-31T22:58:44.923+0000] {taskinstance.py:2191} INFO - Executing <Task(BashOperator): silver_dbt.dbt_run_merchants> on 2025-10-31 22:58:39.086063+00:00
[2025-10-31T22:58:44.933+0000] {standard_task_runner.py:60} INFO - Started process 387 to run task
[2025-10-31T22:58:44.938+0000] {standard_task_runner.py:87} INFO - Running: ['***', 'tasks', 'run', 'ingestion_pipeline', 'silver_dbt.dbt_run_merchants', 'manual__2025-10-31T22:58:39.086063+00:00', '--job-id', '12', '--raw', '--subdir', 'DAGS_FOLDER/ingestion_dag.py', '--cfg-path', '/tmp/tmpkq46ku6b']
[2025-10-31T22:58:44.941+0000] {standard_task_runner.py:88} INFO - Job 12: Subtask silver_dbt.dbt_run_merchants
[2025-10-31T22:58:45.031+0000] {task_command.py:423} INFO - Running <TaskInstance: ingestion_pipeline.silver_dbt.dbt_run_merchants manual__2025-10-31T22:58:39.086063+00:00 [running]> on host ad620feb6bee
[2025-10-31T22:58:45.153+0000] {taskinstance.py:2480} INFO - Exporting env vars: AIRFLOW_CTX_DAG_OWNER='***' AIRFLOW_CTX_DAG_ID='ingestion_pipeline' AIRFLOW_CTX_TASK_ID='silver_dbt.dbt_run_merchants' AIRFLOW_CTX_EXECUTION_DATE='2025-10-31T22:58:39.086063+00:00' AIRFLOW_CTX_TRY_NUMBER='1' AIRFLOW_CTX_DAG_RUN_ID='manual__2025-10-31T22:58:39.086063+00:00'
[2025-10-31T22:58:45.156+0000] {subprocess.py:63} INFO - Tmp dir root location: /tmp
[2025-10-31T22:58:45.160+0000] {subprocess.py:75} INFO - Running command: ['/usr/bin/bash', '-c', "docker exec -i dbt bash -lc 'set -e; cd /dbt && dbt --no-use-colors run --profiles-dir /dbt --select silver_merchants --full-refresh'"]
[2025-10-31T22:58:45.178+0000] {subprocess.py:86} INFO - Output:
[2025-10-31T22:58:47.843+0000] {subprocess.py:93} INFO - 22:58:47  Running with dbt=1.10.13
[2025-10-31T22:58:48.229+0000] {subprocess.py:93} INFO - 22:58:48  Registered adapter: clickhouse=1.9.5
[2025-10-31T22:58:48.580+0000] {subprocess.py:93} INFO - 22:58:48  Unable to do partial parsing because config vars, config profile, or config target have changed
[2025-10-31T22:58:50.571+0000] {subprocess.py:93} INFO - 22:58:50  Found 3 models, 3 sources, 491 macros
[2025-10-31T22:58:50.579+0000] {subprocess.py:93} INFO - 22:58:50
[2025-10-31T22:58:50.583+0000] {subprocess.py:93} INFO - 22:58:50  Concurrency: 4 threads (target='dev')
[2025-10-31T22:58:50.588+0000] {subprocess.py:93} INFO - 22:58:50
[2025-10-31T22:58:50.974+0000] {subprocess.py:93} INFO - 22:58:50  1 of 1 START sql table model `silver`.`silver_merchants` ....................... [RUN]
[2025-10-31T22:58:51.046+0000] {subprocess.py:93} INFO - 22:58:51  1 of 1 ERROR creating sql table model `silver`.`silver_merchants` .............. [ERROR in 0.07s]
[2025-10-31T22:58:51.057+0000] {subprocess.py:93} INFO - 22:58:51
[2025-10-31T22:58:51.058+0000] {subprocess.py:93} INFO - 22:58:51  Finished running 1 table model in 0 hours 0 minutes and 0.47 seconds (0.47s).
[2025-10-31T22:58:51.132+0000] {subprocess.py:93} INFO - 22:58:51
[2025-10-31T22:58:51.134+0000] {subprocess.py:93} INFO - 22:58:51  Completed with 1 error, 0 partial successes, and 0 warnings:
[2025-10-31T22:58:51.136+0000] {subprocess.py:93} INFO - 22:58:51
[2025-10-31T22:58:51.138+0000] {subprocess.py:93} INFO - 22:58:51  Failure in model silver_merchants (models/silver/silver_merchants.sql)
[2025-10-31T22:58:51.142+0000] {subprocess.py:93} INFO - 22:58:51    Compilation Error in model silver_merchants (models/silver/silver_merchants.sql)
[2025-10-31T22:58:51.144+0000] {subprocess.py:93} INFO -   macro 'dbt_macro__clickhouse__create_table_as' takes not more than 2 argument(s)
[2025-10-31T22:58:51.145+0000] {subprocess.py:93} INFO - 
[2025-10-31T22:58:51.146+0000] {subprocess.py:93} INFO -   > in macro create_table_as (macros/relations/table/create.sql)
[2025-10-31T22:58:51.147+0000] {subprocess.py:93} INFO -   > called by macro default__get_create_table_as_sql (macros/relations/table/create.sql)
[2025-10-31T22:58:51.147+0000] {subprocess.py:93} INFO -   > called by macro get_create_table_as_sql (macros/relations/table/create.sql)
[2025-10-31T22:58:51.148+0000] {subprocess.py:93} INFO -   > called by macro statement (macros/etc/statement.sql)
[2025-10-31T22:58:51.149+0000] {subprocess.py:93} INFO -   > called by macro materialization_table_clickhouse (macros/materializations/table.sql)
[2025-10-31T22:58:51.149+0000] {subprocess.py:93} INFO -   > called by model silver_merchants (models/silver/silver_merchants.sql)
[2025-10-31T22:58:51.150+0000] {subprocess.py:93} INFO - 22:58:51
[2025-10-31T22:58:51.150+0000] {subprocess.py:93} INFO - 22:58:51    compiled code at target/compiled/ck_project/models/silver/silver_merchants.sql
[2025-10-31T22:58:51.151+0000] {subprocess.py:93} INFO - 22:58:51
[2025-10-31T22:58:51.152+0000] {subprocess.py:93} INFO - 22:58:51  Done. PASS=0 WARN=0 ERROR=1 SKIP=0 NO-OP=0 TOTAL=1
[2025-10-31T22:58:52.236+0000] {subprocess.py:97} INFO - Command exited with return code 1
[2025-10-31T22:58:52.263+0000] {taskinstance.py:2698} ERROR - Task failed with exception
Traceback (most recent call last):
  File "/home/airflow/.local/lib/python3.8/site-packages/airflow/models/taskinstance.py", line 433, in _execute_task
    result = execute_callable(context=context, **execute_callable_kwargs)
  File "/home/airflow/.local/lib/python3.8/site-packages/airflow/operators/bash.py", line 212, in execute
    raise AirflowException(
airflow.exceptions.AirflowException: Bash command failed. The command returned a non-zero exit code 1.
[2025-10-31T22:58:52.270+0000] {taskinstance.py:1138} INFO - Marking task as UP_FOR_RETRY. dag_id=ingestion_pipeline, task_id=silver_dbt.dbt_run_merchants, execution_date=20251031T225839, start_date=20251031T225844, end_date=20251031T225852
[2025-10-31T22:58:52.301+0000] {standard_task_runner.py:107} ERROR - Failed to execute job 12 for task silver_dbt.dbt_run_merchants (Bash command failed. The command returned a non-zero exit code 1.; 387)
[2025-10-31T22:58:52.355+0000] {local_task_job_runner.py:234} INFO - Task exited with return code 1
[2025-10-31T22:58:52.394+0000] {taskinstance.py:3280} INFO - 0 downstream tasks scheduled from follow-on schedule check
