[2025-11-01T15:37:54.560+0000] {taskinstance.py:1956} INFO - Dependencies all met for dep_context=non-requeueable deps ti=<TaskInstance: silver_transformation_pipeline.dbt_run_payments manual__2025-11-01T15:32:46.018721+00:00 [queued]>
[2025-11-01T15:37:54.570+0000] {taskinstance.py:1956} INFO - Dependencies all met for dep_context=requeueable deps ti=<TaskInstance: silver_transformation_pipeline.dbt_run_payments manual__2025-11-01T15:32:46.018721+00:00 [queued]>
[2025-11-01T15:37:54.571+0000] {taskinstance.py:2170} INFO - Starting attempt 2 of 2
[2025-11-01T15:37:54.587+0000] {taskinstance.py:2191} INFO - Executing <Task(PythonOperator): dbt_run_payments> on 2025-11-01 15:32:46.018721+00:00
[2025-11-01T15:37:54.593+0000] {standard_task_runner.py:60} INFO - Started process 2843 to run task
[2025-11-01T15:37:54.598+0000] {standard_task_runner.py:87} INFO - Running: ['***', 'tasks', 'run', 'silver_transformation_pipeline', 'dbt_run_payments', 'manual__2025-11-01T15:32:46.018721+00:00', '--job-id', '67', '--raw', '--subdir', 'DAGS_FOLDER/silver_dag.py', '--cfg-path', '/tmp/tmpfpegvq92']
[2025-11-01T15:37:54.602+0000] {standard_task_runner.py:88} INFO - Job 67: Subtask dbt_run_payments
[2025-11-01T15:37:54.688+0000] {task_command.py:423} INFO - Running <TaskInstance: silver_transformation_pipeline.dbt_run_payments manual__2025-11-01T15:32:46.018721+00:00 [running]> on host 7f2b5a16b237
[2025-11-01T15:37:54.808+0000] {taskinstance.py:2480} INFO - Exporting env vars: AIRFLOW_CTX_DAG_OWNER='***' AIRFLOW_CTX_DAG_ID='silver_transformation_pipeline' AIRFLOW_CTX_TASK_ID='dbt_run_payments' AIRFLOW_CTX_EXECUTION_DATE='2025-11-01T15:32:46.018721+00:00' AIRFLOW_CTX_TRY_NUMBER='2' AIRFLOW_CTX_DAG_RUN_ID='manual__2025-11-01T15:32:46.018721+00:00'
[2025-11-01T15:38:00.109+0000] {taskinstance.py:2698} ERROR - Task failed with exception
Traceback (most recent call last):
  File "/home/airflow/.local/lib/python3.8/site-packages/airflow/models/taskinstance.py", line 433, in _execute_task
    result = execute_callable(context=context, **execute_callable_kwargs)
  File "/home/airflow/.local/lib/python3.8/site-packages/airflow/operators/python.py", line 199, in execute
    return_value = self.execute_callable()
  File "/home/airflow/.local/lib/python3.8/site-packages/airflow/operators/python.py", line 216, in execute_callable
    return self.python_callable(*self.op_args, **self.op_kwargs)
  File "/opt/airflow/dags/silver_dag.py", line 180, in <lambda>
    python_callable=lambda ds, **_: _run_dbt("silver_payments", ds=ds, full_refresh=False, pass_ds_lagged=True),
  File "/opt/airflow/dags/silver_dag.py", line 149, in _run_dbt
    raise RuntimeError(f"dbt failed ({proc.returncode}).\nSTDOUT:\n{proc.stdout}\n\nSTDERR:\n{proc.stderr}")
RuntimeError: dbt failed (1).
STDOUT:
15:37:57  Running with dbt=1.5.9
15:37:57  Registered adapter: clickhouse=1.5.2
15:37:58  Found 3 models, 0 tests, 0 snapshots, 0 analyses, 349 macros, 0 operations, 0 seed files, 3 sources, 0 exposures, 0 metrics, 0 groups
15:37:58  
15:37:58  Concurrency: 4 threads (target='dev')
15:37:58  
15:37:58  1 of 1 START sql incremental model silver.silver_payments ...................... [RUN]
15:37:59  1 of 1 ERROR creating sql incremental model silver.silver_payments ............. [ERROR in 0.39s]
15:37:59  
15:37:59  Finished running 1 incremental model in 0 hours 0 minutes and 0.97 seconds (0.97s).
15:37:59  
15:37:59  Completed with 1 error and 0 warnings:
15:37:59  
15:37:59  Database Error in model silver_payments (models/silver/silver_payments.sql)
15:37:59    Code: 47.
15:37:59    DB::Exception: Missing columns: 'link_id' while processing: 'link_id', required columns: 'link_id', available columns: 'updated_at.null' 'order_reference.null' 'merchant_id.null' 'created_at.null' 'payment_id.null' 'acquirer_id' 'created_at' 'details' 'details.null' 'reference' '_snapshot_date' 'state' 'payment_id' 'order_reference' 'acquirer_id.null' 'merchant_id' 'reference.null' 'updated_at' 'card_type'. Stack trace:
15:37:59    
15:37:59    0. DB::Exception::Exception(DB::Exception::MessageMasked&&, int, bool) @ 0x00000000137a855f
15:37:59    1. DB::Exception::Exception(String&&, int, String, bool) @ 0x000000000cae7e8e
15:37:59    2. DB::Exception::Exception(PreformattedMessage&&, int) @ 0x000000000cae7940
15:37:59    3. DB::TreeRewriterResult::collectUsedColumns(std::shared_ptr<DB::IAST> const&, bool, bool) @ 0x00000000186dceb0
15:37:59    4. DB::TreeRewriter::analyze(std::shared_ptr<DB::IAST>&, DB::NamesAndTypesList const&, std::shared_ptr<DB::IStorage const>, std::shared_ptr<DB::StorageSnapshot> const&, bool, bool, bool, bool) const @ 0x00000000186e7c97
15:37:59    5. DB::KeyDescription::getSortingKeyFromAST(std::shared_ptr<DB::IAST> const&, DB::ColumnsDescription const&, std::shared_ptr<DB::Context const>, std::optional<String> const&) @ 0x0000000018dd3bc1
15:37:59    6. DB::create(DB::StorageFactory::Arguments const&) @ 0x0000000019a5f818
15:37:59    7. DB::StorageFactory::get(DB::ASTCreateQuery const&, String const&, std::shared_ptr<DB::Context>, std::shared_ptr<DB::Context>, DB::ColumnsDescription const&, DB::ConstraintsDescription const&, DB::LoadingStrictnessLevel, bool) const @ 0x0000000018e40d7b
15:37:59    8. DB::InterpreterCreateQuery::doCreateTable(DB::ASTCreateQuery&, DB::InterpreterCreateQuery::TableProperties const&, std::unique_ptr<DB::DDLGuard, std::default_delete<DB::DDLGuard>>&, DB::LoadingStrictnessLevel) @ 0x00000000182fb075
15:37:59    9. DB::InterpreterCreateQuery::createTable(DB::ASTCreateQuery&) @ 0x00000000182ef810
15:37:59    10. DB::InterpreterCreateQuery::execute() @ 0x0000000018303978
15:37:59    11. DB::executeQueryImpl(char const*, char const*, std::shared_ptr<DB::Context>, DB::QueryFlags, DB::QueryProcessingStage::Enum, std::unique_ptr<DB::ReadBuffer, std::default_delete<DB::ReadBuffer>>&, std::shared_ptr<DB::IAST>&, std::shared_ptr<DB::ImplicitTransactionControlExecutor>) @ 0x0000000018780440
15:37:59    12. DB::executeQuery(String const&, std::shared_ptr<DB::Context>, DB::QueryFlags, DB::QueryProcessingStage::Enum) @ 0x00000000187786cb
15:37:59    13. DB::TCPHandler::runImpl() @ 0x0000000019e2d3db
15:37:59    14. DB::TCPHandler::run() @ 0x0000000019e4f119
15:37:59    15. Poco::Net::TCPServerConnection::start() @ 0x000000001ef4ed07
15:37:59    16. Poco::Net::TCPServerDispatcher::run() @ 0x000000001ef4f199
15:37:59    17. Poco::PooledThread::run() @ 0x000000001ef15b87
15:37:59    18. Poco::ThreadImpl::runnableEntry(void*) @ 0x000000001ef13f81
15:37:59    19. ? @ 0x0000000000094ac3
15:37:59    20. ? @ 0x0000000000125a74
15:37:59  
15:37:59  Done. PASS=0 WARN=0 ERROR=1 SKIP=0 TOTAL=1


STDERR:

[2025-11-01T15:38:00.128+0000] {taskinstance.py:1138} INFO - Marking task as FAILED. dag_id=silver_transformation_pipeline, task_id=dbt_run_payments, execution_date=20251101T153246, start_date=20251101T153754, end_date=20251101T153800
[2025-11-01T15:38:00.145+0000] {standard_task_runner.py:107} ERROR - Failed to execute job 67 for task dbt_run_payments (dbt failed (1).
STDOUT:
15:37:57  Running with dbt=1.5.9
15:37:57  Registered adapter: clickhouse=1.5.2
15:37:58  Found 3 models, 0 tests, 0 snapshots, 0 analyses, 349 macros, 0 operations, 0 seed files, 3 sources, 0 exposures, 0 metrics, 0 groups
15:37:58  
15:37:58  Concurrency: 4 threads (target='dev')
15:37:58  
15:37:58  1 of 1 START sql incremental model silver.silver_payments ...................... [RUN]
15:37:59  1 of 1 ERROR creating sql incremental model silver.silver_payments ............. [ERROR in 0.39s]
15:37:59  
15:37:59  Finished running 1 incremental model in 0 hours 0 minutes and 0.97 seconds (0.97s).
15:37:59  
15:37:59  Completed with 1 error and 0 warnings:
15:37:59  
15:37:59  Database Error in model silver_payments (models/silver/silver_payments.sql)
15:37:59    Code: 47.
15:37:59    DB::Exception: Missing columns: 'link_id' while processing: 'link_id', required columns: 'link_id', available columns: 'updated_at.null' 'order_reference.null' 'merchant_id.null' 'created_at.null' 'payment_id.null' 'acquirer_id' 'created_at' 'details' 'details.null' 'reference' '_snapshot_date' 'state' 'payment_id' 'order_reference' 'acquirer_id.null' 'merchant_id' 'reference.null' 'updated_at' 'card_type'. Stack trace:
15:37:59    
15:37:59    0. DB::Exception::Exception(DB::Exception::MessageMasked&&, int, bool) @ 0x00000000137a855f
15:37:59    1. DB::Exception::Exception(String&&, int, String, bool) @ 0x000000000cae7e8e
15:37:59    2. DB::Exception::Exception(PreformattedMessage&&, int) @ 0x000000000cae7940
15:37:59    3. DB::TreeRewriterResult::collectUsedColumns(std::shared_ptr<DB::IAST> const&, bool, bool) @ 0x00000000186dceb0
15:37:59    4. DB::TreeRewriter::analyze(std::shared_ptr<DB::IAST>&, DB::NamesAndTypesList const&, std::shared_ptr<DB::IStorage const>, std::shared_ptr<DB::StorageSnapshot> const&, bool, bool, bool, bool) const @ 0x00000000186e7c97
15:37:59    5. DB::KeyDescription::getSortingKeyFromAST(std::shared_ptr<DB::IAST> const&, DB::ColumnsDescription const&, std::shared_ptr<DB::Context const>, std::optional<String> const&) @ 0x0000000018dd3bc1
15:37:59    6. DB::create(DB::StorageFactory::Arguments const&) @ 0x0000000019a5f818
15:37:59    7. DB::StorageFactory::get(DB::ASTCreateQuery const&, String const&, std::shared_ptr<DB::Context>, std::shared_ptr<DB::Context>, DB::ColumnsDescription const&, DB::ConstraintsDescription const&, DB::LoadingStrictnessLevel, bool) const @ 0x0000000018e40d7b
15:37:59    8. DB::InterpreterCreateQuery::doCreateTable(DB::ASTCreateQuery&, DB::InterpreterCreateQuery::TableProperties const&, std::unique_ptr<DB::DDLGuard, std::default_delete<DB::DDLGuard>>&, DB::LoadingStrictnessLevel) @ 0x00000000182fb075
15:37:59    9. DB::InterpreterCreateQuery::createTable(DB::ASTCreateQuery&) @ 0x00000000182ef810
15:37:59    10. DB::InterpreterCreateQuery::execute() @ 0x0000000018303978
15:37:59    11. DB::executeQueryImpl(char const*, char const*, std::shared_ptr<DB::Context>, DB::QueryFlags, DB::QueryProcessingStage::Enum, std::unique_ptr<DB::ReadBuffer, std::default_delete<DB::ReadBuffer>>&, std::shared_ptr<DB::IAST>&, std::shared_ptr<DB::ImplicitTransactionControlExecutor>) @ 0x0000000018780440
15:37:59    12. DB::executeQuery(String const&, std::shared_ptr<DB::Context>, DB::QueryFlags, DB::QueryProcessingStage::Enum) @ 0x00000000187786cb
15:37:59    13. DB::TCPHandler::runImpl() @ 0x0000000019e2d3db
15:37:59    14. DB::TCPHandler::run() @ 0x0000000019e4f119
15:37:59    15. Poco::Net::TCPServerConnection::start() @ 0x000000001ef4ed07
15:37:59    16. Poco::Net::TCPServerDispatcher::run() @ 0x000000001ef4f199
15:37:59    17. Poco::PooledThread::run() @ 0x000000001ef15b87
15:37:59    18. Poco::ThreadImpl::runnableEntry(void*) @ 0x000000001ef13f81
15:37:59    19. ? @ 0x0000000000094ac3
15:37:59    20. ? @ 0x0000000000125a74
15:37:59  
15:37:59  Done. PASS=0 WARN=0 ERROR=1 SKIP=0 TOTAL=1


STDERR:
; 2843)
[2025-11-01T15:38:00.175+0000] {local_task_job_runner.py:234} INFO - Task exited with return code 1
[2025-11-01T15:38:00.191+0000] {taskinstance.py:3280} INFO - 0 downstream tasks scheduled from follow-on schedule check
