[2025-11-01T11:41:28.694+0000] {taskinstance.py:1956} INFO - Dependencies all met for dep_context=non-requeueable deps ti=<TaskInstance: silver_transformation_pipeline.dbt_run_merchants manual__2025-11-01T11:41:21.867125+00:00 [queued]>
[2025-11-01T11:41:28.710+0000] {taskinstance.py:1956} INFO - Dependencies all met for dep_context=requeueable deps ti=<TaskInstance: silver_transformation_pipeline.dbt_run_merchants manual__2025-11-01T11:41:21.867125+00:00 [queued]>
[2025-11-01T11:41:28.711+0000] {taskinstance.py:2170} INFO - Starting attempt 1 of 2
[2025-11-01T11:41:28.739+0000] {taskinstance.py:2191} INFO - Executing <Task(BashOperator): dbt_run_merchants> on 2025-11-01 11:41:21.867125+00:00
[2025-11-01T11:41:28.746+0000] {standard_task_runner.py:60} INFO - Started process 685 to run task
[2025-11-01T11:41:28.754+0000] {standard_task_runner.py:87} INFO - Running: ['***', 'tasks', 'run', 'silver_transformation_pipeline', 'dbt_run_merchants', 'manual__2025-11-01T11:41:21.867125+00:00', '--job-id', '34', '--raw', '--subdir', 'DAGS_FOLDER/silver_dag.py', '--cfg-path', '/tmp/tmp5vmotjy6']
[2025-11-01T11:41:28.758+0000] {standard_task_runner.py:88} INFO - Job 34: Subtask dbt_run_merchants
[2025-11-01T11:41:28.913+0000] {task_command.py:423} INFO - Running <TaskInstance: silver_transformation_pipeline.dbt_run_merchants manual__2025-11-01T11:41:21.867125+00:00 [running]> on host 6ac9b46937d1
[2025-11-01T11:41:29.132+0000] {taskinstance.py:2480} INFO - Exporting env vars: AIRFLOW_CTX_DAG_OWNER='***' AIRFLOW_CTX_DAG_ID='silver_transformation_pipeline' AIRFLOW_CTX_TASK_ID='dbt_run_merchants' AIRFLOW_CTX_EXECUTION_DATE='2025-11-01T11:41:21.867125+00:00' AIRFLOW_CTX_TRY_NUMBER='1' AIRFLOW_CTX_DAG_RUN_ID='manual__2025-11-01T11:41:21.867125+00:00'
[2025-11-01T11:41:29.136+0000] {subprocess.py:63} INFO - Tmp dir root location: /tmp
[2025-11-01T11:41:29.139+0000] {subprocess.py:75} INFO - Running command: ['/usr/bin/bash', '-c', "docker exec -i dbt bash -lc 'cd /dbt && dbt --no-use-colors run --profiles-dir /dbt --select silver_merchants --full-refresh'"]
[2025-11-01T11:41:29.182+0000] {subprocess.py:86} INFO - Output:
[2025-11-01T11:41:32.694+0000] {subprocess.py:93} INFO - 11:41:32  Running with dbt=1.10.13
[2025-11-01T11:41:33.246+0000] {subprocess.py:93} INFO - 11:41:33  Registered adapter: clickhouse=1.9.5
[2025-11-01T11:41:34.114+0000] {subprocess.py:93} INFO - 11:41:34  Found 3 models, 3 sources, 491 macros
[2025-11-01T11:41:34.121+0000] {subprocess.py:93} INFO - 11:41:34
[2025-11-01T11:41:34.124+0000] {subprocess.py:93} INFO - 11:41:34  Concurrency: 4 threads (target='dev')
[2025-11-01T11:41:34.127+0000] {subprocess.py:93} INFO - 11:41:34
[2025-11-01T11:41:34.686+0000] {subprocess.py:93} INFO - 11:41:34  1 of 1 START sql table model `silver`.`silver_merchants` ....................... [RUN]
[2025-11-01T11:41:34.927+0000] {subprocess.py:93} INFO - 11:41:34  1 of 1 ERROR creating sql table model `silver`.`silver_merchants` .............. [ERROR in 0.24s]
[2025-11-01T11:41:34.947+0000] {subprocess.py:93} INFO - 11:41:34
[2025-11-01T11:41:34.950+0000] {subprocess.py:93} INFO - 11:41:34  Finished running 1 table model in 0 hours 0 minutes and 0.82 seconds (0.82s).
[2025-11-01T11:41:35.058+0000] {subprocess.py:93} INFO - 11:41:35
[2025-11-01T11:41:35.060+0000] {subprocess.py:93} INFO - 11:41:35  Completed with 1 error, 0 partial successes, and 0 warnings:
[2025-11-01T11:41:35.062+0000] {subprocess.py:93} INFO - 11:41:35
[2025-11-01T11:41:35.064+0000] {subprocess.py:93} INFO - 11:41:35  Failure in model silver_merchants (models/silver/silver_merchants.sql)
[2025-11-01T11:41:35.070+0000] {subprocess.py:93} INFO - 11:41:35    Compilation Error in model silver_merchants (models/silver/silver_merchants.sql)
[2025-11-01T11:41:35.071+0000] {subprocess.py:93} INFO -   macro 'dbt_macro__clickhouse__create_table_as' takes not more than 2 argument(s)
[2025-11-01T11:41:35.072+0000] {subprocess.py:93} INFO - 
[2025-11-01T11:41:35.073+0000] {subprocess.py:93} INFO -   > in macro create_table_as (macros/relations/table/create.sql)
[2025-11-01T11:41:35.074+0000] {subprocess.py:93} INFO -   > called by macro default__get_create_table_as_sql (macros/relations/table/create.sql)
[2025-11-01T11:41:35.077+0000] {subprocess.py:93} INFO -   > called by macro get_create_table_as_sql (macros/relations/table/create.sql)
[2025-11-01T11:41:35.078+0000] {subprocess.py:93} INFO -   > called by macro statement (macros/etc/statement.sql)
[2025-11-01T11:41:35.079+0000] {subprocess.py:93} INFO -   > called by macro materialization_table_clickhouse (macros/materializations/table.sql)
[2025-11-01T11:41:35.080+0000] {subprocess.py:93} INFO -   > called by model silver_merchants (models/silver/silver_merchants.sql)
[2025-11-01T11:41:35.082+0000] {subprocess.py:93} INFO - 11:41:35
[2025-11-01T11:41:35.087+0000] {subprocess.py:93} INFO - 11:41:35    compiled code at target/compiled/ck_project/models/silver/silver_merchants.sql
[2025-11-01T11:41:35.088+0000] {subprocess.py:93} INFO - 11:41:35
[2025-11-01T11:41:35.091+0000] {subprocess.py:93} INFO - 11:41:35  Done. PASS=0 WARN=0 ERROR=1 SKIP=0 NO-OP=0 TOTAL=1
[2025-11-01T11:41:36.251+0000] {subprocess.py:97} INFO - Command exited with return code 1
[2025-11-01T11:41:36.278+0000] {taskinstance.py:2698} ERROR - Task failed with exception
Traceback (most recent call last):
  File "/home/airflow/.local/lib/python3.8/site-packages/airflow/models/taskinstance.py", line 433, in _execute_task
    result = execute_callable(context=context, **execute_callable_kwargs)
  File "/home/airflow/.local/lib/python3.8/site-packages/airflow/operators/bash.py", line 212, in execute
    raise AirflowException(
airflow.exceptions.AirflowException: Bash command failed. The command returned a non-zero exit code 1.
[2025-11-01T11:41:36.287+0000] {taskinstance.py:1138} INFO - Marking task as UP_FOR_RETRY. dag_id=silver_transformation_pipeline, task_id=dbt_run_merchants, execution_date=20251101T114121, start_date=20251101T114128, end_date=20251101T114136
[2025-11-01T11:41:36.320+0000] {standard_task_runner.py:107} ERROR - Failed to execute job 34 for task dbt_run_merchants (Bash command failed. The command returned a non-zero exit code 1.; 685)
[2025-11-01T11:41:36.367+0000] {local_task_job_runner.py:234} INFO - Task exited with return code 1
[2025-11-01T11:41:36.498+0000] {taskinstance.py:3280} INFO - 0 downstream tasks scheduled from follow-on schedule check
