[2025-11-01T11:46:37.357+0000] {taskinstance.py:1956} INFO - Dependencies all met for dep_context=non-requeueable deps ti=<TaskInstance: silver_transformation_pipeline.dbt_run_merchants manual__2025-11-01T11:41:21.867125+00:00 [queued]>
[2025-11-01T11:46:37.369+0000] {taskinstance.py:1956} INFO - Dependencies all met for dep_context=requeueable deps ti=<TaskInstance: silver_transformation_pipeline.dbt_run_merchants manual__2025-11-01T11:41:21.867125+00:00 [queued]>
[2025-11-01T11:46:37.371+0000] {taskinstance.py:2170} INFO - Starting attempt 2 of 2
[2025-11-01T11:46:37.389+0000] {taskinstance.py:2191} INFO - Executing <Task(BashOperator): dbt_run_merchants> on 2025-11-01 11:41:21.867125+00:00
[2025-11-01T11:46:37.398+0000] {standard_task_runner.py:60} INFO - Started process 1187 to run task
[2025-11-01T11:46:37.403+0000] {standard_task_runner.py:87} INFO - Running: ['***', 'tasks', 'run', 'silver_transformation_pipeline', 'dbt_run_merchants', 'manual__2025-11-01T11:41:21.867125+00:00', '--job-id', '49', '--raw', '--subdir', 'DAGS_FOLDER/silver_dag.py', '--cfg-path', '/tmp/tmpiyxupl7m']
[2025-11-01T11:46:37.407+0000] {standard_task_runner.py:88} INFO - Job 49: Subtask dbt_run_merchants
[2025-11-01T11:46:37.497+0000] {task_command.py:423} INFO - Running <TaskInstance: silver_transformation_pipeline.dbt_run_merchants manual__2025-11-01T11:41:21.867125+00:00 [running]> on host 6ac9b46937d1
[2025-11-01T11:46:37.608+0000] {taskinstance.py:2480} INFO - Exporting env vars: AIRFLOW_CTX_DAG_OWNER='***' AIRFLOW_CTX_DAG_ID='silver_transformation_pipeline' AIRFLOW_CTX_TASK_ID='dbt_run_merchants' AIRFLOW_CTX_EXECUTION_DATE='2025-11-01T11:41:21.867125+00:00' AIRFLOW_CTX_TRY_NUMBER='2' AIRFLOW_CTX_DAG_RUN_ID='manual__2025-11-01T11:41:21.867125+00:00'
[2025-11-01T11:46:37.610+0000] {subprocess.py:63} INFO - Tmp dir root location: /tmp
[2025-11-01T11:46:37.611+0000] {subprocess.py:75} INFO - Running command: ['/usr/bin/bash', '-c', "docker exec -i dbt bash -lc 'cd /dbt && dbt --no-use-colors run --profiles-dir /dbt --select silver_merchants --full-refresh'"]
[2025-11-01T11:46:37.628+0000] {subprocess.py:86} INFO - Output:
[2025-11-01T11:46:39.629+0000] {subprocess.py:93} INFO - 11:46:39  Running with dbt=1.10.13
[2025-11-01T11:46:40.103+0000] {subprocess.py:93} INFO - 11:46:40  Registered adapter: clickhouse=1.9.5
[2025-11-01T11:46:40.533+0000] {subprocess.py:93} INFO - 11:46:40  Unable to do partial parsing because config vars, config profile, or config target have changed
[2025-11-01T11:46:43.382+0000] {subprocess.py:93} INFO - 11:46:43  Found 3 models, 3 sources, 491 macros
[2025-11-01T11:46:43.390+0000] {subprocess.py:93} INFO - 11:46:43
[2025-11-01T11:46:43.395+0000] {subprocess.py:93} INFO - 11:46:43  Concurrency: 4 threads (target='dev')
[2025-11-01T11:46:43.402+0000] {subprocess.py:93} INFO - 11:46:43
[2025-11-01T11:46:43.946+0000] {subprocess.py:93} INFO - 11:46:43  1 of 1 START sql table model `silver`.`silver_merchants` ....................... [RUN]
[2025-11-01T11:46:44.061+0000] {subprocess.py:93} INFO - 11:46:44  1 of 1 ERROR creating sql table model `silver`.`silver_merchants` .............. [ERROR in 0.10s]
[2025-11-01T11:46:44.089+0000] {subprocess.py:93} INFO - 11:46:44
[2025-11-01T11:46:44.090+0000] {subprocess.py:93} INFO - 11:46:44  Finished running 1 table model in 0 hours 0 minutes and 0.69 seconds (0.69s).
[2025-11-01T11:46:44.362+0000] {subprocess.py:93} INFO - 11:46:44
[2025-11-01T11:46:44.363+0000] {subprocess.py:93} INFO - 11:46:44  Completed with 1 error, 0 partial successes, and 0 warnings:
[2025-11-01T11:46:44.366+0000] {subprocess.py:93} INFO - 11:46:44
[2025-11-01T11:46:44.377+0000] {subprocess.py:93} INFO - 11:46:44  Failure in model silver_merchants (models/silver/silver_merchants.sql)
[2025-11-01T11:46:44.378+0000] {subprocess.py:93} INFO - 11:46:44    Compilation Error in model silver_merchants (models/silver/silver_merchants.sql)
[2025-11-01T11:46:44.379+0000] {subprocess.py:93} INFO -   macro 'dbt_macro__clickhouse__create_table_as' takes not more than 2 argument(s)
[2025-11-01T11:46:44.381+0000] {subprocess.py:93} INFO - 
[2025-11-01T11:46:44.382+0000] {subprocess.py:93} INFO -   > in macro create_table_as (macros/relations/table/create.sql)
[2025-11-01T11:46:44.383+0000] {subprocess.py:93} INFO -   > called by macro default__get_create_table_as_sql (macros/relations/table/create.sql)
[2025-11-01T11:46:44.385+0000] {subprocess.py:93} INFO -   > called by macro get_create_table_as_sql (macros/relations/table/create.sql)
[2025-11-01T11:46:44.386+0000] {subprocess.py:93} INFO -   > called by macro statement (macros/etc/statement.sql)
[2025-11-01T11:46:44.388+0000] {subprocess.py:93} INFO -   > called by macro materialization_table_clickhouse (macros/materializations/table.sql)
[2025-11-01T11:46:44.389+0000] {subprocess.py:93} INFO -   > called by model silver_merchants (models/silver/silver_merchants.sql)
[2025-11-01T11:46:44.390+0000] {subprocess.py:93} INFO - 11:46:44
[2025-11-01T11:46:44.391+0000] {subprocess.py:93} INFO - 11:46:44    compiled code at target/compiled/ck_project/models/silver/silver_merchants.sql
[2025-11-01T11:46:44.392+0000] {subprocess.py:93} INFO - 11:46:44
[2025-11-01T11:46:44.394+0000] {subprocess.py:93} INFO - 11:46:44  Done. PASS=0 WARN=0 ERROR=1 SKIP=0 NO-OP=0 TOTAL=1
[2025-11-01T11:46:45.627+0000] {subprocess.py:97} INFO - Command exited with return code 1
[2025-11-01T11:46:45.662+0000] {taskinstance.py:2698} ERROR - Task failed with exception
Traceback (most recent call last):
  File "/home/airflow/.local/lib/python3.8/site-packages/airflow/models/taskinstance.py", line 433, in _execute_task
    result = execute_callable(context=context, **execute_callable_kwargs)
  File "/home/airflow/.local/lib/python3.8/site-packages/airflow/operators/bash.py", line 212, in execute
    raise AirflowException(
airflow.exceptions.AirflowException: Bash command failed. The command returned a non-zero exit code 1.
[2025-11-01T11:46:45.668+0000] {taskinstance.py:1138} INFO - Marking task as FAILED. dag_id=silver_transformation_pipeline, task_id=dbt_run_merchants, execution_date=20251101T114121, start_date=20251101T114637, end_date=20251101T114645
[2025-11-01T11:46:45.715+0000] {standard_task_runner.py:107} ERROR - Failed to execute job 49 for task dbt_run_merchants (Bash command failed. The command returned a non-zero exit code 1.; 1187)
[2025-11-01T11:46:45.759+0000] {local_task_job_runner.py:234} INFO - Task exited with return code 1
[2025-11-01T11:46:45.802+0000] {taskinstance.py:3280} INFO - 0 downstream tasks scheduled from follow-on schedule check
