[2025-11-01T11:45:18.947+0000] {taskinstance.py:1956} INFO - Dependencies all met for dep_context=non-requeueable deps ti=<TaskInstance: ingestion_pipeline.silver_dbt.dbt_run_merchants manual__2025-11-01T11:45:14.831987+00:00 [queued]>
[2025-11-01T11:45:18.987+0000] {taskinstance.py:1956} INFO - Dependencies all met for dep_context=requeueable deps ti=<TaskInstance: ingestion_pipeline.silver_dbt.dbt_run_merchants manual__2025-11-01T11:45:14.831987+00:00 [queued]>
[2025-11-01T11:45:18.988+0000] {taskinstance.py:2170} INFO - Starting attempt 1 of 2
[2025-11-01T11:45:19.006+0000] {taskinstance.py:2191} INFO - Executing <Task(BashOperator): silver_dbt.dbt_run_merchants> on 2025-11-01 11:45:14.831987+00:00
[2025-11-01T11:45:19.010+0000] {standard_task_runner.py:60} INFO - Started process 1012 to run task
[2025-11-01T11:45:19.014+0000] {standard_task_runner.py:87} INFO - Running: ['***', 'tasks', 'run', 'ingestion_pipeline', 'silver_dbt.dbt_run_merchants', 'manual__2025-11-01T11:45:14.831987+00:00', '--job-id', '41', '--raw', '--subdir', 'DAGS_FOLDER/ingestion_dag.py', '--cfg-path', '/tmp/tmptu5i74_t']
[2025-11-01T11:45:19.017+0000] {standard_task_runner.py:88} INFO - Job 41: Subtask silver_dbt.dbt_run_merchants
[2025-11-01T11:45:19.089+0000] {task_command.py:423} INFO - Running <TaskInstance: ingestion_pipeline.silver_dbt.dbt_run_merchants manual__2025-11-01T11:45:14.831987+00:00 [running]> on host 6ac9b46937d1
[2025-11-01T11:45:19.182+0000] {taskinstance.py:2480} INFO - Exporting env vars: AIRFLOW_CTX_DAG_OWNER='***' AIRFLOW_CTX_DAG_ID='ingestion_pipeline' AIRFLOW_CTX_TASK_ID='silver_dbt.dbt_run_merchants' AIRFLOW_CTX_EXECUTION_DATE='2025-11-01T11:45:14.831987+00:00' AIRFLOW_CTX_TRY_NUMBER='1' AIRFLOW_CTX_DAG_RUN_ID='manual__2025-11-01T11:45:14.831987+00:00'
[2025-11-01T11:45:19.184+0000] {subprocess.py:63} INFO - Tmp dir root location: /tmp
[2025-11-01T11:45:19.186+0000] {subprocess.py:75} INFO - Running command: ['/usr/bin/bash', '-c', "docker exec -i dbt bash -lc 'cd /dbt && dbt --no-use-colors run --profiles-dir /dbt --select silver_merchants --full-refresh'"]
[2025-11-01T11:45:19.199+0000] {subprocess.py:86} INFO - Output:
[2025-11-01T11:45:21.063+0000] {subprocess.py:93} INFO - 11:45:21  Running with dbt=1.10.13
[2025-11-01T11:45:21.349+0000] {subprocess.py:93} INFO - 11:45:21  Registered adapter: clickhouse=1.9.5
[2025-11-01T11:45:21.524+0000] {subprocess.py:93} INFO - 11:45:21  Unable to do partial parsing because config vars, config profile, or config target have changed
[2025-11-01T11:45:22.941+0000] {subprocess.py:93} INFO - 11:45:22  Found 3 models, 3 sources, 491 macros
[2025-11-01T11:45:22.947+0000] {subprocess.py:93} INFO - 11:45:22
[2025-11-01T11:45:22.948+0000] {subprocess.py:93} INFO - 11:45:22  Concurrency: 4 threads (target='dev')
[2025-11-01T11:45:22.949+0000] {subprocess.py:93} INFO - 11:45:22
[2025-11-01T11:45:23.255+0000] {subprocess.py:93} INFO - 11:45:23  1 of 1 START sql table model `silver`.`silver_merchants` ....................... [RUN]
[2025-11-01T11:45:23.318+0000] {subprocess.py:93} INFO - 11:45:23  1 of 1 ERROR creating sql table model `silver`.`silver_merchants` .............. [ERROR in 0.06s]
[2025-11-01T11:45:23.326+0000] {subprocess.py:93} INFO - 11:45:23
[2025-11-01T11:45:23.327+0000] {subprocess.py:93} INFO - 11:45:23  Finished running 1 table model in 0 hours 0 minutes and 0.38 seconds (0.38s).
[2025-11-01T11:45:23.460+0000] {subprocess.py:93} INFO - 11:45:23
[2025-11-01T11:45:23.462+0000] {subprocess.py:93} INFO - 11:45:23  Completed with 1 error, 0 partial successes, and 0 warnings:
[2025-11-01T11:45:23.463+0000] {subprocess.py:93} INFO - 11:45:23
[2025-11-01T11:45:23.465+0000] {subprocess.py:93} INFO - 11:45:23  Failure in model silver_merchants (models/silver/silver_merchants.sql)
[2025-11-01T11:45:23.466+0000] {subprocess.py:93} INFO - 11:45:23    Compilation Error in model silver_merchants (models/silver/silver_merchants.sql)
[2025-11-01T11:45:23.467+0000] {subprocess.py:93} INFO -   macro 'dbt_macro__clickhouse__create_table_as' takes not more than 2 argument(s)
[2025-11-01T11:45:23.467+0000] {subprocess.py:93} INFO - 
[2025-11-01T11:45:23.468+0000] {subprocess.py:93} INFO -   > in macro create_table_as (macros/relations/table/create.sql)
[2025-11-01T11:45:23.469+0000] {subprocess.py:93} INFO -   > called by macro default__get_create_table_as_sql (macros/relations/table/create.sql)
[2025-11-01T11:45:23.469+0000] {subprocess.py:93} INFO -   > called by macro get_create_table_as_sql (macros/relations/table/create.sql)
[2025-11-01T11:45:23.469+0000] {subprocess.py:93} INFO -   > called by macro statement (macros/etc/statement.sql)
[2025-11-01T11:45:23.470+0000] {subprocess.py:93} INFO -   > called by macro materialization_table_clickhouse (macros/materializations/table.sql)
[2025-11-01T11:45:23.471+0000] {subprocess.py:93} INFO -   > called by model silver_merchants (models/silver/silver_merchants.sql)
[2025-11-01T11:45:23.471+0000] {subprocess.py:93} INFO - 11:45:23
[2025-11-01T11:45:23.472+0000] {subprocess.py:93} INFO - 11:45:23    compiled code at target/compiled/ck_project/models/silver/silver_merchants.sql
[2025-11-01T11:45:23.472+0000] {subprocess.py:93} INFO - 11:45:23
[2025-11-01T11:45:23.472+0000] {subprocess.py:93} INFO - 11:45:23  Done. PASS=0 WARN=0 ERROR=1 SKIP=0 NO-OP=0 TOTAL=1
[2025-11-01T11:45:24.416+0000] {subprocess.py:97} INFO - Command exited with return code 1
[2025-11-01T11:45:24.429+0000] {taskinstance.py:2698} ERROR - Task failed with exception
Traceback (most recent call last):
  File "/home/airflow/.local/lib/python3.8/site-packages/airflow/models/taskinstance.py", line 433, in _execute_task
    result = execute_callable(context=context, **execute_callable_kwargs)
  File "/home/airflow/.local/lib/python3.8/site-packages/airflow/operators/bash.py", line 212, in execute
    raise AirflowException(
airflow.exceptions.AirflowException: Bash command failed. The command returned a non-zero exit code 1.
[2025-11-01T11:45:24.434+0000] {taskinstance.py:1138} INFO - Marking task as UP_FOR_RETRY. dag_id=ingestion_pipeline, task_id=silver_dbt.dbt_run_merchants, execution_date=20251101T114514, start_date=20251101T114518, end_date=20251101T114524
[2025-11-01T11:45:24.450+0000] {standard_task_runner.py:107} ERROR - Failed to execute job 41 for task silver_dbt.dbt_run_merchants (Bash command failed. The command returned a non-zero exit code 1.; 1012)
[2025-11-01T11:45:24.468+0000] {local_task_job_runner.py:234} INFO - Task exited with return code 1
[2025-11-01T11:45:24.487+0000] {taskinstance.py:3280} INFO - 0 downstream tasks scheduled from follow-on schedule check
