[2025-10-31T22:47:08.499+0000] {taskinstance.py:1956} INFO - Dependencies all met for dep_context=non-requeueable deps ti=<TaskInstance: ingestion_pipeline.silver_dbt.dbt_run_incrementals manual__2025-10-31T22:46:59.945189+00:00 [queued]>
[2025-10-31T22:47:08.511+0000] {taskinstance.py:1956} INFO - Dependencies all met for dep_context=requeueable deps ti=<TaskInstance: ingestion_pipeline.silver_dbt.dbt_run_incrementals manual__2025-10-31T22:46:59.945189+00:00 [queued]>
[2025-10-31T22:47:08.512+0000] {taskinstance.py:2170} INFO - Starting attempt 1 of 2
[2025-10-31T22:47:08.531+0000] {taskinstance.py:2191} INFO - Executing <Task(BashOperator): silver_dbt.dbt_run_incrementals> on 2025-10-31 22:46:59.945189+00:00
[2025-10-31T22:47:08.544+0000] {standard_task_runner.py:60} INFO - Started process 422 to run task
[2025-10-31T22:47:08.549+0000] {standard_task_runner.py:87} INFO - Running: ['***', 'tasks', 'run', 'ingestion_pipeline', 'silver_dbt.dbt_run_incrementals', 'manual__2025-10-31T22:46:59.945189+00:00', '--job-id', '13', '--raw', '--subdir', 'DAGS_FOLDER/ingestion_dag.py', '--cfg-path', '/tmp/tmp_1h4heu_']
[2025-10-31T22:47:08.553+0000] {standard_task_runner.py:88} INFO - Job 13: Subtask silver_dbt.dbt_run_incrementals
[2025-10-31T22:47:08.702+0000] {task_command.py:423} INFO - Running <TaskInstance: ingestion_pipeline.silver_dbt.dbt_run_incrementals manual__2025-10-31T22:46:59.945189+00:00 [running]> on host d335ca5d7801
[2025-10-31T22:47:08.847+0000] {taskinstance.py:2480} INFO - Exporting env vars: AIRFLOW_CTX_DAG_OWNER='***' AIRFLOW_CTX_DAG_ID='ingestion_pipeline' AIRFLOW_CTX_TASK_ID='silver_dbt.dbt_run_incrementals' AIRFLOW_CTX_EXECUTION_DATE='2025-10-31T22:46:59.945189+00:00' AIRFLOW_CTX_TRY_NUMBER='1' AIRFLOW_CTX_DAG_RUN_ID='manual__2025-10-31T22:46:59.945189+00:00'
[2025-10-31T22:47:08.850+0000] {subprocess.py:63} INFO - Tmp dir root location: /tmp
[2025-10-31T22:47:08.854+0000] {subprocess.py:75} INFO - Running command: ['/usr/bin/bash', '-c', 'docker exec -i dbt bash -lc \'\nset -e\ncd /dbt\nDBT_VARS=$(python - <<"PY"\nfrom datetime import datetime, timedelta\nimport json\nds = "2025-10-31"\nlag_days = 0\nlagged = (datetime.strptime(ds, "%Y-%m-%d") - timedelta(days=lag_days)).strftime("%Y-%m-%d")\nprint(json.dumps({"ds_lagged": lagged}))\nPY\n)\necho "dbt vars => ${DBT_VARS}"\ndbt --no-use-colors run --profiles-dir /dbt --select silver_payments silver_link_transactions --vars "${DBT_VARS}"\n\'']
[2025-10-31T22:47:08.873+0000] {subprocess.py:86} INFO - Output:
[2025-10-31T22:47:09.117+0000] {subprocess.py:93} INFO - dbt vars => {"ds_lagged": "2025-10-31"}
[2025-10-31T22:47:11.344+0000] {subprocess.py:93} INFO - 22:47:11  Running with dbt=1.10.13
[2025-10-31T22:47:11.615+0000] {subprocess.py:93} INFO - 22:47:11  Registered adapter: clickhouse=1.9.5
[2025-10-31T22:47:11.802+0000] {subprocess.py:93} INFO - 22:47:11  Unable to do partial parsing because config vars, config profile, or config target have changed
[2025-10-31T22:47:13.479+0000] {subprocess.py:93} INFO - 22:47:13  Found 3 models, 3 sources, 488 macros
[2025-10-31T22:47:13.484+0000] {subprocess.py:93} INFO - 22:47:13
[2025-10-31T22:47:13.485+0000] {subprocess.py:93} INFO - 22:47:13  Concurrency: 4 threads (target='dev')
[2025-10-31T22:47:13.488+0000] {subprocess.py:93} INFO - 22:47:13
[2025-10-31T22:47:13.901+0000] {subprocess.py:93} INFO - 22:47:13  1 of 2 START sql incremental model `silver`.`silver_link_transactions` ......... [RUN]
[2025-10-31T22:47:13.902+0000] {subprocess.py:93} INFO - 22:47:13  2 of 2 START sql incremental model `silver`.`silver_payments` .................. [RUN]
[2025-10-31T22:47:14.250+0000] {subprocess.py:93} INFO - 22:47:14  2 of 2 ERROR creating sql incremental model `silver`.`silver_payments` ......... [ERROR in 0.34s]
[2025-10-31T22:47:14.297+0000] {subprocess.py:93} INFO - 22:47:14  1 of 2 OK created sql incremental model `silver`.`silver_link_transactions` .... [OK in 0.39s]
[2025-10-31T22:47:14.308+0000] {subprocess.py:93} INFO - 22:47:14
[2025-10-31T22:47:14.310+0000] {subprocess.py:93} INFO - 22:47:14  Finished running 2 incremental models in 0 hours 0 minutes and 0.82 seconds (0.82s).
[2025-10-31T22:47:14.507+0000] {subprocess.py:93} INFO - 22:47:14
[2025-10-31T22:47:14.509+0000] {subprocess.py:93} INFO - 22:47:14  Completed with 1 error, 0 partial successes, and 0 warnings:
[2025-10-31T22:47:14.511+0000] {subprocess.py:93} INFO - 22:47:14
[2025-10-31T22:47:14.513+0000] {subprocess.py:93} INFO - 22:47:14  Failure in model silver_payments (models/silver/silver_payments.sql)
[2025-10-31T22:47:14.516+0000] {subprocess.py:93} INFO - 22:47:14    Database Error in model silver_payments (models/silver/silver_payments.sql)
[2025-10-31T22:47:14.517+0000] {subprocess.py:93} INFO -   Code: 57.
[2025-10-31T22:47:14.518+0000] {subprocess.py:93} INFO -   DB::Exception: Table silver.silver_payments already exists. Stack trace:
[2025-10-31T22:47:14.519+0000] {subprocess.py:93} INFO - 
[2025-10-31T22:47:14.520+0000] {subprocess.py:93} INFO -   0. DB::Exception::Exception(DB::Exception::MessageMasked&&, int, bool) @ 0x00000000137a855f
[2025-10-31T22:47:14.520+0000] {subprocess.py:93} INFO -   1. DB::Exception::Exception(String&&, int, String, bool) @ 0x000000000cae7e8e
[2025-10-31T22:47:14.522+0000] {subprocess.py:93} INFO -   2. DB::Exception::Exception(PreformattedMessage&&, int) @ 0x000000000cae7940
[2025-10-31T22:47:14.522+0000] {subprocess.py:93} INFO -   3. DB::Exception::Exception<String, String>(int, FormatStringHelperImpl<std::type_identity<String>::type, std::type_identity<String>::type>, String&&, String&&) @ 0x000000000cae72ab
[2025-10-31T22:47:14.523+0000] {subprocess.py:93} INFO -   4. DB::InterpreterCreateQuery::doCreateTable(DB::ASTCreateQuery&, DB::InterpreterCreateQuery::TableProperties const&, std::unique_ptr<DB::DDLGuard, std::default_delete<DB::DDLGuard>>&, DB::LoadingStrictnessLevel) @ 0x00000000182fd9db
[2025-10-31T22:47:14.524+0000] {subprocess.py:93} INFO -   5. DB::InterpreterCreateQuery::createTable(DB::ASTCreateQuery&) @ 0x00000000182ef810
[2025-10-31T22:47:14.524+0000] {subprocess.py:93} INFO -   6. DB::InterpreterCreateQuery::execute() @ 0x0000000018303978
[2025-10-31T22:47:14.525+0000] {subprocess.py:93} INFO -   7. DB::executeQueryImpl(char const*, char const*, std::shared_ptr<DB::Context>, DB::QueryFlags, DB::QueryProcessingStage::Enum, std::unique_ptr<DB::ReadBuffer, std::default_delete<DB::ReadBuffer>>&, std::shared_ptr<DB::IAST>&, std::shared_ptr<DB::ImplicitTransactionControlExecutor>) @ 0x0000000018780440
[2025-10-31T22:47:14.526+0000] {subprocess.py:93} INFO -   8. DB::executeQuery(String const&, std::shared_ptr<DB::Context>, DB::QueryFlags, DB::QueryProcessingStage::Enum) @ 0x00000000187786cb
[2025-10-31T22:47:14.527+0000] {subprocess.py:93} INFO -   9. DB::TCPHandler::runImpl() @ 0x0000000019e2d3db
[2025-10-31T22:47:14.528+0000] {subprocess.py:93} INFO -   10. DB::TCPHandler::run() @ 0x0000000019e4f119
[2025-10-31T22:47:14.529+0000] {subprocess.py:93} INFO -   11. Poco::Net::TCPServerConnection::start() @ 0x000000001ef4ed07
[2025-10-31T22:47:14.530+0000] {subprocess.py:93} INFO -   12. Poco::Net::TCPServerDispatcher::run() @ 0x000000001ef4f199
[2025-10-31T22:47:14.531+0000] {subprocess.py:93} INFO -   13. Poco::PooledThread::run() @ 0x000000001ef15b87
[2025-10-31T22:47:14.532+0000] {subprocess.py:93} INFO -   14. Poco::ThreadImpl::runnableEntry(void*) @ 0x000000001ef13f81
[2025-10-31T22:47:14.533+0000] {subprocess.py:93} INFO -   15. ? @ 0x0000000000094ac3
[2025-10-31T22:47:14.534+0000] {subprocess.py:93} INFO -   16. ? @ 0x0000000000125a74
[2025-10-31T22:47:14.535+0000] {subprocess.py:93} INFO - 22:47:14
[2025-10-31T22:47:14.536+0000] {subprocess.py:93} INFO - 22:47:14    compiled code at target/compiled/ck_project/models/silver/silver_payments.sql
[2025-10-31T22:47:14.536+0000] {subprocess.py:93} INFO - 22:47:14
[2025-10-31T22:47:14.537+0000] {subprocess.py:93} INFO - 22:47:14  Done. PASS=1 WARN=0 ERROR=1 SKIP=0 NO-OP=0 TOTAL=2
[2025-10-31T22:47:15.752+0000] {subprocess.py:97} INFO - Command exited with return code 1
[2025-10-31T22:47:15.771+0000] {taskinstance.py:2698} ERROR - Task failed with exception
Traceback (most recent call last):
  File "/home/airflow/.local/lib/python3.8/site-packages/airflow/models/taskinstance.py", line 433, in _execute_task
    result = execute_callable(context=context, **execute_callable_kwargs)
  File "/home/airflow/.local/lib/python3.8/site-packages/airflow/operators/bash.py", line 212, in execute
    raise AirflowException(
airflow.exceptions.AirflowException: Bash command failed. The command returned a non-zero exit code 1.
[2025-10-31T22:47:15.775+0000] {taskinstance.py:1138} INFO - Marking task as UP_FOR_RETRY. dag_id=ingestion_pipeline, task_id=silver_dbt.dbt_run_incrementals, execution_date=20251031T224659, start_date=20251031T224708, end_date=20251031T224715
[2025-10-31T22:47:15.799+0000] {standard_task_runner.py:107} ERROR - Failed to execute job 13 for task silver_dbt.dbt_run_incrementals (Bash command failed. The command returned a non-zero exit code 1.; 422)
[2025-10-31T22:47:15.810+0000] {local_task_job_runner.py:234} INFO - Task exited with return code 1
[2025-10-31T22:47:15.837+0000] {taskinstance.py:3280} INFO - 0 downstream tasks scheduled from follow-on schedule check
