[2025-10-31T22:22:00.198+0000] {taskinstance.py:1956} INFO - Dependencies all met for dep_context=non-requeueable deps ti=<TaskInstance: ingestion_pipeline.silver_dbt.dbt_run_incrementals manual__2025-10-31T22:16:47.833970+00:00 [queued]>
[2025-10-31T22:22:00.209+0000] {taskinstance.py:1956} INFO - Dependencies all met for dep_context=requeueable deps ti=<TaskInstance: ingestion_pipeline.silver_dbt.dbt_run_incrementals manual__2025-10-31T22:16:47.833970+00:00 [queued]>
[2025-10-31T22:22:00.210+0000] {taskinstance.py:2170} INFO - Starting attempt 2 of 2
[2025-10-31T22:22:00.229+0000] {taskinstance.py:2191} INFO - Executing <Task(BashOperator): silver_dbt.dbt_run_incrementals> on 2025-10-31 22:16:47.833970+00:00
[2025-10-31T22:22:00.236+0000] {standard_task_runner.py:60} INFO - Started process 995 to run task
[2025-10-31T22:22:00.240+0000] {standard_task_runner.py:87} INFO - Running: ['***', 'tasks', 'run', 'ingestion_pipeline', 'silver_dbt.dbt_run_incrementals', 'manual__2025-10-31T22:16:47.833970+00:00', '--job-id', '26', '--raw', '--subdir', 'DAGS_FOLDER/ingestion_dag.py', '--cfg-path', '/tmp/tmpa6fr4axv']
[2025-10-31T22:22:00.245+0000] {standard_task_runner.py:88} INFO - Job 26: Subtask silver_dbt.dbt_run_incrementals
[2025-10-31T22:22:00.336+0000] {task_command.py:423} INFO - Running <TaskInstance: ingestion_pipeline.silver_dbt.dbt_run_incrementals manual__2025-10-31T22:16:47.833970+00:00 [running]> on host 68d81e27198f
[2025-10-31T22:22:00.441+0000] {taskinstance.py:2480} INFO - Exporting env vars: AIRFLOW_CTX_DAG_OWNER='***' AIRFLOW_CTX_DAG_ID='ingestion_pipeline' AIRFLOW_CTX_TASK_ID='silver_dbt.dbt_run_incrementals' AIRFLOW_CTX_EXECUTION_DATE='2025-10-31T22:16:47.833970+00:00' AIRFLOW_CTX_TRY_NUMBER='2' AIRFLOW_CTX_DAG_RUN_ID='manual__2025-10-31T22:16:47.833970+00:00'
[2025-10-31T22:22:00.442+0000] {subprocess.py:63} INFO - Tmp dir root location: /tmp
[2025-10-31T22:22:00.444+0000] {subprocess.py:75} INFO - Running command: ['/usr/bin/bash', '-c', 'docker exec -i dbt bash -lc \'\nset -e\ncd /dbt\nDBT_VARS=$(python - <<"PY"\nfrom datetime import datetime, timedelta\nimport json\nds = "2025-10-31"\nlag_days = 0\nlagged = (datetime.strptime(ds, "%Y-%m-%d") - timedelta(days=lag_days)).strftime("%Y-%m-%d")\nprint(json.dumps({"ds_lagged": lagged}))\nPY\n)\necho "dbt vars => ${DBT_VARS}"\ndbt --no-use-colors run --profiles-dir /dbt --select silver_payments silver_link_transactions --vars "${DBT_VARS}"\n\'']
[2025-10-31T22:22:00.454+0000] {subprocess.py:86} INFO - Output:
[2025-10-31T22:22:00.600+0000] {subprocess.py:93} INFO - dbt vars => {"ds_lagged": "2025-10-31"}
[2025-10-31T22:22:02.124+0000] {subprocess.py:93} INFO - 22:22:02  Running with dbt=1.10.13
[2025-10-31T22:22:02.408+0000] {subprocess.py:93} INFO - 22:22:02  Registered adapter: clickhouse=1.9.5
[2025-10-31T22:22:02.554+0000] {subprocess.py:93} INFO - 22:22:02  Unable to do partial parsing because config vars, config profile, or config target have changed
[2025-10-31T22:22:04.048+0000] {subprocess.py:93} INFO - 22:22:04  Found 3 models, 3 sources, 488 macros
[2025-10-31T22:22:04.051+0000] {subprocess.py:93} INFO - 22:22:04
[2025-10-31T22:22:04.052+0000] {subprocess.py:93} INFO - 22:22:04  Concurrency: 4 threads (target='dev')
[2025-10-31T22:22:04.054+0000] {subprocess.py:93} INFO - 22:22:04
[2025-10-31T22:22:04.272+0000] {subprocess.py:93} INFO - 22:22:04  1 of 2 START sql incremental model `silver`.`silver_link_transactions` ......... [RUN]
[2025-10-31T22:22:04.273+0000] {subprocess.py:93} INFO - 22:22:04  2 of 2 START sql incremental model `silver`.`silver_payments` .................. [RUN]
[2025-10-31T22:22:04.519+0000] {subprocess.py:93} INFO - 22:22:04  2 of 2 ERROR creating sql incremental model `silver`.`silver_payments` ......... [ERROR in 0.24s]
[2025-10-31T22:22:04.615+0000] {subprocess.py:93} INFO - 22:22:04  1 of 2 OK created sql incremental model `silver`.`silver_link_transactions` .... [OK in 0.34s]
[2025-10-31T22:22:04.623+0000] {subprocess.py:93} INFO - 22:22:04
[2025-10-31T22:22:04.624+0000] {subprocess.py:93} INFO - 22:22:04  Finished running 2 incremental models in 0 hours 0 minutes and 0.57 seconds (0.57s).
[2025-10-31T22:22:04.775+0000] {subprocess.py:93} INFO - 22:22:04
[2025-10-31T22:22:04.777+0000] {subprocess.py:93} INFO - 22:22:04  Completed with 1 error, 0 partial successes, and 0 warnings:
[2025-10-31T22:22:04.779+0000] {subprocess.py:93} INFO - 22:22:04
[2025-10-31T22:22:04.781+0000] {subprocess.py:93} INFO - 22:22:04  Failure in model silver_payments (models/silver/silver_payments.sql)
[2025-10-31T22:22:04.783+0000] {subprocess.py:93} INFO - 22:22:04    Database Error in model silver_payments (models/silver/silver_payments.sql)
[2025-10-31T22:22:04.783+0000] {subprocess.py:93} INFO -   Code: 60.
[2025-10-31T22:22:04.784+0000] {subprocess.py:93} INFO -   DB::Exception: Unknown table expression identifier 'bronze.payments' in scope  raw. Stack trace:
[2025-10-31T22:22:04.785+0000] {subprocess.py:93} INFO - 
[2025-10-31T22:22:04.786+0000] {subprocess.py:93} INFO -   0. DB::Exception::Exception(DB::Exception::MessageMasked&&, int, bool) @ 0x00000000137a855f
[2025-10-31T22:22:04.786+0000] {subprocess.py:93} INFO -   1. DB::Exception::Exception(String&&, int, String, bool) @ 0x000000000cae7e8e
[2025-10-31T22:22:04.787+0000] {subprocess.py:93} INFO -   2. DB::Exception::Exception(PreformattedMessage&&, int) @ 0x000000000cae7940
[2025-10-31T22:22:04.787+0000] {subprocess.py:93} INFO -   3. DB::Exception::Exception<String const&, String>(int, FormatStringHelperImpl<std::type_identity<String const&>::type, std::type_identity<String>::type>, String const&, String&&) @ 0x000000000db773ab
[2025-10-31T22:22:04.788+0000] {subprocess.py:93} INFO -   4. DB::QueryAnalyzer::resolveQuery(std::shared_ptr<DB::IQueryTreeNode> const&, DB::IdentifierResolveScope&) @ 0x0000000017830745
[2025-10-31T22:22:04.788+0000] {subprocess.py:93} INFO -   5. DB::QueryAnalyzer::resolveExpressionNode(std::shared_ptr<DB::IQueryTreeNode>&, DB::IdentifierResolveScope&, bool, bool, bool) @ 0x0000000017837221
[2025-10-31T22:22:04.788+0000] {subprocess.py:93} INFO -   6. DB::QueryAnalyzer::resolveQueryJoinTreeNode(std::shared_ptr<DB::IQueryTreeNode>&, DB::IdentifierResolveScope&, DB::QueryExpressionsAliasVisitor&) @ 0x000000001785ae58
[2025-10-31T22:22:04.789+0000] {subprocess.py:93} INFO -   7. DB::QueryAnalyzer::resolveQuery(std::shared_ptr<DB::IQueryTreeNode> const&, DB::IdentifierResolveScope&) @ 0x000000001782d021
[2025-10-31T22:22:04.789+0000] {subprocess.py:93} INFO -   8. DB::QueryAnalyzer::resolveExpressionNode(std::shared_ptr<DB::IQueryTreeNode>&, DB::IdentifierResolveScope&, bool, bool, bool) @ 0x0000000017837221
[2025-10-31T22:22:04.790+0000] {subprocess.py:93} INFO -   9. DB::QueryAnalyzer::resolveQueryJoinTreeNode(std::shared_ptr<DB::IQueryTreeNode>&, DB::IdentifierResolveScope&, DB::QueryExpressionsAliasVisitor&) @ 0x000000001785ae58
[2025-10-31T22:22:04.790+0000] {subprocess.py:93} INFO -   10. DB::QueryAnalyzer::resolveQuery(std::shared_ptr<DB::IQueryTreeNode> const&, DB::IdentifierResolveScope&) @ 0x000000001782d021
[2025-10-31T22:22:04.791+0000] {subprocess.py:93} INFO -   11. DB::QueryAnalyzer::resolve(std::shared_ptr<DB::IQueryTreeNode>&, std::shared_ptr<DB::IQueryTreeNode> const&, std::shared_ptr<DB::Context const>) @ 0x000000001782a87a
[2025-10-31T22:22:04.791+0000] {subprocess.py:93} INFO -   12. DB::QueryAnalysisPass::run(std::shared_ptr<DB::IQueryTreeNode>&, std::shared_ptr<DB::Context const>) @ 0x0000000017829edc
[2025-10-31T22:22:04.792+0000] {subprocess.py:93} INFO -   13. DB::QueryTreePassManager::run(std::shared_ptr<DB::IQueryTreeNode>) @ 0x000000001787d276
[2025-10-31T22:22:04.792+0000] {subprocess.py:93} INFO -   14. DB::buildQueryTreeAndRunPasses(std::shared_ptr<DB::IAST> const&, DB::SelectQueryOptions const&, std::shared_ptr<DB::Context const> const&, std::shared_ptr<DB::IStorage> const&) (.llvm.8096503222789336007) @ 0x00000000183bd40d
[2025-10-31T22:22:04.793+0000] {subprocess.py:93} INFO -   15. DB::InterpreterSelectQueryAnalyzer::InterpreterSelectQueryAnalyzer(std::shared_ptr<DB::IAST> const&, std::shared_ptr<DB::Context const> const&, DB::SelectQueryOptions const&, std::vector<String, std::allocator<String>> const&) @ 0x00000000183bb32a
[2025-10-31T22:22:04.793+0000] {subprocess.py:93} INFO -   16. DB::InterpreterSelectQueryAnalyzer::getSampleBlock(std::shared_ptr<DB::IAST> const&, std::shared_ptr<DB::Context const> const&, DB::SelectQueryOptions const&) @ 0x00000000183bd86a
[2025-10-31T22:22:04.794+0000] {subprocess.py:93} INFO -   17. DB::InterpreterCreateQuery::getTablePropertiesAndNormalizeCreateQuery(DB::ASTCreateQuery&, DB::LoadingStrictnessLevel) const @ 0x00000000182e49d3
[2025-10-31T22:22:04.794+0000] {subprocess.py:93} INFO -   18. DB::InterpreterCreateQuery::createTable(DB::ASTCreateQuery&) @ 0x00000000182ed2c5
[2025-10-31T22:22:04.795+0000] {subprocess.py:93} INFO -   19. DB::InterpreterCreateQuery::execute() @ 0x0000000018303978
[2025-10-31T22:22:04.795+0000] {subprocess.py:93} INFO -   20. DB::executeQueryImpl(char const*, char const*, std::shared_ptr<DB::Context>, DB::QueryFlags, DB::QueryProcessingStage::Enum, std::unique_ptr<DB::ReadBuffer, std::default_delete<DB::ReadBuffer>>&, std::shared_ptr<DB::IAST>&, std::shared_ptr<DB::ImplicitTransactionControlExecutor>) @ 0x0000000018780440
[2025-10-31T22:22:04.796+0000] {subprocess.py:93} INFO -   21. DB::executeQuery(String const&, std::shared_ptr<DB::Context>, DB::QueryFlags, DB::QueryProcessingStage::Enum) @ 0x00000000187786cb
[2025-10-31T22:22:04.797+0000] {subprocess.py:93} INFO -   22. DB::TCPHandler::runImpl() @ 0x0000000019e2d3db
[2025-10-31T22:22:04.797+0000] {subprocess.py:93} INFO -   23. DB::TCPHandler::run() @ 0x0000000019e4f119
[2025-10-31T22:22:04.798+0000] {subprocess.py:93} INFO -   24. Poco::Net::TCPServerConnection::start() @ 0x000000001ef4ed07
[2025-10-31T22:22:04.799+0000] {subprocess.py:93} INFO -   25. Poco::Net::TCPServerDispatcher::run() @ 0x000000001ef4f199
[2025-10-31T22:22:04.799+0000] {subprocess.py:93} INFO -   26. Poco::PooledThread::run() @ 0x000000001ef15b87
[2025-10-31T22:22:04.800+0000] {subprocess.py:93} INFO -   27. Poco::ThreadImpl::runnableEntry(void*) @ 0x000000001ef13f81
[2025-10-31T22:22:04.801+0000] {subprocess.py:93} INFO -   28. ? @ 0x0000000000094ac3
[2025-10-31T22:22:04.801+0000] {subprocess.py:93} INFO -   29. ? @ 0x0000000000125a74
[2025-10-31T22:22:04.802+0000] {subprocess.py:93} INFO - 22:22:04
[2025-10-31T22:22:04.802+0000] {subprocess.py:93} INFO - 22:22:04    compiled code at target/compiled/ck_project/models/silver/silver_payments.sql
[2025-10-31T22:22:04.802+0000] {subprocess.py:93} INFO - 22:22:04
[2025-10-31T22:22:04.803+0000] {subprocess.py:93} INFO - 22:22:04  Done. PASS=1 WARN=0 ERROR=1 SKIP=0 NO-OP=0 TOTAL=2
[2025-10-31T22:22:05.589+0000] {subprocess.py:97} INFO - Command exited with return code 1
[2025-10-31T22:22:05.601+0000] {taskinstance.py:2698} ERROR - Task failed with exception
Traceback (most recent call last):
  File "/home/airflow/.local/lib/python3.8/site-packages/airflow/models/taskinstance.py", line 433, in _execute_task
    result = execute_callable(context=context, **execute_callable_kwargs)
  File "/home/airflow/.local/lib/python3.8/site-packages/airflow/operators/bash.py", line 212, in execute
    raise AirflowException(
airflow.exceptions.AirflowException: Bash command failed. The command returned a non-zero exit code 1.
[2025-10-31T22:22:05.605+0000] {taskinstance.py:1138} INFO - Marking task as FAILED. dag_id=ingestion_pipeline, task_id=silver_dbt.dbt_run_incrementals, execution_date=20251031T221647, start_date=20251031T222200, end_date=20251031T222205
[2025-10-31T22:22:05.626+0000] {standard_task_runner.py:107} ERROR - Failed to execute job 26 for task silver_dbt.dbt_run_incrementals (Bash command failed. The command returned a non-zero exit code 1.; 995)
[2025-10-31T22:22:05.654+0000] {local_task_job_runner.py:234} INFO - Task exited with return code 1
[2025-10-31T22:22:05.672+0000] {taskinstance.py:3280} INFO - 0 downstream tasks scheduled from follow-on schedule check
