[2025-10-31T23:17:33.373+0000] {taskinstance.py:1956} INFO - Dependencies all met for dep_context=non-requeueable deps ti=<TaskInstance: ingestion_pipeline.silver_dbt.dbt_run_incrementals manual__2025-10-31T23:12:23.731239+00:00 [queued]>
[2025-10-31T23:17:33.383+0000] {taskinstance.py:1956} INFO - Dependencies all met for dep_context=requeueable deps ti=<TaskInstance: ingestion_pipeline.silver_dbt.dbt_run_incrementals manual__2025-10-31T23:12:23.731239+00:00 [queued]>
[2025-10-31T23:17:33.383+0000] {taskinstance.py:2170} INFO - Starting attempt 2 of 2
[2025-10-31T23:17:33.398+0000] {taskinstance.py:2191} INFO - Executing <Task(BashOperator): silver_dbt.dbt_run_incrementals> on 2025-10-31 23:12:23.731239+00:00
[2025-10-31T23:17:33.404+0000] {standard_task_runner.py:60} INFO - Started process 1861 to run task
[2025-10-31T23:17:33.407+0000] {standard_task_runner.py:87} INFO - Running: ['***', 'tasks', 'run', 'ingestion_pipeline', 'silver_dbt.dbt_run_incrementals', 'manual__2025-10-31T23:12:23.731239+00:00', '--job-id', '36', '--raw', '--subdir', 'DAGS_FOLDER/ingestion_dag.py', '--cfg-path', '/tmp/tmp47vuxrk2']
[2025-10-31T23:17:33.409+0000] {standard_task_runner.py:88} INFO - Job 36: Subtask silver_dbt.dbt_run_incrementals
[2025-10-31T23:17:33.484+0000] {task_command.py:423} INFO - Running <TaskInstance: ingestion_pipeline.silver_dbt.dbt_run_incrementals manual__2025-10-31T23:12:23.731239+00:00 [running]> on host ad620feb6bee
[2025-10-31T23:17:33.576+0000] {taskinstance.py:2480} INFO - Exporting env vars: AIRFLOW_CTX_DAG_OWNER='***' AIRFLOW_CTX_DAG_ID='ingestion_pipeline' AIRFLOW_CTX_TASK_ID='silver_dbt.dbt_run_incrementals' AIRFLOW_CTX_EXECUTION_DATE='2025-10-31T23:12:23.731239+00:00' AIRFLOW_CTX_TRY_NUMBER='2' AIRFLOW_CTX_DAG_RUN_ID='manual__2025-10-31T23:12:23.731239+00:00'
[2025-10-31T23:17:33.577+0000] {subprocess.py:63} INFO - Tmp dir root location: /tmp
[2025-10-31T23:17:33.579+0000] {subprocess.py:75} INFO - Running command: ['/usr/bin/bash', '-c', 'docker exec -i dbt bash -lc \'\nset -e\ncd /dbt\nDBT_VARS=$(python - <<"PY"\nfrom datetime import datetime, timedelta\nimport json\nds = "2025-10-31"\nlag_days = 0\nlagged = (datetime.strptime(ds, "%Y-%m-%d") - timedelta(days=lag_days)).strftime("%Y-%m-%d")\nprint(json.dumps({"ds_lagged": lagged}))\nPY\n)\necho "dbt vars => ${DBT_VARS}"\ndbt --no-use-colors run --profiles-dir /dbt --select silver_payments silver_link_transactions --vars "${DBT_VARS}"\n\'']
[2025-10-31T23:17:33.588+0000] {subprocess.py:86} INFO - Output:
[2025-10-31T23:17:33.744+0000] {subprocess.py:93} INFO - dbt vars => {"ds_lagged": "2025-10-31"}
[2025-10-31T23:17:35.417+0000] {subprocess.py:93} INFO - 23:17:35  Running with dbt=1.10.13
[2025-10-31T23:17:35.684+0000] {subprocess.py:93} INFO - 23:17:35  Registered adapter: clickhouse=1.9.5
[2025-10-31T23:17:35.874+0000] {subprocess.py:93} INFO - 23:17:35  Unable to do partial parsing because config vars, config profile, or config target have changed
[2025-10-31T23:17:37.559+0000] {subprocess.py:93} INFO - 23:17:37  Found 3 models, 3 sources, 491 macros
[2025-10-31T23:17:37.565+0000] {subprocess.py:93} INFO - 23:17:37
[2025-10-31T23:17:37.566+0000] {subprocess.py:93} INFO - 23:17:37  Concurrency: 4 threads (target='dev')
[2025-10-31T23:17:37.568+0000] {subprocess.py:93} INFO - 23:17:37
[2025-10-31T23:17:37.840+0000] {subprocess.py:93} INFO - 23:17:37  1 of 2 START sql incremental model `silver`.`silver_link_transactions` ......... [RUN]
[2025-10-31T23:17:37.841+0000] {subprocess.py:93} INFO - 23:17:37  2 of 2 START sql incremental model `silver`.`silver_payments` .................. [RUN]
[2025-10-31T23:17:38.104+0000] {subprocess.py:93} INFO - 23:17:38  1 of 2 ERROR creating sql incremental model `silver`.`silver_link_transactions`  [ERROR in 0.25s]
[2025-10-31T23:17:38.106+0000] {subprocess.py:93} INFO - 23:17:38  2 of 2 ERROR creating sql incremental model `silver`.`silver_payments` ......... [ERROR in 0.26s]
[2025-10-31T23:17:38.129+0000] {subprocess.py:93} INFO - 23:17:38
[2025-10-31T23:17:38.131+0000] {subprocess.py:93} INFO - 23:17:38  Finished running 2 incremental models in 0 hours 0 minutes and 0.56 seconds (0.56s).
[2025-10-31T23:17:38.201+0000] {subprocess.py:93} INFO - 23:17:38
[2025-10-31T23:17:38.204+0000] {subprocess.py:93} INFO - 23:17:38  Completed with 2 errors, 0 partial successes, and 0 warnings:
[2025-10-31T23:17:38.205+0000] {subprocess.py:93} INFO - 23:17:38
[2025-10-31T23:17:38.207+0000] {subprocess.py:93} INFO - 23:17:38  Failure in model silver_link_transactions (models/silver/silver_link_transactions.sql)
[2025-10-31T23:17:38.209+0000] {subprocess.py:93} INFO - 23:17:38    Compilation Error in model silver_link_transactions (models/silver/silver_link_transactions.sql)
[2025-10-31T23:17:38.211+0000] {subprocess.py:93} INFO -   macro 'dbt_macro__clickhouse__create_table_as' takes not more than 2 argument(s)
[2025-10-31T23:17:38.212+0000] {subprocess.py:93} INFO - 
[2025-10-31T23:17:38.212+0000] {subprocess.py:93} INFO -   > in macro create_table_as (macros/relations/table/create.sql)
[2025-10-31T23:17:38.213+0000] {subprocess.py:93} INFO -   > called by macro default__get_create_table_as_sql (macros/relations/table/create.sql)
[2025-10-31T23:17:38.213+0000] {subprocess.py:93} INFO -   > called by macro get_create_table_as_sql (macros/relations/table/create.sql)
[2025-10-31T23:17:38.214+0000] {subprocess.py:93} INFO -   > called by macro statement (macros/etc/statement.sql)
[2025-10-31T23:17:38.214+0000] {subprocess.py:93} INFO -   > called by macro materialization_incremental_clickhouse (macros/materializations/incremental/incremental.sql)
[2025-10-31T23:17:38.215+0000] {subprocess.py:93} INFO -   > called by model silver_link_transactions (models/silver/silver_link_transactions.sql)
[2025-10-31T23:17:38.215+0000] {subprocess.py:93} INFO - 23:17:38
[2025-10-31T23:17:38.216+0000] {subprocess.py:93} INFO - 23:17:38    compiled code at target/compiled/ck_project/models/silver/silver_link_transactions.sql
[2025-10-31T23:17:38.216+0000] {subprocess.py:93} INFO - 23:17:38
[2025-10-31T23:17:38.217+0000] {subprocess.py:93} INFO - 23:17:38  Failure in model silver_payments (models/silver/silver_payments.sql)
[2025-10-31T23:17:38.218+0000] {subprocess.py:93} INFO - 23:17:38    Compilation Error in model silver_payments (models/silver/silver_payments.sql)
[2025-10-31T23:17:38.219+0000] {subprocess.py:93} INFO -   macro 'dbt_macro__clickhouse__create_table_as' takes not more than 2 argument(s)
[2025-10-31T23:17:38.220+0000] {subprocess.py:93} INFO - 
[2025-10-31T23:17:38.221+0000] {subprocess.py:93} INFO -   > in macro create_table_as (macros/relations/table/create.sql)
[2025-10-31T23:17:38.222+0000] {subprocess.py:93} INFO -   > called by macro default__get_create_table_as_sql (macros/relations/table/create.sql)
[2025-10-31T23:17:38.223+0000] {subprocess.py:93} INFO -   > called by macro get_create_table_as_sql (macros/relations/table/create.sql)
[2025-10-31T23:17:38.223+0000] {subprocess.py:93} INFO -   > called by macro statement (macros/etc/statement.sql)
[2025-10-31T23:17:38.224+0000] {subprocess.py:93} INFO -   > called by macro materialization_incremental_clickhouse (macros/materializations/incremental/incremental.sql)
[2025-10-31T23:17:38.225+0000] {subprocess.py:93} INFO -   > called by model silver_payments (models/silver/silver_payments.sql)
[2025-10-31T23:17:38.225+0000] {subprocess.py:93} INFO - 23:17:38
[2025-10-31T23:17:38.226+0000] {subprocess.py:93} INFO - 23:17:38    compiled code at target/compiled/ck_project/models/silver/silver_payments.sql
[2025-10-31T23:17:38.227+0000] {subprocess.py:93} INFO - 23:17:38
[2025-10-31T23:17:38.227+0000] {subprocess.py:93} INFO - 23:17:38  Done. PASS=0 WARN=0 ERROR=2 SKIP=0 NO-OP=0 TOTAL=2
[2025-10-31T23:17:39.030+0000] {subprocess.py:97} INFO - Command exited with return code 1
[2025-10-31T23:17:39.044+0000] {taskinstance.py:2698} ERROR - Task failed with exception
Traceback (most recent call last):
  File "/home/airflow/.local/lib/python3.8/site-packages/airflow/models/taskinstance.py", line 433, in _execute_task
    result = execute_callable(context=context, **execute_callable_kwargs)
  File "/home/airflow/.local/lib/python3.8/site-packages/airflow/operators/bash.py", line 212, in execute
    raise AirflowException(
airflow.exceptions.AirflowException: Bash command failed. The command returned a non-zero exit code 1.
[2025-10-31T23:17:39.047+0000] {taskinstance.py:1138} INFO - Marking task as FAILED. dag_id=ingestion_pipeline, task_id=silver_dbt.dbt_run_incrementals, execution_date=20251031T231223, start_date=20251031T231733, end_date=20251031T231739
[2025-10-31T23:17:39.070+0000] {standard_task_runner.py:107} ERROR - Failed to execute job 36 for task silver_dbt.dbt_run_incrementals (Bash command failed. The command returned a non-zero exit code 1.; 1861)
[2025-10-31T23:17:39.077+0000] {local_task_job_runner.py:234} INFO - Task exited with return code 1
[2025-10-31T23:17:39.095+0000] {taskinstance.py:3280} INFO - 0 downstream tasks scheduled from follow-on schedule check
