[2025-11-01T17:14:00.664+0000] {taskinstance.py:1956} INFO - Dependencies all met for dep_context=non-requeueable deps ti=<TaskInstance: silver_transformation_pipeline.dbt_run_merchants manual__2025-11-01T17:08:51.796634+00:00 [queued]>
[2025-11-01T17:14:00.678+0000] {taskinstance.py:1956} INFO - Dependencies all met for dep_context=requeueable deps ti=<TaskInstance: silver_transformation_pipeline.dbt_run_merchants manual__2025-11-01T17:08:51.796634+00:00 [queued]>
[2025-11-01T17:14:00.679+0000] {taskinstance.py:2170} INFO - Starting attempt 2 of 2
[2025-11-01T17:14:00.694+0000] {taskinstance.py:2191} INFO - Executing <Task(PythonOperator): dbt_run_merchants> on 2025-11-01 17:08:51.796634+00:00
[2025-11-01T17:14:00.701+0000] {standard_task_runner.py:60} INFO - Started process 1666 to run task
[2025-11-01T17:14:00.707+0000] {standard_task_runner.py:87} INFO - Running: ['***', 'tasks', 'run', 'silver_transformation_pipeline', 'dbt_run_merchants', 'manual__2025-11-01T17:08:51.796634+00:00', '--job-id', '44', '--raw', '--subdir', 'DAGS_FOLDER/silver_dag.py', '--cfg-path', '/tmp/tmpn8w8ojs1']
[2025-11-01T17:14:00.712+0000] {standard_task_runner.py:88} INFO - Job 44: Subtask dbt_run_merchants
[2025-11-01T17:14:00.839+0000] {task_command.py:423} INFO - Running <TaskInstance: silver_transformation_pipeline.dbt_run_merchants manual__2025-11-01T17:08:51.796634+00:00 [running]> on host 69cecc54c654
[2025-11-01T17:14:01.004+0000] {taskinstance.py:2480} INFO - Exporting env vars: AIRFLOW_CTX_DAG_OWNER='***' AIRFLOW_CTX_DAG_ID='silver_transformation_pipeline' AIRFLOW_CTX_TASK_ID='dbt_run_merchants' AIRFLOW_CTX_EXECUTION_DATE='2025-11-01T17:08:51.796634+00:00' AIRFLOW_CTX_TRY_NUMBER='2' AIRFLOW_CTX_DAG_RUN_ID='manual__2025-11-01T17:08:51.796634+00:00'
[2025-11-01T17:14:06.135+0000] {taskinstance.py:2698} ERROR - Task failed with exception
Traceback (most recent call last):
  File "/home/airflow/.local/lib/python3.8/site-packages/airflow/models/taskinstance.py", line 433, in _execute_task
    result = execute_callable(context=context, **execute_callable_kwargs)
  File "/home/airflow/.local/lib/python3.8/site-packages/airflow/operators/python.py", line 199, in execute
    return_value = self.execute_callable()
  File "/home/airflow/.local/lib/python3.8/site-packages/airflow/operators/python.py", line 216, in execute_callable
    return self.python_callable(*self.op_args, **self.op_kwargs)
  File "/opt/airflow/dags/silver_dag.py", line 184, in <lambda>
    python_callable=lambda ds, **_: _run_dbt("silver_merchants", ds=ds, full_refresh=True, pass_ds_lagged=False),
  File "/opt/airflow/dags/silver_dag.py", line 149, in _run_dbt
    raise RuntimeError(f"dbt failed ({proc.returncode}).\nSTDOUT:\n{proc.stdout}\n\nSTDERR:\n{proc.stderr}")
RuntimeError: dbt failed (2).
STDOUT:
17:14:04  Running with dbt=1.5.9
17:14:04  Registered adapter: clickhouse=1.5.2
17:14:04  Unable to do partial parsing because config vars, config profile, or config target have changed
17:14:05  Encountered an error:
Compilation Error in model silver_link_transactions (models/silver/silver_link_transactions.sql)
  unexpected char '#' at 416
    line 16
      tags = ['silver','linktx'],               # labels only; any strings are fine


STDERR:

[2025-11-01T17:14:06.159+0000] {taskinstance.py:1138} INFO - Marking task as FAILED. dag_id=silver_transformation_pipeline, task_id=dbt_run_merchants, execution_date=20251101T170851, start_date=20251101T171400, end_date=20251101T171406
[2025-11-01T17:14:06.177+0000] {standard_task_runner.py:107} ERROR - Failed to execute job 44 for task dbt_run_merchants (dbt failed (2).
STDOUT:
17:14:04  Running with dbt=1.5.9
17:14:04  Registered adapter: clickhouse=1.5.2
17:14:04  Unable to do partial parsing because config vars, config profile, or config target have changed
17:14:05  Encountered an error:
Compilation Error in model silver_link_transactions (models/silver/silver_link_transactions.sql)
  unexpected char '#' at 416
    line 16
      tags = ['silver','linktx'],               # labels only; any strings are fine


STDERR:
; 1666)
[2025-11-01T17:14:06.208+0000] {local_task_job_runner.py:234} INFO - Task exited with return code 1
[2025-11-01T17:14:06.227+0000] {taskinstance.py:3280} INFO - 0 downstream tasks scheduled from follow-on schedule check
